<?xml version="1.0" encoding="UTF-8"?>
<coverage generated="1753624510225" clover="3.2.0">
  <project timestamp="1753624510225" name="All files">
    <metrics statements="2148" coveredstatements="898" conditionals="1165" coveredconditionals="405" methods="262" coveredmethods="112" elements="3575" coveredelements="1415" complexity="0" loc="2148" ncloc="2148" packages="10" files="37" classes="37"/>
    <package name="server">
      <metrics statements="0" coveredstatements="0" conditionals="0" coveredconditionals="0" methods="0" coveredmethods="0"/>
      <file name="eslint.config.js" path="/Users/aryan/HomeIQ/server/eslint.config.js">
        <metrics statements="0" coveredstatements="0" conditionals="0" coveredconditionals="0" methods="0" coveredmethods="0"/>
      </file>
    </package>
    <package name="server.config">
      <metrics statements="109" coveredstatements="20" conditionals="61" coveredconditionals="14" methods="22" coveredmethods="4"/>
      <file name="redis.js" path="/Users/aryan/HomeIQ/server/config/redis.js">
        <metrics statements="93" coveredstatements="14" conditionals="41" coveredconditionals="6" methods="19" coveredmethods="4"/>
        <line num="7" count="4" type="stmt"/>
        <line num="8" count="4" type="stmt"/>
        <line num="12" count="0" type="stmt"/>
        <line num="14" count="0" type="stmt"/>
        <line num="19" count="0" type="cond" truecount="0" falsecount="2"/>
        <line num="20" count="0" type="stmt"/>
        <line num="21" count="0" type="stmt"/>
        <line num="24" count="0" type="stmt"/>
        <line num="25" count="0" type="stmt"/>
        <line num="26" count="0" type="stmt"/>
        <line num="31" count="0" type="stmt"/>
        <line num="34" count="0" type="stmt"/>
        <line num="35" count="0" type="stmt"/>
        <line num="38" count="0" type="stmt"/>
        <line num="39" count="0" type="stmt"/>
        <line num="40" count="0" type="stmt"/>
        <line num="43" count="0" type="stmt"/>
        <line num="44" count="0" type="stmt"/>
        <line num="45" count="0" type="stmt"/>
        <line num="48" count="0" type="stmt"/>
        <line num="49" count="0" type="stmt"/>
        <line num="50" count="0" type="stmt"/>
        <line num="53" count="0" type="stmt"/>
        <line num="54" count="0" type="stmt"/>
        <line num="58" count="0" type="stmt"/>
        <line num="61" count="0" type="stmt"/>
        <line num="62" count="0" type="stmt"/>
        <line num="64" count="0" type="stmt"/>
        <line num="65" count="0" type="stmt"/>
        <line num="68" count="0" type="stmt"/>
        <line num="73" count="0" type="stmt"/>
        <line num="74" count="0" type="cond" truecount="0" falsecount="4"/>
        <line num="75" count="0" type="stmt"/>
        <line num="76" count="0" type="stmt"/>
        <line num="79" count="0" type="stmt"/>
        <line num="85" count="5" type="stmt"/>
        <line num="86" count="5" type="cond" truecount="2" falsecount="2"/>
        <line num="87" count="5" type="stmt"/>
        <line num="89" count="0" type="stmt"/>
        <line num="91" count="0" type="stmt"/>
        <line num="92" count="0" type="stmt"/>
        <line num="97" count="3" type="stmt"/>
        <line num="98" count="3" type="cond" truecount="2" falsecount="2"/>
        <line num="99" count="3" type="stmt"/>
        <line num="101" count="0" type="stmt"/>
        <line num="102" count="0" type="stmt"/>
        <line num="104" count="0" type="stmt"/>
        <line num="105" count="0" type="stmt"/>
        <line num="110" count="252" type="stmt"/>
        <line num="111" count="252" type="cond" truecount="2" falsecount="2"/>
        <line num="112" count="252" type="stmt"/>
        <line num="114" count="0" type="stmt"/>
        <line num="115" count="0" type="stmt"/>
        <line num="117" count="0" type="stmt"/>
        <line num="118" count="0" type="stmt"/>
        <line num="123" count="0" type="stmt"/>
        <line num="124" count="0" type="cond" truecount="0" falsecount="4"/>
        <line num="125" count="0" type="stmt"/>
        <line num="128" count="0" type="stmt"/>
        <line num="129" count="0" type="cond" truecount="0" falsecount="2"/>
        <line num="130" count="0" type="stmt"/>
        <line num="131" count="0" type="stmt"/>
        <line num="133" count="0" type="stmt"/>
        <line num="135" count="0" type="stmt"/>
        <line num="136" count="0" type="stmt"/>
        <line num="141" count="0" type="stmt"/>
        <line num="142" count="0" type="cond" truecount="0" falsecount="4"/>
        <line num="143" count="0" type="stmt"/>
        <line num="145" count="0" type="stmt"/>
        <line num="147" count="0" type="stmt"/>
        <line num="148" count="0" type="stmt"/>
        <line num="153" count="0" type="stmt"/>
        <line num="154" count="0" type="cond" truecount="0" falsecount="4"/>
        <line num="155" count="0" type="stmt"/>
        <line num="157" count="0" type="stmt"/>
        <line num="159" count="0" type="stmt"/>
        <line num="160" count="0" type="stmt"/>
        <line num="166" count="0" type="cond" truecount="0" falsecount="2"/>
        <line num="171" count="0" type="stmt"/>
        <line num="172" count="0" type="cond" truecount="0" falsecount="4"/>
        <line num="173" count="0" type="stmt"/>
        <line num="176" count="0" type="stmt"/>
        <line num="177" count="0" type="stmt"/>
        <line num="178" count="0" type="stmt"/>
        <line num="180" count="0" type="stmt"/>
        <line num="186" count="0" type="stmt"/>
        <line num="195" count="4" type="stmt"/>
        <line num="198" count="4" type="stmt"/>
        <line num="199" count="0" type="stmt"/>
        <line num="200" count="0" type="stmt"/>
        <line num="203" count="4" type="stmt"/>
        <line num="204" count="0" type="stmt"/>
        <line num="205" count="0" type="stmt"/>
      </file>
      <file name="s3.js" path="/Users/aryan/HomeIQ/server/config/s3.js">
        <metrics statements="16" coveredstatements="6" conditionals="20" coveredconditionals="8" methods="3" coveredmethods="0"/>
        <line num="10" count="4" type="stmt"/>
        <line num="13" count="4" type="stmt"/>
        <line num="27" count="4" type="stmt"/>
        <line num="30" count="4" type="stmt"/>
        <line num="31" count="0" type="cond" truecount="0" falsecount="2"/>
        <line num="32" count="0" type="stmt"/>
        <line num="34" count="0" type="stmt"/>
        <line num="39" count="4" type="stmt"/>
        <line num="44" count="0" type="stmt"/>
        <line num="45" count="0" type="cond" truecount="0" falsecount="2"/>
        <line num="46" count="0" type="cond" truecount="0" falsecount="2"/>
        <line num="47" count="0" type="stmt"/>
        <line num="48" count="0" type="stmt"/>
        <line num="49" count="0" type="stmt"/>
        <line num="53" count="0" type="stmt"/>
        <line num="69" count="4" type="stmt"/>
      </file>
    </package>
    <package name="server.controllers">
      <metrics statements="936" coveredstatements="441" conditionals="590" coveredconditionals="223" methods="86" coveredmethods="47"/>
      <file name="authController.js" path="/Users/aryan/HomeIQ/server/controllers/authController.js">
        <metrics statements="142" coveredstatements="61" conditionals="61" coveredconditionals="24" methods="15" coveredmethods="7"/>
        <line num="12" count="4" type="stmt"/>
        <line num="13" count="108" type="stmt"/>
        <line num="17" count="4" type="cond" truecount="2" falsecount="0"/>
        <line num="18" count="4" type="cond" truecount="2" falsecount="0"/>
        <line num="21" count="4" type="stmt"/>
        <line num="29" count="0" type="stmt"/>
        <line num="30" count="0" type="stmt"/>
        <line num="34" count="0" type="cond" truecount="0" falsecount="2"/>
        <line num="35" count="0" type="stmt"/>
        <line num="37" count="0" type="stmt"/>
        <line num="38" count="0" type="stmt"/>
        <line num="39" count="0" type="stmt"/>
        <line num="44" count="110" type="cond" truecount="2" falsecount="2"/>
        <line num="45" count="0" type="stmt"/>
        <line num="46" count="0" type="stmt"/>
        <line num="48" count="110" type="stmt"/>
        <line num="53" count="1" type="cond" truecount="2" falsecount="0"/>
        <line num="54" count="1" type="cond" truecount="1" falsecount="1"/>
        <line num="55" count="0" type="stmt"/>
        <line num="56" count="0" type="stmt"/>
        <line num="57" count="0" type="stmt"/>
        <line num="59" count="1" type="stmt"/>
        <line num="60" count="1" type="stmt"/>
        <line num="65" count="109" type="stmt"/>
        <line num="70" count="109" type="stmt"/>
        <line num="71" count="109" type="stmt"/>
        <line num="72" count="109" type="stmt"/>
        <line num="75" count="4" type="stmt"/>
        <line num="76" count="112" type="stmt"/>
        <line num="77" count="112" type="stmt"/>
        <line num="80" count="112" type="cond" truecount="1" falsecount="1"/>
        <line num="81" count="112" type="cond" truecount="1" falsecount="1"/>
        <line num="82" count="0" type="stmt"/>
        <line num="86" count="112" type="stmt"/>
        <line num="87" count="112" type="cond" truecount="1" falsecount="1"/>
        <line num="88" count="0" type="stmt"/>
        <line num="97" count="112" type="stmt"/>
        <line num="98" count="112" type="cond" truecount="2" falsecount="0"/>
        <line num="99" count="1" type="stmt"/>
        <line num="102" count="111" type="stmt"/>
        <line num="103" count="111" type="stmt"/>
        <line num="104" count="111" type="stmt"/>
        <line num="107" count="111" type="stmt"/>
        <line num="108" count="111" type="stmt"/>
        <line num="109" count="111" type="stmt"/>
        <line num="113" count="0" type="stmt"/>
        <line num="115" count="0" type="stmt"/>
        <line num="122" count="0" type="cond" truecount="0" falsecount="2"/>
        <line num="123" count="0" type="stmt"/>
        <line num="125" count="0" type="stmt"/>
        <line num="129" count="4" type="stmt"/>
        <line num="130" count="110" type="stmt"/>
        <line num="131" count="110" type="stmt"/>
        <line num="133" count="110" type="cond" truecount="1" falsecount="1"/>
        <line num="134" count="110" type="cond" truecount="1" falsecount="1"/>
        <line num="135" count="0" type="stmt"/>
        <line num="137" count="110" type="stmt"/>
        <line num="138" count="110" type="cond" truecount="1" falsecount="1"/>
        <line num="139" count="0" type="stmt"/>
        <line num="143" count="110" type="stmt"/>
        <line num="144" count="110" type="cond" truecount="1" falsecount="1"/>
        <line num="145" count="0" type="stmt"/>
        <line num="149" count="110" type="stmt"/>
        <line num="150" count="110" type="cond" truecount="2" falsecount="0"/>
        <line num="151" count="1" type="stmt"/>
        <line num="152" count="1" type="cond" truecount="1" falsecount="1"/>
        <line num="153" count="0" type="stmt"/>
        <line num="160" count="1" type="stmt"/>
        <line num="163" count="109" type="stmt"/>
        <line num="165" count="109" type="cond" truecount="2" falsecount="0"/>
        <line num="166" count="1" type="stmt"/>
        <line num="168" count="108" type="stmt"/>
        <line num="171" count="108" type="stmt"/>
        <line num="177" count="108" type="cond" truecount="1" falsecount="1"/>
        <line num="178" count="0" type="stmt"/>
        <line num="180" count="108" type="stmt"/>
        <line num="183" count="108" type="stmt"/>
        <line num="184" count="108" type="stmt"/>
        <line num="186" count="0" type="stmt"/>
        <line num="190" count="4" type="stmt"/>
        <line num="191" count="0" type="stmt"/>
        <line num="192" count="0" type="stmt"/>
        <line num="205" count="0" type="cond" truecount="0" falsecount="2"/>
        <line num="206" count="0" type="stmt"/>
        <line num="208" count="0" type="stmt"/>
        <line num="210" count="0" type="stmt"/>
        <line num="214" count="4" type="stmt"/>
        <line num="215" count="0" type="stmt"/>
        <line num="216" count="0" type="stmt"/>
        <line num="218" count="0" type="cond" truecount="0" falsecount="2"/>
        <line num="219" count="0" type="cond" truecount="0" falsecount="2"/>
        <line num="220" count="0" type="stmt"/>
        <line num="222" count="0" type="stmt"/>
        <line num="223" count="0" type="cond" truecount="0" falsecount="2"/>
        <line num="224" count="0" type="stmt"/>
        <line num="226" count="0" type="cond" truecount="0" falsecount="2"/>
        <line num="227" count="0" type="stmt"/>
        <line num="229" count="0" type="stmt"/>
        <line num="230" count="0" type="stmt"/>
        <line num="233" count="0" type="stmt"/>
        <line num="235" count="0" type="stmt"/>
        <line num="237" count="0" type="stmt"/>
        <line num="241" count="4" type="stmt"/>
        <line num="242" count="0" type="stmt"/>
        <line num="243" count="0" type="stmt"/>
        <line num="245" count="0" type="cond" truecount="0" falsecount="2"/>
        <line num="246" count="0" type="cond" truecount="0" falsecount="2"/>
        <line num="247" count="0" type="stmt"/>
        <line num="249" count="0" type="stmt"/>
        <line num="250" count="0" type="cond" truecount="0" falsecount="2"/>
        <line num="251" count="0" type="stmt"/>
        <line num="253" count="0" type="stmt"/>
        <line num="254" count="0" type="stmt"/>
        <line num="257" count="0" type="stmt"/>
        <line num="259" count="0" type="stmt"/>
        <line num="261" count="0" type="stmt"/>
        <line num="265" count="4" type="stmt"/>
        <line num="266" count="0" type="stmt"/>
        <line num="267" count="0" type="stmt"/>
        <line num="279" count="0" type="cond" truecount="0" falsecount="2"/>
        <line num="280" count="0" type="stmt"/>
        <line num="282" count="0" type="stmt"/>
        <line num="283" count="0" type="stmt"/>
        <line num="285" count="0" type="stmt"/>
        <line num="289" count="4" type="stmt"/>
        <line num="290" count="0" type="stmt"/>
        <line num="291" count="0" type="stmt"/>
        <line num="292" count="0" type="stmt"/>
        <line num="294" count="0" type="stmt"/>
        <line num="298" count="4" type="stmt"/>
        <line num="299" count="0" type="stmt"/>
        <line num="300" count="0" type="stmt"/>
        <line num="301" count="0" type="cond" truecount="0" falsecount="2"/>
        <line num="302" count="0" type="stmt"/>
        <line num="304" count="0" type="stmt"/>
        <line num="305" count="0" type="stmt"/>
        <line num="306" count="0" type="stmt"/>
        <line num="307" count="0" type="stmt"/>
        <line num="309" count="0" type="stmt"/>
        <line num="313" count="4" type="stmt"/>
        <line num="314" count="0" type="stmt"/>
        <line num="319" count="0" type="stmt"/>
      </file>
      <file name="errorController.js" path="/Users/aryan/HomeIQ/server/controllers/errorController.js">
        <metrics statements="13" coveredstatements="9" conditionals="12" coveredconditionals="4" methods="3" coveredmethods="2"/>
        <line num="3" count="4" type="stmt"/>
        <line num="4" count="0" type="stmt"/>
        <line num="5" count="0" type="cond" truecount="0" falsecount="2"/>
        <line num="13" count="4" type="stmt"/>
        <line num="14" count="73" type="stmt"/>
        <line num="16" count="73" type="cond" truecount="1" falsecount="1"/>
        <line num="17" count="73" type="stmt"/>
        <line num="23" count="0" type="stmt"/>
        <line num="31" count="73" type="cond" truecount="1" falsecount="1"/>
        <line num="32" count="73" type="cond" truecount="1" falsecount="1"/>
        <line num="33" count="73" type="cond" truecount="1" falsecount="1"/>
        <line num="34" count="0" type="stmt"/>
        <line num="36" count="73" type="stmt"/>
      </file>
      <file name="propertyController.js" path="/Users/aryan/HomeIQ/server/controllers/propertyController.js">
        <metrics statements="381" coveredstatements="150" conditionals="238" coveredconditionals="71" methods="43" coveredmethods="20"/>
        <line num="15" count="4" type="stmt"/>
        <line num="16" count="1" type="stmt"/>
        <line num="18" count="1" type="stmt"/>
        <line num="21" count="1" type="stmt"/>
        <line num="28" count="1" type="stmt"/>
        <line num="30" count="1" type="stmt"/>
        <line num="41" count="1" type="stmt"/>
        <line num="45" count="4" type="stmt"/>
        <line num="46" count="3" type="stmt"/>
        <line num="48" count="3" type="stmt"/>
        <line num="51" count="5" type="stmt"/>
        <line num="59" count="5" type="cond" truecount="2" falsecount="0"/>
        <line num="60" count="4" type="stmt"/>
        <line num="63" count="1" type="stmt"/>
        <line num="65" count="1" type="stmt"/>
        <line num="75" count="1" type="stmt"/>
        <line num="79" count="4" type="stmt"/>
        <line num="81" count="61" type="stmt"/>
        <line num="86" count="61" type="stmt"/>
        <line num="89" count="61" type="stmt"/>
        <line num="91" count="61" type="stmt"/>
        <line num="93" count="61" type="stmt"/>
        <line num="102" count="4" type="stmt"/>
        <line num="105" count="2" type="stmt"/>
        <line num="108" count="2" type="stmt"/>
        <line num="121" count="2" type="cond" truecount="2" falsecount="0"/>
        <line num="122" count="1" type="stmt"/>
        <line num="127" count="1" type="cond" truecount="3" falsecount="4"/>
        <line num="131" count="1" type="cond" truecount="1" falsecount="1"/>
        <line num="132" count="1" type="stmt"/>
        <line num="133" count="1" type="cond" truecount="1" falsecount="1"/>
        <line num="134" count="0" type="stmt"/>
        <line num="135" count="0" type="stmt"/>
        <line num="140" count="0" type="cond" truecount="0" falsecount="2"/>
        <line num="141" count="0" type="stmt"/>
        <line num="143" count="0" type="cond" truecount="0" falsecount="2"/>
        <line num="144" count="0" type="stmt"/>
        <line num="148" count="0" type="cond" truecount="0" falsecount="2"/>
        <line num="149" count="0" type="stmt"/>
        <line num="153" count="0" type="cond" truecount="0" falsecount="2"/>
        <line num="154" count="0" type="stmt"/>
        <line num="157" count="0" type="stmt"/>
        <line num="168" count="0" type="stmt"/>
        <line num="169" count="0" type="stmt"/>
        <line num="173" count="0" type="stmt"/>
        <line num="180" count="1" type="cond" truecount="2" falsecount="2"/>
        <line num="181" count="0" type="stmt"/>
        <line num="182" count="0" type="cond" truecount="0" falsecount="2"/>
        <line num="183" count="0" type="stmt"/>
        <line num="184" count="0" type="stmt"/>
        <line num="189" count="0" type="stmt"/>
        <line num="190" count="0" type="cond" truecount="0" falsecount="2"/>
        <line num="192" count="0" type="cond" truecount="0" falsecount="2"/>
        <line num="194" count="0" type="cond" truecount="0" falsecount="2"/>
        <line num="195" count="0" type="stmt"/>
        <line num="199" count="0" type="cond" truecount="0" falsecount="2"/>
        <line num="200" count="0" type="stmt"/>
        <line num="204" count="0" type="cond" truecount="0" falsecount="2"/>
        <line num="205" count="0" type="stmt"/>
        <line num="207" count="0" type="cond" truecount="0" falsecount="2"/>
        <line num="208" count="0" type="stmt"/>
        <line num="212" count="0" type="stmt"/>
        <line num="213" count="0" type="cond" truecount="0" falsecount="2"/>
        <line num="214" count="0" type="stmt"/>
        <line num="226" count="0" type="stmt"/>
        <line num="227" count="0" type="stmt"/>
        <line num="229" count="0" type="stmt"/>
        <line num="235" count="0" type="stmt"/>
        <line num="245" count="1" type="stmt"/>
        <line num="247" count="1" type="stmt"/>
        <line num="249" count="1" type="stmt"/>
        <line num="258" count="4" type="stmt"/>
        <line num="260" count="2" type="stmt"/>
        <line num="265" count="2" type="cond" truecount="2" falsecount="0"/>
        <line num="266" count="1" type="stmt"/>
        <line num="270" count="1" type="stmt"/>
        <line num="271" count="1" type="cond" truecount="1" falsecount="1"/>
        <line num="272" count="1" type="stmt"/>
        <line num="278" count="1" type="stmt"/>
        <line num="280" count="1" type="stmt"/>
        <line num="282" count="1" type="stmt"/>
        <line num="289" count="4" type="stmt"/>
        <line num="290" count="2" type="stmt"/>
        <line num="295" count="2" type="cond" truecount="1" falsecount="1"/>
        <line num="296" count="0" type="stmt"/>
        <line num="300" count="2" type="cond" truecount="2" falsecount="2"/>
        <line num="301" count="2" type="stmt"/>
        <line num="304" count="0" type="stmt"/>
        <line num="306" count="0" type="stmt"/>
        <line num="308" count="0" type="stmt"/>
        <line num="311" count="0" type="stmt"/>
        <line num="314" count="0" type="stmt"/>
        <line num="317" count="0" type="stmt"/>
        <line num="318" count="0" type="stmt"/>
        <line num="320" count="0" type="stmt"/>
        <line num="321" count="0" type="stmt"/>
        <line num="322" count="0" type="stmt"/>
        <line num="324" count="0" type="cond" truecount="0" falsecount="2"/>
        <line num="325" count="0" type="stmt"/>
        <line num="326" count="0" type="stmt"/>
        <line num="329" count="0" type="stmt"/>
        <line num="331" count="0" type="stmt"/>
        <line num="339" count="0" type="stmt"/>
        <line num="340" count="0" type="stmt"/>
        <line num="341" count="0" type="cond" truecount="0" falsecount="2"/>
        <line num="342" count="0" type="stmt"/>
        <line num="347" count="0" type="stmt"/>
        <line num="358" count="0" type="stmt"/>
        <line num="360" count="0" type="stmt"/>
        <line num="362" count="0" type="stmt"/>
        <line num="367" count="0" type="cond" truecount="0" falsecount="2"/>
        <line num="368" count="0" type="stmt"/>
        <line num="372" count="0" type="stmt"/>
        <line num="375" count="0" type="stmt"/>
        <line num="376" count="0" type="cond" truecount="0" falsecount="2"/>
        <line num="377" count="0" type="stmt"/>
        <line num="378" count="0" type="stmt"/>
        <line num="382" count="0" type="stmt"/>
        <line num="384" count="0" type="stmt"/>
        <line num="387" count="0" type="stmt"/>
        <line num="389" count="0" type="stmt"/>
        <line num="391" count="0" type="stmt"/>
        <line num="402" count="0" type="stmt"/>
        <line num="404" count="0" type="stmt"/>
        <line num="405" count="0" type="stmt"/>
        <line num="406" count="0" type="stmt"/>
        <line num="407" count="0" type="stmt"/>
        <line num="409" count="0" type="stmt"/>
        <line num="413" count="0" type="stmt"/>
        <line num="415" count="0" type="stmt"/>
        <line num="418" count="0" type="stmt"/>
        <line num="419" count="0" type="stmt"/>
        <line num="424" count="4" type="stmt"/>
        <line num="425" count="0" type="stmt"/>
        <line num="430" count="0" type="cond" truecount="0" falsecount="2"/>
        <line num="431" count="0" type="stmt"/>
        <line num="434" count="0" type="stmt"/>
        <line num="435" count="0" type="stmt"/>
        <line num="437" count="0" type="cond" truecount="0" falsecount="2"/>
        <line num="438" count="0" type="stmt"/>
        <line num="441" count="0" type="stmt"/>
        <line num="444" count="0" type="stmt"/>
        <line num="446" count="0" type="cond" truecount="0" falsecount="4"/>
        <line num="448" count="0" type="stmt"/>
        <line num="449" count="0" type="stmt"/>
        <line num="450" count="0" type="cond" truecount="0" falsecount="2"/>
        <line num="451" count="0" type="stmt"/>
        <line num="456" count="0" type="stmt"/>
        <line num="457" count="0" type="cond" truecount="0" falsecount="2"/>
        <line num="458" count="0" type="stmt"/>
        <line num="463" count="0" type="stmt"/>
        <line num="464" count="0" type="stmt"/>
        <line num="465" count="0" type="stmt"/>
        <line num="466" count="0" type="cond" truecount="0" falsecount="2"/>
        <line num="467" count="0" type="stmt"/>
        <line num="469" count="0" type="stmt"/>
        <line num="472" count="0" type="stmt"/>
        <line num="476" count="0" type="stmt"/>
        <line num="479" count="0" type="stmt"/>
        <line num="480" count="0" type="stmt"/>
        <line num="482" count="0" type="cond" truecount="0" falsecount="4"/>
        <line num="483" count="0" type="stmt"/>
        <line num="486" count="0" type="stmt"/>
        <line num="488" count="0" type="stmt"/>
        <line num="490" count="0" type="stmt"/>
        <line num="499" count="4" type="stmt"/>
        <line num="500" count="0" type="stmt"/>
        <line num="505" count="0" type="cond" truecount="0" falsecount="2"/>
        <line num="506" count="0" type="stmt"/>
        <line num="509" count="0" type="stmt"/>
        <line num="510" count="0" type="stmt"/>
        <line num="512" count="0" type="cond" truecount="0" falsecount="2"/>
        <line num="513" count="0" type="stmt"/>
        <line num="517" count="0" type="stmt"/>
        <line num="518" count="0" type="stmt"/>
        <line num="522" count="0" type="stmt"/>
        <line num="523" count="0" type="stmt"/>
        <line num="525" count="0" type="stmt"/>
        <line num="527" count="0" type="stmt"/>
        <line num="536" count="4" type="stmt"/>
        <line num="537" count="1" type="stmt"/>
        <line num="542" count="1" type="cond" truecount="1" falsecount="1"/>
        <line num="543" count="0" type="stmt"/>
        <line num="546" count="1" type="stmt"/>
        <line num="548" count="1" type="cond" truecount="1" falsecount="1"/>
        <line num="549" count="0" type="stmt"/>
        <line num="552" count="1" type="stmt"/>
        <line num="553" count="1" type="stmt"/>
        <line num="555" count="1" type="stmt"/>
        <line num="557" count="1" type="stmt"/>
        <line num="566" count="4" type="stmt"/>
        <line num="567" count="1" type="stmt"/>
        <line num="572" count="1" type="cond" truecount="1" falsecount="1"/>
        <line num="573" count="0" type="stmt"/>
        <line num="576" count="1" type="stmt"/>
        <line num="578" count="1" type="cond" truecount="1" falsecount="1"/>
        <line num="579" count="0" type="stmt"/>
        <line num="583" count="1" type="cond" truecount="1" falsecount="1"/>
        <line num="584" count="0" type="stmt"/>
        <line num="590" count="0" type="cond" truecount="0" falsecount="2"/>
        <line num="591" count="0" type="stmt"/>
        <line num="596" count="1" type="stmt"/>
        <line num="597" count="5" type="stmt"/>
        <line num="600" count="1" type="stmt"/>
        <line num="602" count="1" type="stmt"/>
        <line num="604" count="1" type="stmt"/>
        <line num="613" count="4" type="stmt"/>
        <line num="614" count="1" type="stmt"/>
        <line num="615" count="1" type="stmt"/>
        <line num="617" count="1" type="stmt"/>
        <line num="620" count="1" type="stmt"/>
        <line num="662" count="1" type="cond" truecount="1" falsecount="1"/>
        <line num="673" count="1" type="stmt"/>
        <line num="675" count="1" type="stmt"/>
        <line num="685" count="1" type="stmt"/>
        <line num="689" count="4" type="stmt"/>
        <line num="703" count="2" type="stmt"/>
        <line num="706" count="2" type="stmt"/>
        <line num="711" count="2" type="stmt"/>
        <line num="721" count="2" type="stmt"/>
        <line num="723" count="2" type="cond" truecount="3" falsecount="1"/>
        <line num="724" count="2" type="stmt"/>
        <line num="726" count="2" type="cond" truecount="2" falsecount="2"/>
        <line num="727" count="0" type="stmt"/>
        <line num="729" count="2" type="cond" truecount="2" falsecount="3"/>
        <line num="731" count="0" type="stmt"/>
        <line num="732" count="0" type="stmt"/>
        <line num="734" count="2" type="cond" truecount="2" falsecount="3"/>
        <line num="736" count="0" type="stmt"/>
        <line num="737" count="0" type="stmt"/>
        <line num="740" count="2" type="cond" truecount="2" falsecount="2"/>
        <line num="741" count="2" type="stmt"/>
        <line num="742" count="2" type="cond" truecount="1" falsecount="1"/>
        <line num="743" count="2" type="stmt"/>
        <line num="744" count="2" type="cond" truecount="3" falsecount="1"/>
        <line num="745" count="2" type="stmt"/>
        <line num="748" count="2" type="cond" truecount="2" falsecount="0"/>
        <line num="749" count="1" type="stmt"/>
        <line num="750" count="1" type="cond" truecount="3" falsecount="1"/>
        <line num="751" count="1" type="stmt"/>
        <line num="756" count="2" type="cond" truecount="3" falsecount="1"/>
        <line num="757" count="0" type="stmt"/>
        <line num="758" count="0" type="cond" truecount="0" falsecount="2"/>
        <line num="759" count="0" type="stmt"/>
        <line num="760" count="0" type="cond" truecount="0" falsecount="4"/>
        <line num="761" count="0" type="stmt"/>
        <line num="764" count="0" type="cond" truecount="0" falsecount="2"/>
        <line num="765" count="0" type="stmt"/>
        <line num="766" count="0" type="cond" truecount="0" falsecount="4"/>
        <line num="767" count="0" type="stmt"/>
        <line num="772" count="2" type="cond" truecount="3" falsecount="1"/>
        <line num="773" count="0" type="stmt"/>
        <line num="774" count="0" type="cond" truecount="0" falsecount="2"/>
        <line num="775" count="0" type="stmt"/>
        <line num="776" count="0" type="cond" truecount="0" falsecount="4"/>
        <line num="777" count="0" type="stmt"/>
        <line num="780" count="0" type="cond" truecount="0" falsecount="2"/>
        <line num="781" count="0" type="stmt"/>
        <line num="782" count="0" type="cond" truecount="0" falsecount="4"/>
        <line num="783" count="0" type="stmt"/>
        <line num="789" count="2" type="stmt"/>
        <line num="790" count="2" type="stmt"/>
        <line num="791" count="2" type="cond" truecount="3" falsecount="1"/>
        <line num="793" count="2" type="cond" truecount="4" falsecount="1"/>
        <line num="794" count="2" type="stmt"/>
        <line num="796" count="2" type="stmt"/>
        <line num="801" count="2" type="stmt"/>
        <line num="803" count="2" type="stmt"/>
        <line num="805" count="2" type="stmt"/>
        <line num="823" count="4" type="stmt"/>
        <line num="824" count="2" type="stmt"/>
        <line num="832" count="2" type="cond" truecount="1" falsecount="1"/>
        <line num="833" count="0" type="stmt"/>
        <line num="836" count="2" type="cond" truecount="2" falsecount="0"/>
        <line num="837" count="1" type="stmt"/>
        <line num="840" count="1" type="stmt"/>
        <line num="842" count="1" type="stmt"/>
        <line num="852" count="4" type="stmt"/>
        <line num="853" count="3" type="stmt"/>
        <line num="858" count="3" type="cond" truecount="1" falsecount="1"/>
        <line num="859" count="0" type="stmt"/>
        <line num="862" count="3" type="cond" truecount="2" falsecount="0"/>
        <line num="863" count="1" type="stmt"/>
        <line num="867" count="2" type="stmt"/>
        <line num="868" count="2" type="cond" truecount="2" falsecount="0"/>
        <line num="869" count="1" type="stmt"/>
        <line num="873" count="1" type="stmt"/>
        <line num="874" count="1" type="stmt"/>
        <line num="876" count="1" type="stmt"/>
        <line num="878" count="1" type="stmt"/>
        <line num="880" count="1" type="stmt"/>
        <line num="889" count="4" type="stmt"/>
        <line num="890" count="0" type="stmt"/>
        <line num="895" count="0" type="cond" truecount="0" falsecount="2"/>
        <line num="896" count="0" type="stmt"/>
        <line num="899" count="0" type="stmt"/>
        <line num="900" count="0" type="cond" truecount="0" falsecount="2"/>
        <line num="901" count="0" type="stmt"/>
        <line num="905" count="0" type="cond" truecount="0" falsecount="4"/>
        <line num="906" count="0" type="stmt"/>
        <line num="907" count="0" type="cond" truecount="0" falsecount="2"/>
        <line num="909" count="0" type="cond" truecount="0" falsecount="2"/>
        <line num="910" count="0" type="stmt"/>
        <line num="915" count="0" type="stmt"/>
        <line num="916" count="0" type="cond" truecount="0" falsecount="2"/>
        <line num="917" count="0" type="stmt"/>
        <line num="921" count="0" type="stmt"/>
        <line num="922" count="0" type="stmt"/>
        <line num="924" count="0" type="stmt"/>
        <line num="926" count="0" type="stmt"/>
        <line num="935" count="4" type="stmt"/>
        <line num="936" count="0" type="stmt"/>
        <line num="941" count="0" type="cond" truecount="0" falsecount="2"/>
        <line num="942" count="0" type="stmt"/>
        <line num="945" count="0" type="stmt"/>
        <line num="946" count="0" type="cond" truecount="0" falsecount="2"/>
        <line num="947" count="0" type="stmt"/>
        <line num="951" count="0" type="cond" truecount="0" falsecount="2"/>
        <line num="952" count="0" type="stmt"/>
        <line num="955" count="0" type="stmt"/>
        <line num="956" count="0" type="stmt"/>
        <line num="958" count="0" type="stmt"/>
        <line num="960" count="0" type="stmt"/>
        <line num="967" count="4" type="stmt"/>
        <line num="968" count="0" type="stmt"/>
        <line num="973" count="0" type="cond" truecount="0" falsecount="2"/>
        <line num="974" count="0" type="stmt"/>
        <line num="977" count="0" type="stmt"/>
        <line num="978" count="0" type="cond" truecount="0" falsecount="2"/>
        <line num="979" count="0" type="stmt"/>
        <line num="982" count="0" type="cond" truecount="0" falsecount="2"/>
        <line num="983" count="0" type="stmt"/>
        <line num="986" count="0" type="stmt"/>
        <line num="987" count="0" type="cond" truecount="0" falsecount="4"/>
        <line num="988" count="0" type="stmt"/>
        <line num="992" count="0" type="stmt"/>
        <line num="998" count="0" type="cond" truecount="0" falsecount="2"/>
        <line num="999" count="0" type="stmt"/>
        <line num="1003" count="0" type="stmt"/>
        <line num="1004" count="0" type="stmt"/>
        <line num="1007" count="0" type="stmt"/>
        <line num="1008" count="0" type="stmt"/>
        <line num="1009" count="0" type="stmt"/>
        <line num="1011" count="0" type="stmt"/>
        <line num="1013" count="0" type="stmt"/>
        <line num="1015" count="0" type="stmt"/>
        <line num="1024" count="4" type="stmt"/>
        <line num="1025" count="0" type="stmt"/>
        <line num="1030" count="0" type="cond" truecount="0" falsecount="2"/>
        <line num="1031" count="0" type="stmt"/>
        <line num="1034" count="0" type="stmt"/>
        <line num="1035" count="0" type="cond" truecount="0" falsecount="2"/>
        <line num="1036" count="0" type="stmt"/>
        <line num="1039" count="0" type="cond" truecount="0" falsecount="2"/>
        <line num="1040" count="0" type="stmt"/>
        <line num="1044" count="0" type="stmt"/>
        <line num="1053" count="0" type="stmt"/>
        <line num="1054" count="0" type="stmt"/>
        <line num="1056" count="0" type="stmt"/>
        <line num="1058" count="0" type="stmt"/>
        <line num="1060" count="0" type="stmt"/>
        <line num="1069" count="4" type="stmt"/>
        <line num="1070" count="1" type="stmt"/>
        <line num="1075" count="1" type="cond" truecount="1" falsecount="1"/>
        <line num="1076" count="0" type="stmt"/>
        <line num="1079" count="1" type="cond" truecount="1" falsecount="1"/>
        <line num="1080" count="0" type="stmt"/>
        <line num="1083" count="1" type="stmt"/>
        <line num="1084" count="1" type="stmt"/>
        <line num="1085" count="1" type="stmt"/>
        <line num="1086" count="1" type="cond" truecount="1" falsecount="1"/>
        <line num="1087" count="1" type="cond" truecount="1" falsecount="1"/>
        <line num="1088" count="1" type="cond" truecount="1" falsecount="1"/>
        <line num="1090" count="1" type="stmt"/>
        <line num="1099" count="1" type="stmt"/>
        <line num="1101" count="1" type="stmt"/>
        <line num="1110" count="4" type="stmt"/>
        <line num="1111" count="0" type="stmt"/>
        <line num="1113" count="0" type="stmt"/>
        <line num="1115" count="0" type="stmt"/>
        <line num="1117" count="0" type="stmt"/>
      </file>
      <file name="tenantController.js" path="/Users/aryan/HomeIQ/server/controllers/tenantController.js">
        <metrics statements="400" coveredstatements="221" conditionals="279" coveredconditionals="124" methods="25" coveredmethods="18"/>
        <line num="7" count="4" type="stmt"/>
        <line num="8" count="3" type="cond" truecount="2" falsecount="0"/>
        <line num="9" count="3" type="cond" truecount="2" falsecount="0"/>
        <line num="12" count="3" type="cond" truecount="1" falsecount="1"/>
        <line num="13" count="0" type="stmt"/>
        <line num="16" count="3" type="stmt"/>
        <line num="19" count="3" type="stmt"/>
        <line num="25" count="3" type="cond" truecount="1" falsecount="1"/>
        <line num="26" count="0" type="stmt"/>
        <line num="30" count="3" type="cond" truecount="2" falsecount="0"/>
        <line num="31" count="1" type="stmt"/>
        <line num="35" count="3" type="cond" truecount="1" falsecount="1"/>
        <line num="36" count="0" type="stmt"/>
        <line num="40" count="3" type="cond" truecount="1" falsecount="1"/>
        <line num="41" count="0" type="stmt"/>
        <line num="45" count="3" type="cond" truecount="1" falsecount="1"/>
        <line num="46" count="0" type="stmt"/>
        <line num="47" count="0" type="stmt"/>
        <line num="49" count="0" type="cond" truecount="0" falsecount="3"/>
        <line num="51" count="0" type="stmt"/>
        <line num="55" count="0" type="stmt"/>
        <line num="57" count="0" type="stmt"/>
        <line num="58" count="0" type="stmt"/>
        <line num="60" count="0" type="stmt"/>
        <line num="61" count="0" type="stmt"/>
        <line num="65" count="3" type="stmt"/>
        <line num="72" count="3" type="stmt"/>
        <line num="74" count="3" type="stmt"/>
        <line num="90" count="4" type="stmt"/>
        <line num="91" count="2" type="stmt"/>
        <line num="103" count="2" type="cond" truecount="2" falsecount="0"/>
        <line num="104" count="1" type="stmt"/>
        <line num="107" count="1" type="stmt"/>
        <line num="116" count="4" type="stmt"/>
        <line num="118" count="79" type="stmt"/>
        <line num="124" count="79" type="stmt"/>
        <line num="129" count="79" type="cond" truecount="1" falsecount="1"/>
        <line num="130" count="0" type="stmt"/>
        <line num="133" count="79" type="stmt"/>
        <line num="136" count="79" type="stmt"/>
        <line num="138" count="79" type="stmt"/>
        <line num="147" count="4" type="stmt"/>
        <line num="149" count="2" type="stmt"/>
        <line num="155" count="2" type="cond" truecount="1" falsecount="1"/>
        <line num="156" count="0" type="stmt"/>
        <line num="160" count="2" type="cond" truecount="4" falsecount="0"/>
        <line num="161" count="1" type="stmt"/>
        <line num="167" count="1" type="cond" truecount="1" falsecount="1"/>
        <line num="168" count="1" type="stmt"/>
        <line num="173" count="1" type="cond" truecount="3" falsecount="1"/>
        <line num="174" count="0" type="stmt"/>
        <line num="175" count="0" type="cond" truecount="0" falsecount="2"/>
        <line num="180" count="0" type="stmt"/>
        <line num="182" count="0" type="stmt"/>
        <line num="187" count="1" type="cond" truecount="1" falsecount="1"/>
        <line num="188" count="1" type="stmt"/>
        <line num="190" count="1" type="cond" truecount="1" falsecount="1"/>
        <line num="191" count="0" type="stmt"/>
        <line num="193" count="1" type="cond" truecount="1" falsecount="1"/>
        <line num="194" count="0" type="stmt"/>
        <line num="196" count="1" type="cond" truecount="1" falsecount="1"/>
        <line num="197" count="0" type="stmt"/>
        <line num="199" count="1" type="cond" truecount="1" falsecount="1"/>
        <line num="200" count="0" type="stmt"/>
        <line num="202" count="1" type="cond" truecount="1" falsecount="1"/>
        <line num="203" count="0" type="stmt"/>
        <line num="205" count="1" type="cond" truecount="1" falsecount="1"/>
        <line num="206" count="0" type="stmt"/>
        <line num="208" count="1" type="cond" truecount="1" falsecount="1"/>
        <line num="209" count="0" type="stmt"/>
        <line num="211" count="1" type="cond" truecount="1" falsecount="1"/>
        <line num="213" count="0" type="stmt"/>
        <line num="214" count="0" type="stmt"/>
        <line num="215" count="0" type="cond" truecount="0" falsecount="2"/>
        <line num="220" count="0" type="stmt"/>
        <line num="222" count="0" type="stmt"/>
        <line num="224" count="0" type="stmt"/>
        <line num="239" count="1" type="stmt"/>
        <line num="240" count="1" type="stmt"/>
        <line num="242" count="1" type="stmt"/>
        <line num="245" count="1" type="stmt"/>
        <line num="246" count="1" type="stmt"/>
        <line num="248" count="1" type="stmt"/>
        <line num="257" count="4" type="stmt"/>
        <line num="258" count="2" type="stmt"/>
        <line num="264" count="2" type="cond" truecount="1" falsecount="1"/>
        <line num="265" count="0" type="stmt"/>
        <line num="269" count="2" type="stmt"/>
        <line num="271" count="2" type="cond" truecount="2" falsecount="0"/>
        <line num="272" count="1" type="stmt"/>
        <line num="278" count="1" type="stmt"/>
        <line num="279" count="1" type="stmt"/>
        <line num="281" count="1" type="stmt"/>
        <line num="288" count="4" type="stmt"/>
        <line num="289" count="4" type="stmt"/>
        <line num="291" count="4" type="stmt"/>
        <line num="297" count="4" type="cond" truecount="1" falsecount="1"/>
        <line num="298" count="0" type="stmt"/>
        <line num="301" count="4" type="stmt"/>
        <line num="306" count="4" type="cond" truecount="1" falsecount="1"/>
        <line num="307" count="0" type="stmt"/>
        <line num="311" count="4" type="cond" truecount="3" falsecount="1"/>
        <line num="312" count="0" type="cond" truecount="0" falsecount="2"/>
        <line num="313" count="0" type="stmt"/>
        <line num="320" count="4" type="cond" truecount="1" falsecount="1"/>
        <line num="321" count="0" type="stmt"/>
        <line num="322" count="0" type="cond" truecount="0" falsecount="5"/>
        <line num="323" count="0" type="stmt"/>
        <line num="325" count="4" type="cond" truecount="4" falsecount="0"/>
        <line num="326" count="1" type="stmt"/>
        <line num="330" count="3" type="stmt"/>
        <line num="343" count="3" type="stmt"/>
        <line num="344" count="3" type="stmt"/>
        <line num="347" count="3" type="cond" truecount="1" falsecount="1"/>
        <line num="348" count="0" type="stmt"/>
        <line num="349" count="0" type="stmt"/>
        <line num="350" count="0" type="stmt"/>
        <line num="351" count="0" type="stmt"/>
        <line num="352" count="0" type="stmt"/>
        <line num="353" count="0" type="stmt"/>
        <line num="355" count="3" type="stmt"/>
        <line num="356" count="3" type="stmt"/>
        <line num="357" count="3" type="stmt"/>
        <line num="358" count="3" type="stmt"/>
        <line num="359" count="3" type="stmt"/>
        <line num="362" count="3" type="stmt"/>
        <line num="365" count="3" type="stmt"/>
        <line num="366" count="3" type="stmt"/>
        <line num="371" count="3" type="stmt"/>
        <line num="382" count="4" type="stmt"/>
        <line num="383" count="1" type="stmt"/>
        <line num="385" count="1" type="stmt"/>
        <line num="391" count="1" type="cond" truecount="1" falsecount="1"/>
        <line num="392" count="0" type="stmt"/>
        <line num="395" count="1" type="stmt"/>
        <line num="400" count="1" type="cond" truecount="1" falsecount="1"/>
        <line num="401" count="0" type="stmt"/>
        <line num="405" count="1" type="cond" truecount="3" falsecount="1"/>
        <line num="406" count="0" type="cond" truecount="0" falsecount="2"/>
        <line num="407" count="0" type="stmt"/>
        <line num="414" count="1" type="stmt"/>
        <line num="416" count="1" type="cond" truecount="3" falsecount="1"/>
        <line num="421" count="1" type="cond" truecount="1" falsecount="1"/>
        <line num="422" count="0" type="stmt"/>
        <line num="426" count="1" type="stmt"/>
        <line num="427" count="1" type="stmt"/>
        <line num="428" count="1" type="stmt"/>
        <line num="431" count="1" type="cond" truecount="1" falsecount="1"/>
        <line num="432" count="0" type="stmt"/>
        <line num="433" count="0" type="cond" truecount="0" falsecount="2"/>
        <line num="434" count="0" type="stmt"/>
        <line num="435" count="0" type="stmt"/>
        <line num="436" count="0" type="stmt"/>
        <line num="439" count="1" type="stmt"/>
        <line num="440" count="1" type="stmt"/>
        <line num="441" count="1" type="stmt"/>
        <line num="444" count="1" type="stmt"/>
        <line num="446" count="1" type="stmt"/>
        <line num="457" count="4" type="stmt"/>
        <line num="458" count="3" type="stmt"/>
        <line num="464" count="3" type="cond" truecount="1" falsecount="1"/>
        <line num="465" count="0" type="stmt"/>
        <line num="469" count="3" type="stmt"/>
        <line num="474" count="3" type="cond" truecount="1" falsecount="1"/>
        <line num="475" count="0" type="stmt"/>
        <line num="479" count="3" type="cond" truecount="1" falsecount="1"/>
        <line num="481" count="0" type="stmt"/>
        <line num="482" count="0" type="cond" truecount="0" falsecount="2"/>
        <line num="483" count="0" type="stmt"/>
        <line num="485" count="0" type="cond" truecount="0" falsecount="2"/>
        <line num="486" count="0" type="stmt"/>
        <line num="490" count="3" type="cond" truecount="1" falsecount="1"/>
        <line num="491" count="0" type="stmt"/>
        <line num="496" count="3" type="stmt"/>
        <line num="499" count="3" type="cond" truecount="1" falsecount="1"/>
        <line num="500" count="0" type="stmt"/>
        <line num="501" count="0" type="stmt"/>
        <line num="502" count="0" type="stmt"/>
        <line num="503" count="0" type="stmt"/>
        <line num="504" count="0" type="stmt"/>
        <line num="505" count="0" type="stmt"/>
        <line num="506" count="0" type="stmt"/>
        <line num="508" count="3" type="stmt"/>
        <line num="509" count="3" type="stmt"/>
        <line num="510" count="3" type="stmt"/>
        <line num="511" count="3" type="stmt"/>
        <line num="512" count="3" type="stmt"/>
        <line num="513" count="3" type="stmt"/>
        <line num="516" count="3" type="stmt"/>
        <line num="519" count="3" type="stmt"/>
        <line num="521" count="3" type="stmt"/>
        <line num="530" count="4" type="stmt"/>
        <line num="531" count="0" type="stmt"/>
        <line num="533" count="0" type="cond" truecount="0" falsecount="4"/>
        <line num="534" count="0" type="stmt"/>
        <line num="537" count="0" type="stmt"/>
        <line num="543" count="0" type="cond" truecount="0" falsecount="2"/>
        <line num="544" count="0" type="stmt"/>
        <line num="548" count="0" type="stmt"/>
        <line num="551" count="0" type="cond" truecount="0" falsecount="4"/>
        <line num="552" count="0" type="stmt"/>
        <line num="553" count="0" type="cond" truecount="0" falsecount="2"/>
        <line num="554" count="0" type="stmt"/>
        <line num="555" count="0" type="cond" truecount="0" falsecount="2"/>
        <line num="556" count="0" type="cond" truecount="0" falsecount="2"/>
        <line num="557" count="0" type="stmt"/>
        <line num="558" count="0" type="cond" truecount="0" falsecount="2"/>
        <line num="559" count="0" type="stmt"/>
        <line num="560" count="0" type="stmt"/>
        <line num="561" count="0" type="stmt"/>
        <line num="564" count="0" type="stmt"/>
        <line num="565" count="0" type="stmt"/>
        <line num="566" count="0" type="stmt"/>
        <line num="568" count="0" type="stmt"/>
        <line num="573" count="0" type="stmt"/>
        <line num="575" count="0" type="stmt"/>
        <line num="584" count="4" type="stmt"/>
        <line num="585" count="0" type="stmt"/>
        <line num="587" count="0" type="cond" truecount="0" falsecount="2"/>
        <line num="599" count="0" type="stmt"/>
        <line num="602" count="0" type="stmt"/>
        <line num="608" count="0" type="cond" truecount="0" falsecount="2"/>
        <line num="609" count="0" type="stmt"/>
        <line num="613" count="0" type="stmt"/>
        <line num="614" count="0" type="stmt"/>
        <line num="615" count="0" type="stmt"/>
        <line num="617" count="0" type="cond" truecount="0" falsecount="2"/>
        <line num="618" count="0" type="stmt"/>
        <line num="621" count="0" type="cond" truecount="0" falsecount="2"/>
        <line num="622" count="0" type="stmt"/>
        <line num="625" count="0" type="cond" truecount="0" falsecount="4"/>
        <line num="626" count="0" type="stmt"/>
        <line num="629" count="0" type="stmt"/>
        <line num="631" count="0" type="stmt"/>
        <line num="640" count="4" type="stmt"/>
        <line num="641" count="0" type="stmt"/>
        <line num="647" count="0" type="cond" truecount="0" falsecount="2"/>
        <line num="648" count="0" type="stmt"/>
        <line num="651" count="0" type="stmt"/>
        <line num="656" count="0" type="stmt"/>
        <line num="657" count="0" type="stmt"/>
        <line num="659" count="0" type="stmt"/>
        <line num="668" count="4" type="stmt"/>
        <line num="669" count="0" type="stmt"/>
        <line num="675" count="0" type="cond" truecount="0" falsecount="2"/>
        <line num="676" count="0" type="stmt"/>
        <line num="679" count="0" type="stmt"/>
        <line num="680" count="0" type="cond" truecount="0" falsecount="2"/>
        <line num="681" count="0" type="stmt"/>
        <line num="684" count="0" type="stmt"/>
        <line num="685" count="0" type="stmt"/>
        <line num="686" count="0" type="stmt"/>
        <line num="688" count="0" type="cond" truecount="0" falsecount="2"/>
        <line num="689" count="0" type="stmt"/>
        <line num="692" count="0" type="stmt"/>
        <line num="694" count="0" type="stmt"/>
        <line num="703" count="4" type="stmt"/>
        <line num="704" count="1" type="stmt"/>
        <line num="734" count="1" type="cond" truecount="1" falsecount="1"/>
        <line num="741" count="1" type="stmt"/>
        <line num="750" count="4" type="stmt"/>
        <line num="762" count="2" type="stmt"/>
        <line num="764" count="2" type="stmt"/>
        <line num="770" count="2" type="cond" truecount="2" falsecount="0"/>
        <line num="771" count="1" type="stmt"/>
        <line num="779" count="2" type="cond" truecount="2" falsecount="0"/>
        <line num="780" count="1" type="stmt"/>
        <line num="784" count="2" type="cond" truecount="1" falsecount="1"/>
        <line num="785" count="0" type="stmt"/>
        <line num="792" count="2" type="cond" truecount="1" falsecount="1"/>
        <line num="793" count="0" type="stmt"/>
        <line num="797" count="2" type="cond" truecount="1" falsecount="1"/>
        <line num="798" count="0" type="stmt"/>
        <line num="802" count="2" type="cond" truecount="1" falsecount="1"/>
        <line num="803" count="0" type="stmt"/>
        <line num="807" count="2" type="cond" truecount="3" falsecount="1"/>
        <line num="808" count="0" type="stmt"/>
        <line num="809" count="0" type="cond" truecount="0" falsecount="2"/>
        <line num="810" count="0" type="stmt"/>
        <line num="812" count="0" type="cond" truecount="0" falsecount="2"/>
        <line num="813" count="0" type="stmt"/>
        <line num="818" count="2" type="cond" truecount="3" falsecount="1"/>
        <line num="819" count="0" type="stmt"/>
        <line num="820" count="0" type="cond" truecount="0" falsecount="2"/>
        <line num="821" count="0" type="stmt"/>
        <line num="823" count="0" type="cond" truecount="0" falsecount="2"/>
        <line num="824" count="0" type="stmt"/>
        <line num="828" count="2" type="stmt"/>
        <line num="834" count="2" type="stmt"/>
        <line num="844" count="4" type="stmt"/>
        <line num="845" count="1" type="stmt"/>
        <line num="851" count="1" type="cond" truecount="1" falsecount="1"/>
        <line num="852" count="0" type="stmt"/>
        <line num="855" count="1" type="stmt"/>
        <line num="857" count="1" type="stmt"/>
        <line num="867" count="4" type="stmt"/>
        <line num="868" count="4" type="stmt"/>
        <line num="874" count="4" type="cond" truecount="1" falsecount="1"/>
        <line num="875" count="0" type="stmt"/>
        <line num="878" count="4" type="stmt"/>
        <line num="880" count="4" type="cond" truecount="3" falsecount="1"/>
        <line num="881" count="0" type="stmt"/>
        <line num="885" count="4" type="stmt"/>
        <line num="888" count="4" type="stmt"/>
        <line num="900" count="4" type="stmt"/>
        <line num="909" count="4" type="stmt"/>
        <line num="910" count="4" type="stmt"/>
        <line num="916" count="4" type="cond" truecount="1" falsecount="1"/>
        <line num="917" count="0" type="stmt"/>
        <line num="920" count="4" type="stmt"/>
        <line num="923" count="4" type="cond" truecount="2" falsecount="0"/>
        <line num="924" count="3" type="stmt"/>
        <line num="926" count="4" type="cond" truecount="2" falsecount="0"/>
        <line num="927" count="2" type="stmt"/>
        <line num="929" count="4" type="cond" truecount="2" falsecount="0"/>
        <line num="930" count="2" type="stmt"/>
        <line num="932" count="4" type="cond" truecount="1" falsecount="1"/>
        <line num="933" count="4" type="stmt"/>
        <line num="935" count="4" type="cond" truecount="1" falsecount="1"/>
        <line num="936" count="0" type="stmt"/>
        <line num="938" count="4" type="cond" truecount="2" falsecount="0"/>
        <line num="939" count="2" type="stmt"/>
        <line num="942" count="4" type="cond" truecount="2" falsecount="0"/>
        <line num="943" count="3" type="stmt"/>
        <line num="946" count="4" type="stmt"/>
        <line num="948" count="4" type="stmt"/>
        <line num="957" count="4" type="stmt"/>
        <line num="958" count="2" type="stmt"/>
        <line num="964" count="2" type="cond" truecount="1" falsecount="1"/>
        <line num="965" count="0" type="stmt"/>
        <line num="968" count="2" type="stmt"/>
        <line num="971" count="2" type="cond" truecount="1" falsecount="1"/>
        <line num="972" count="2" type="stmt"/>
        <line num="974" count="2" type="cond" truecount="1" falsecount="1"/>
        <line num="975" count="2" type="stmt"/>
        <line num="977" count="2" type="cond" truecount="1" falsecount="1"/>
        <line num="978" count="2" type="stmt"/>
        <line num="982" count="2" type="cond" truecount="2" falsecount="2"/>
        <line num="983" count="2" type="stmt"/>
        <line num="985" count="2" type="stmt"/>
        <line num="987" count="2" type="stmt"/>
        <line num="997" count="4" type="stmt"/>
        <line num="998" count="1" type="stmt"/>
        <line num="1004" count="1" type="cond" truecount="1" falsecount="1"/>
        <line num="1005" count="0" type="stmt"/>
        <line num="1009" count="1" type="stmt"/>
        <line num="1012" count="1" type="stmt"/>
        <line num="1013" count="1" type="stmt"/>
        <line num="1015" count="1" type="cond" truecount="1" falsecount="1"/>
        <line num="1016" count="1" type="stmt"/>
        <line num="1018" count="1" type="cond" truecount="1" falsecount="1"/>
        <line num="1019" count="1" type="stmt"/>
        <line num="1021" count="1" type="cond" truecount="1" falsecount="1"/>
        <line num="1022" count="0" type="stmt"/>
        <line num="1024" count="1" type="cond" truecount="1" falsecount="1"/>
        <line num="1025" count="0" type="stmt"/>
        <line num="1027" count="1" type="cond" truecount="1" falsecount="1"/>
        <line num="1028" count="1" type="stmt"/>
        <line num="1031" count="1" type="stmt"/>
        <line num="1033" count="1" type="stmt"/>
        <line num="1042" count="4" type="stmt"/>
        <line num="1043" count="0" type="stmt"/>
        <line num="1049" count="0" type="stmt"/>
        <line num="1050" count="0" type="stmt"/>
        <line num="1052" count="0" type="stmt"/>
        <line num="1053" count="0" type="stmt"/>
        <line num="1056" count="0" type="stmt"/>
        <line num="1058" count="0" type="stmt"/>
        <line num="1059" count="0" type="cond" truecount="0" falsecount="2"/>
        <line num="1060" count="0" type="cond" truecount="0" falsecount="2"/>
        <line num="1061" count="0" type="stmt"/>
        <line num="1062" count="0" type="cond" truecount="0" falsecount="2"/>
        <line num="1063" count="0" type="stmt"/>
        <line num="1068" count="0" type="stmt"/>
        <line num="1080" count="4" type="stmt"/>
        <line num="1081" count="1" type="stmt"/>
        <line num="1083" count="1" type="cond" truecount="4" falsecount="1"/>
        <line num="1084" count="0" type="stmt"/>
        <line num="1087" count="1" type="stmt"/>
        <line num="1088" count="1" type="cond" truecount="1" falsecount="1"/>
        <line num="1089" count="0" type="stmt"/>
        <line num="1092" count="1" type="stmt"/>
        <line num="1097" count="1" type="cond" truecount="1" falsecount="1"/>
        <line num="1098" count="0" type="stmt"/>
        <line num="1101" count="1" type="stmt"/>
        <line num="1102" count="1" type="cond" truecount="1" falsecount="3"/>
        <line num="1104" count="1" type="stmt"/>
        <line num="1105" count="1" type="stmt"/>
        <line num="1106" count="1" type="stmt"/>
        <line num="1107" count="1" type="stmt"/>
        <line num="1109" count="0" type="stmt"/>
        <line num="1110" count="0" type="stmt"/>
        <line num="1111" count="0" type="stmt"/>
        <line num="1112" count="0" type="stmt"/>
        <line num="1114" count="0" type="stmt"/>
        <line num="1115" count="0" type="stmt"/>
        <line num="1117" count="0" type="stmt"/>
        <line num="1118" count="0" type="stmt"/>
        <line num="1121" count="1" type="stmt"/>
        <line num="1123" count="1" type="stmt"/>
      </file>
    </package>
    <package name="server.middleware">
      <metrics statements="77" coveredstatements="34" conditionals="60" coveredconditionals="19" methods="17" coveredmethods="8"/>
      <file name="authMiddleware.js" path="/Users/aryan/HomeIQ/server/middleware/authMiddleware.js">
        <metrics statements="20" coveredstatements="13" conditionals="15" coveredconditionals="11" methods="3" coveredmethods="1"/>
        <line num="5" count="4" type="stmt"/>
        <line num="7" count="258" type="cond" truecount="4" falsecount="0"/>
        <line num="8" count="255" type="stmt"/>
        <line num="10" count="258" type="cond" truecount="4" falsecount="1"/>
        <line num="11" count="0" type="stmt"/>
        <line num="13" count="258" type="cond" truecount="2" falsecount="0"/>
        <line num="14" count="3" type="stmt"/>
        <line num="16" count="255" type="stmt"/>
        <line num="17" count="255" type="stmt"/>
        <line num="18" count="255" type="stmt"/>
        <line num="19" count="255" type="cond" truecount="1" falsecount="1"/>
        <line num="20" count="0" type="stmt"/>
        <line num="22" count="255" type="stmt"/>
        <line num="23" count="255" type="stmt"/>
        <line num="25" count="0" type="stmt"/>
        <line num="29" count="4" type="stmt"/>
        <line num="30" count="0" type="stmt"/>
        <line num="31" count="0" type="cond" truecount="0" falsecount="2"/>
        <line num="32" count="0" type="stmt"/>
        <line num="34" count="0" type="stmt"/>
      </file>
      <file name="csrfMiddleware.js" path="/Users/aryan/HomeIQ/server/middleware/csrfMiddleware.js">
        <metrics statements="33" coveredstatements="5" conditionals="33" coveredconditionals="1" methods="4" coveredmethods="1"/>
        <line num="6" count="4" type="stmt"/>
        <line num="8" count="567" type="cond" truecount="1" falsecount="1"/>
        <line num="9" count="567" type="stmt"/>
        <line num="13" count="0" type="cond" truecount="0" falsecount="5"/>
        <line num="14" count="0" type="stmt"/>
        <line num="18" count="0" type="cond" truecount="0" falsecount="2"/>
        <line num="19" count="0" type="stmt"/>
        <line num="23" count="0" type="stmt"/>
        <line num="24" count="0" type="stmt"/>
        <line num="27" count="0" type="stmt"/>
        <line num="35" count="0" type="stmt"/>
        <line num="36" count="0" type="stmt"/>
        <line num="37" count="0" type="stmt"/>
        <line num="39" count="0" type="cond" truecount="0" falsecount="2"/>
        <line num="40" count="0" type="cond" truecount="0" falsecount="2"/>
        <line num="42" count="0" type="stmt"/>
        <line num="43" count="0" type="stmt"/>
        <line num="46" count="0" type="cond" truecount="0" falsecount="4"/>
        <line num="47" count="0" type="cond" truecount="0" falsecount="4"/>
        <line num="48" count="0" type="stmt"/>
        <line num="51" count="0" type="stmt"/>
        <line num="58" count="0" type="stmt"/>
        <line num="59" count="0" type="cond" truecount="0" falsecount="4"/>
        <line num="60" count="0" type="cond" truecount="0" falsecount="4"/>
        <line num="61" count="0" type="stmt"/>
        <line num="64" count="0" type="stmt"/>
        <line num="70" count="0" type="stmt"/>
        <line num="74" count="4" type="stmt"/>
        <line num="75" count="0" type="stmt"/>
        <line num="79" count="4" type="stmt"/>
        <line num="80" count="0" type="cond" truecount="0" falsecount="4"/>
        <line num="81" count="0" type="stmt"/>
        <line num="83" count="0" type="stmt"/>
      </file>
      <file name="rateLimitMiddleware.js" path="/Users/aryan/HomeIQ/server/middleware/rateLimitMiddleware.js">
        <metrics statements="19" coveredstatements="11" conditionals="10" coveredconditionals="5" methods="9" coveredmethods="5"/>
        <line num="6" count="4" type="stmt"/>
        <line num="9" count="4" type="cond" truecount="1" falsecount="1"/>
        <line num="10" count="489" type="stmt"/>
        <line num="20" count="0" type="stmt"/>
        <line num="21" count="0" type="stmt"/>
        <line num="28" count="4" type="cond" truecount="1" falsecount="1"/>
        <line num="29" count="74" type="stmt"/>
        <line num="39" count="0" type="stmt"/>
        <line num="42" count="0" type="stmt"/>
        <line num="49" count="4" type="cond" truecount="1" falsecount="1"/>
        <line num="50" count="2" type="stmt"/>
        <line num="60" count="0" type="stmt"/>
        <line num="61" count="0" type="stmt"/>
        <line num="68" count="4" type="cond" truecount="1" falsecount="1"/>
        <line num="69" count="2" type="stmt"/>
        <line num="79" count="0" type="stmt"/>
        <line num="80" count="0" type="stmt"/>
        <line num="87" count="4" type="cond" truecount="1" falsecount="1"/>
        <line num="88" count="223" type="stmt"/>
      </file>
      <file name="validateMiddleware.js" path="/Users/aryan/HomeIQ/server/middleware/validateMiddleware.js">
        <metrics statements="5" coveredstatements="5" conditionals="2" coveredconditionals="2" methods="1" coveredmethods="1"/>
        <line num="3" count="4" type="stmt"/>
        <line num="4" count="297" type="stmt"/>
        <line num="5" count="297" type="cond" truecount="2" falsecount="0"/>
        <line num="6" count="5" type="stmt"/>
        <line num="8" count="292" type="stmt"/>
      </file>
    </package>
    <package name="server.models">
      <metrics statements="239" coveredstatements="194" conditionals="172" coveredconditionals="117" methods="36" coveredmethods="29"/>
      <file name="Property.js" path="/Users/aryan/HomeIQ/server/models/Property.js">
        <metrics statements="42" coveredstatements="27" conditionals="40" coveredconditionals="20" methods="9" coveredmethods="6"/>
        <line num="3" count="4" type="stmt"/>
        <line num="220" count="1" type="stmt"/>
        <line num="221" count="1" type="cond" truecount="2" falsecount="0"/>
        <line num="383" count="4" type="stmt"/>
        <line num="384" count="4" type="stmt"/>
        <line num="385" count="4" type="stmt"/>
        <line num="386" count="4" type="stmt"/>
        <line num="387" count="4" type="stmt"/>
        <line num="388" count="4" type="stmt"/>
        <line num="391" count="4" type="stmt"/>
        <line num="392" count="71" type="stmt"/>
        <line num="393" count="71" type="stmt"/>
        <line num="397" count="4" type="stmt"/>
        <line num="398" count="71" type="cond" truecount="3" falsecount="1"/>
        <line num="399" count="0" type="stmt"/>
        <line num="400" count="0" type="stmt"/>
        <line num="401" count="0" type="cond" truecount="0" falsecount="2"/>
        <line num="402" count="0" type="stmt"/>
        <line num="407" count="0" type="cond" truecount="0" falsecount="4"/>
        <line num="408" count="0" type="stmt"/>
        <line num="412" count="0" type="cond" truecount="0" falsecount="2"/>
        <line num="413" count="0" type="stmt"/>
        <line num="414" count="0" type="stmt"/>
        <line num="415" count="0" type="cond" truecount="0" falsecount="4"/>
        <line num="416" count="0" type="stmt"/>
        <line num="417" count="0" type="cond" truecount="0" falsecount="4"/>
        <line num="418" count="0" type="stmt"/>
        <line num="423" count="71" type="stmt"/>
        <line num="427" count="4" type="stmt"/>
        <line num="428" count="80" type="stmt"/>
        <line num="432" count="4" type="stmt"/>
        <line num="433" count="80" type="cond" truecount="2" falsecount="0"/>
        <line num="435" count="80" type="cond" truecount="2" falsecount="0"/>
        <line num="440" count="80" type="stmt"/>
        <line num="444" count="4" type="stmt"/>
        <line num="445" count="80" type="cond" truecount="3" falsecount="1"/>
        <line num="446" count="0" type="stmt"/>
        <line num="447" count="0" type="cond" truecount="0" falsecount="2"/>
        <line num="449" count="80" type="stmt"/>
        <line num="453" count="4" type="stmt"/>
        <line num="454" count="4" type="stmt"/>
        <line num="456" count="4" type="stmt"/>
      </file>
      <file name="Tenant.js" path="/Users/aryan/HomeIQ/server/models/Tenant.js">
        <metrics statements="178" coveredstatements="152" conditionals="130" coveredconditionals="95" methods="23" coveredmethods="20"/>
        <line num="5" count="4" type="stmt"/>
        <line num="40" count="114" type="stmt"/>
        <line num="41" count="114" type="stmt"/>
        <line num="42" count="114" type="stmt"/>
        <line num="1202" count="4" type="stmt"/>
        <line num="1203" count="4" type="stmt"/>
        <line num="1204" count="4" type="stmt"/>
        <line num="1205" count="4" type="stmt"/>
        <line num="1206" count="4" type="stmt"/>
        <line num="1207" count="4" type="stmt"/>
        <line num="1208" count="4" type="stmt"/>
        <line num="1211" count="4" type="stmt"/>
        <line num="1218" count="4" type="stmt"/>
        <line num="1219" count="110" type="cond" truecount="2" falsecount="0"/>
        <line num="1221" count="91" type="stmt"/>
        <line num="1222" count="91" type="stmt"/>
        <line num="1223" count="91" type="stmt"/>
        <line num="1226" count="110" type="stmt"/>
        <line num="1227" count="110" type="stmt"/>
        <line num="1228" count="110" type="stmt"/>
        <line num="1232" count="4" type="stmt"/>
        <line num="1233" count="110" type="cond" truecount="4" falsecount="0"/>
        <line num="1234" count="9" type="stmt"/>
        <line num="1235" count="9" type="cond" truecount="2" falsecount="2"/>
        <line num="1236" count="9" type="stmt"/>
        <line num="1240" count="110" type="stmt"/>
        <line num="1247" count="4" type="stmt"/>
        <line num="1248" count="104" type="stmt"/>
        <line num="1249" count="104" type="cond" truecount="3" falsecount="1"/>
        <line num="1250" count="0" type="stmt"/>
        <line num="1252" count="104" type="stmt"/>
        <line num="1256" count="4" type="stmt"/>
        <line num="1257" count="104" type="stmt"/>
        <line num="1258" count="104" type="cond" truecount="2" falsecount="0"/>
        <line num="1262" count="4" type="stmt"/>
        <line num="1263" count="105" type="cond" truecount="2" falsecount="0"/>
        <line num="1264" count="3" type="stmt"/>
        <line num="1266" count="102" type="stmt"/>
        <line num="1267" count="102" type="stmt"/>
        <line num="1268" count="102" type="stmt"/>
        <line num="1269" count="102" type="stmt"/>
        <line num="1270" count="102" type="cond" truecount="3" falsecount="2"/>
        <line num="1271" count="0" type="stmt"/>
        <line num="1273" count="102" type="stmt"/>
        <line num="1277" count="4" type="stmt"/>
        <line num="1278" count="103" type="cond" truecount="4" falsecount="0"/>
        <line num="1279" count="96" type="stmt"/>
        <line num="1281" count="7" type="cond" truecount="2" falsecount="0"/>
        <line num="1285" count="4" type="stmt"/>
        <line num="1286" count="103" type="stmt"/>
        <line num="1287" count="103" type="cond" truecount="2" falsecount="0"/>
        <line num="1288" count="3" type="stmt"/>
        <line num="1290" count="100" type="stmt"/>
        <line num="1294" count="4" type="stmt"/>
        <line num="1295" count="106" type="stmt"/>
        <line num="1296" count="106" type="cond" truecount="2" falsecount="0"/>
        <line num="1297" count="42" type="stmt"/>
        <line num="1300" count="64" type="stmt"/>
        <line num="1308" count="64" type="stmt"/>
        <line num="1312" count="4" type="stmt"/>
        <line num="1313" count="105" type="stmt"/>
        <line num="1314" count="105" type="cond" truecount="4" falsecount="0"/>
        <line num="1315" count="101" type="stmt"/>
        <line num="1317" count="4" type="cond" truecount="2" falsecount="2"/>
        <line num="1318" count="4" type="stmt"/>
        <line num="1326" count="4" type="stmt"/>
        <line num="1327" count="103" type="cond" truecount="2" falsecount="0"/>
        <line num="1328" count="3" type="stmt"/>
        <line num="1330" count="100" type="stmt"/>
        <line num="1331" count="100" type="stmt"/>
        <line num="1332" count="100" type="stmt"/>
        <line num="1333" count="100" type="stmt"/>
        <line num="1337" count="4" type="stmt"/>
        <line num="1338" count="103" type="stmt"/>
        <line num="1339" count="103" type="stmt"/>
        <line num="1341" count="0" type="stmt"/>
        <line num="1342" count="0" type="stmt"/>
        <line num="1347" count="4" type="stmt"/>
        <line num="1348" count="104" type="stmt"/>
        <line num="1349" count="104" type="stmt"/>
        <line num="1350" count="104" type="cond" truecount="2" falsecount="0"/>
        <line num="1353" count="104" type="cond" truecount="1" falsecount="1"/>
        <line num="1354" count="0" type="stmt"/>
        <line num="1358" count="104" type="cond" truecount="3" falsecount="1"/>
        <line num="1361" count="3" type="cond" truecount="1" falsecount="1"/>
        <line num="1366" count="60" type="cond" truecount="1" falsecount="1"/>
        <line num="1371" count="41" type="cond" truecount="1" falsecount="1"/>
        <line num="1375" count="0" type="stmt"/>
        <line num="1378" count="0" type="stmt"/>
        <line num="1379" count="0" type="cond" truecount="0" falsecount="2"/>
        <line num="1384" count="4" type="stmt"/>
        <line num="1385" count="4" type="stmt"/>
        <line num="1388" count="4" type="stmt"/>
        <line num="1389" count="0" type="stmt"/>
        <line num="1393" count="4" type="stmt"/>
        <line num="1394" count="0" type="stmt"/>
        <line num="1398" count="4" type="stmt"/>
        <line num="1399" count="4" type="stmt"/>
        <line num="1400" count="4" type="stmt"/>
        <line num="1404" count="4" type="stmt"/>
        <line num="1405" count="0" type="stmt"/>
        <line num="1406" count="0" type="cond" truecount="0" falsecount="2"/>
        <line num="1407" count="0" type="stmt"/>
        <line num="1408" count="0" type="stmt"/>
        <line num="1409" count="0" type="stmt"/>
        <line num="1411" count="0" type="stmt"/>
        <line num="1415" count="4" type="stmt"/>
        <line num="1416" count="6" type="stmt"/>
        <line num="1417" count="6" type="stmt"/>
        <line num="1419" count="6" type="cond" truecount="4" falsecount="0"/>
        <line num="1420" count="1" type="stmt"/>
        <line num="1423" count="5" type="cond" truecount="1" falsecount="1"/>
        <line num="1424" count="5" type="cond" truecount="1" falsecount="1"/>
        <line num="1426" count="5" type="cond" truecount="2" falsecount="0"/>
        <line num="1427" count="3" type="stmt"/>
        <line num="1430" count="2" type="stmt"/>
        <line num="1438" count="4" type="stmt"/>
        <line num="1439" count="6" type="stmt"/>
        <line num="1443" count="6" type="stmt"/>
        <line num="1444" count="6" type="stmt"/>
        <line num="1446" count="6" type="cond" truecount="2" falsecount="0"/>
        <line num="1447" count="2" type="stmt"/>
        <line num="1448" count="2" type="cond" truecount="1" falsecount="1"/>
        <line num="1449" count="2" type="cond" truecount="1" falsecount="1"/>
        <line num="1450" count="4" type="cond" truecount="2" falsecount="0"/>
        <line num="1452" count="3" type="stmt"/>
        <line num="1454" count="3" type="cond" truecount="2" falsecount="0"/>
        <line num="1455" count="3" type="cond" truecount="2" falsecount="0"/>
        <line num="1457" count="1" type="stmt"/>
        <line num="1460" count="5" type="stmt"/>
        <line num="1461" count="5" type="stmt"/>
        <line num="1463" count="5" type="cond" truecount="2" falsecount="0"/>
        <line num="1464" count="4" type="stmt"/>
        <line num="1471" count="1" type="stmt"/>
        <line num="1479" count="4" type="stmt"/>
        <line num="1480" count="212" type="stmt"/>
        <line num="1481" count="212" type="stmt"/>
        <line num="1486" count="212" type="cond" truecount="2" falsecount="0"/>
        <line num="1487" count="6" type="stmt"/>
        <line num="1488" count="6" type="stmt"/>
        <line num="1492" count="212" type="stmt"/>
        <line num="1493" count="212" type="cond" truecount="1" falsecount="1"/>
        <line num="1494" count="0" type="stmt"/>
        <line num="1495" count="0" type="stmt"/>
        <line num="1496" count="212" type="cond" truecount="4" falsecount="0"/>
        <line num="1497" count="202" type="stmt"/>
        <line num="1498" count="202" type="cond" truecount="2" falsecount="0"/>
        <line num="1499" count="196" type="stmt"/>
        <line num="1501" count="10" type="cond" truecount="1" falsecount="1"/>
        <line num="1502" count="0" type="cond" truecount="0" falsecount="2"/>
        <line num="1503" count="0" type="cond" truecount="0" falsecount="2"/>
        <line num="1504" count="0" type="stmt"/>
        <line num="1510" count="212" type="cond" truecount="3" falsecount="0"/>
        <line num="1514" count="212" type="cond" truecount="2" falsecount="0"/>
        <line num="1515" count="83" type="stmt"/>
        <line num="1516" count="83" type="stmt"/>
        <line num="1520" count="212" type="cond" truecount="2" falsecount="2"/>
        <line num="1521" count="0" type="stmt"/>
        <line num="1522" count="0" type="stmt"/>
        <line num="1526" count="212" type="cond" truecount="1" falsecount="1"/>
        <line num="1530" count="0" type="stmt"/>
        <line num="1531" count="0" type="cond" truecount="0" falsecount="2"/>
        <line num="1532" count="0" type="stmt"/>
        <line num="1536" count="212" type="stmt"/>
        <line num="1544" count="4" type="stmt"/>
        <line num="1545" count="4" type="stmt"/>
        <line num="1546" count="4" type="stmt"/>
        <line num="1547" count="4" type="stmt"/>
        <line num="1549" count="4" type="stmt"/>
        <line num="1550" count="4" type="stmt"/>
        <line num="1553" count="4" type="cond" truecount="2" falsecount="0"/>
        <line num="1554" count="2" type="stmt"/>
        <line num="1555" count="2" type="stmt"/>
        <line num="1558" count="4" type="cond" truecount="2" falsecount="0"/>
        <line num="1559" count="1" type="stmt"/>
        <line num="1560" count="1" type="stmt"/>
        <line num="1563" count="4" type="stmt"/>
        <line num="1584" count="4" type="stmt"/>
      </file>
      <file name="User.js" path="/Users/aryan/HomeIQ/server/models/User.js">
        <metrics statements="19" coveredstatements="15" conditionals="2" coveredconditionals="2" methods="4" coveredmethods="3"/>
        <line num="6" count="4" type="stmt"/>
        <line num="52" count="4" type="stmt"/>
        <line num="53" count="440" type="cond" truecount="2" falsecount="0"/>
        <line num="54" count="328" type="stmt"/>
        <line num="56" count="112" type="stmt"/>
        <line num="57" count="112" type="stmt"/>
        <line num="60" count="4" type="stmt"/>
        <line num="61" count="110" type="stmt"/>
        <line num="64" count="4" type="stmt"/>
        <line num="65" count="111" type="stmt"/>
        <line num="66" count="111" type="stmt"/>
        <line num="67" count="111" type="stmt"/>
        <line num="68" count="111" type="stmt"/>
        <line num="71" count="4" type="stmt"/>
        <line num="72" count="0" type="stmt"/>
        <line num="73" count="0" type="stmt"/>
        <line num="74" count="0" type="stmt"/>
        <line num="75" count="0" type="stmt"/>
        <line num="78" count="4" type="stmt"/>
      </file>
    </package>
    <package name="server.routes">
      <metrics statements="72" coveredstatements="56" conditionals="6" coveredconditionals="0" methods="2" coveredmethods="0"/>
[...]
        <line num="27" count="0" type="stmt"/>
        <line num="29" count="0" type="stmt"/>
        <line num="31" count="0" type="cond" truecount="0" falsecount="4"/>
        <line num="32" count="0" type="stmt"/>
        <line num="36" count="0" type="stmt"/>
        <line num="37" count="0" type="stmt"/>
        <line num="38" count="0" type="stmt"/>
        <line num="41" count="0" type="stmt"/>
        <line num="44" count="0" type="cond" truecount="0" falsecount="4"/>
        <line num="45" count="0" type="stmt"/>
        <line num="48" count="0" type="cond" truecount="0" falsecount="4"/>
        <line num="49" count="0" type="stmt"/>
        <line num="52" count="0" type="stmt"/>
        <line num="56" count="0" type="stmt"/>
        <line num="59" count="0" type="stmt"/>
        <line num="60" count="0" type="stmt"/>
        <line num="61" count="0" type="cond" truecount="0" falsecount="2"/>
        <line num="62" count="0" type="stmt"/>
        <line num="63" count="0" type="stmt"/>
        <line num="67" count="0" type="stmt"/>
        <line num="68" count="0" type="stmt"/>
        <line num="71" count="0" type="cond" truecount="0" falsecount="4"/>
        <line num="73" count="0" type="stmt"/>
        <line num="77" count="0" type="cond" truecount="0" falsecount="2"/>
        <line num="79" count="0" type="stmt"/>
        <line num="85" count="0" type="cond" truecount="0" falsecount="4"/>
        <line num="87" count="0" type="stmt"/>
        <line num="91" count="0" type="stmt"/>
        <line num="93" count="0" type="stmt"/>
        <line num="98" count="0" type="stmt"/>
        <line num="100" count="0" type="stmt"/>
        <line num="104" count="0" type="stmt"/>
        <line num="106" count="0" type="stmt"/>
        <line num="110" count="0" type="stmt"/>
        <line num="111" count="0" type="stmt"/>
        <line num="112" count="0" type="stmt"/>
        <line num="113" count="0" type="stmt"/>
        <line num="114" count="0" type="stmt"/>
        <line num="119" count="0" type="stmt"/>
        <line num="122" count="0" type="cond" truecount="0" falsecount="4"/>
        <line num="123" count="0" type="stmt"/>
        <line num="127" count="0" type="cond" truecount="0" falsecount="2"/>
        <line num="128" count="0" type="stmt"/>
        <line num="130" count="0" type="stmt"/>
        <line num="132" count="0" type="stmt"/>
        <line num="134" count="0" type="stmt"/>
        <line num="139" count="0" type="stmt"/>
        <line num="141" count="0" type="stmt"/>
        <line num="142" count="0" type="stmt"/>
        <line num="152" count="4" type="cond" truecount="0" falsecount="1"/>
        <line num="153" count="0" type="stmt"/>
        <line num="154" count="0" type="stmt"/>
        <line num="155" count="0" type="stmt"/>
        <line num="156" count="0" type="stmt"/>
        <line num="162" count="0" type="stmt"/>
        <line num="163" count="0" type="stmt"/>
        <line num="171" count="0" type="stmt"/>
        <line num="177" count="4" type="cond" truecount="0" falsecount="1"/>
        <line num="178" count="0" type="cond" truecount="0" falsecount="4"/>
        <line num="180" count="0" type="stmt"/>
        <line num="186" count="0" type="stmt"/>
        <line num="192" count="0" type="stmt"/>
        <line num="198" count="0" type="stmt"/>
        <line num="211" count="4" type="cond" truecount="0" falsecount="1"/>
        <line num="212" count="0" type="stmt"/>
        <line num="218" count="0" type="cond" truecount="0" falsecount="2"/>
      </file>
      <file name="multiUserS3.js" path="/Users/aryan/HomeIQ/server/utils/multiUserS3.js">
        <metrics statements="72" coveredstatements="11" conditionals="28" coveredconditionals="0" methods="11" coveredmethods="1"/>
        <line num="16" count="4" type="stmt"/>
        <line num="17" count="1" type="stmt"/>
        <line num="18" count="1" type="stmt"/>
        <line num="21" count="1" type="stmt"/>
        <line num="26" count="1" type="stmt"/>
        <line num="28" count="0" type="cond" truecount="0" falsecount="4"/>
        <line num="29" count="0" type="stmt"/>
        <line num="33" count="0" type="stmt"/>
        <line num="34" count="0" type="stmt"/>
        <line num="38" count="0" type="stmt"/>
        <line num="41" count="0" type="stmt"/>
        <line num="43" count="0" type="stmt"/>
        <line num="44" count="0" type="stmt"/>
        <line num="46" count="1" type="stmt"/>
        <line num="47" count="1" type="stmt"/>
        <line num="56" count="4" type="stmt"/>
        <line num="57" count="0" type="stmt"/>
        <line num="58" count="0" type="stmt"/>
        <line num="61" count="0" type="stmt"/>
        <line num="66" count="0" type="stmt"/>
        <line num="68" count="0" type="cond" truecount="0" falsecount="4"/>
        <line num="69" count="0" type="stmt"/>
        <line num="73" count="0" type="stmt"/>
        <line num="74" count="0" type="stmt"/>
        <line num="78" count="0" type="stmt"/>
        <line num="81" count="0" type="stmt"/>
        <line num="83" count="0" type="stmt"/>
        <line num="84" count="0" type="stmt"/>
        <line num="86" count="0" type="stmt"/>
        <line num="87" count="0" type="stmt"/>
        <line num="96" count="4" type="stmt"/>
        <line num="97" count="0" type="stmt"/>
        <line num="98" count="0" type="stmt"/>
        <line num="100" count="0" type="stmt"/>
        <line num="105" count="0" type="stmt"/>
        <line num="107" count="0" type="cond" truecount="0" falsecount="4"/>
        <line num="108" count="0" type="stmt"/>
        <line num="116" count="0" type="cond" truecount="0" falsecount="2"/>
        <line num="117" count="0" type="stmt"/>
        <line num="120" count="0" type="stmt"/>
        <line num="121" count="0" type="stmt"/>
        <line num="122" count="0" type="stmt"/>
        <line num="123" count="0" type="cond" truecount="0" falsecount="4"/>
        <line num="124" count="0" type="stmt"/>
        <line num="128" count="0" type="stmt"/>
        <line num="135" count="0" type="stmt"/>
        <line num="136" count="0" type="stmt"/>
        <line num="152" count="4" type="stmt"/>
        <line num="153" count="0" type="stmt"/>
        <line num="154" count="0" type="cond" truecount="0" falsecount="2"/>
        <line num="155" count="0" type="stmt"/>
        <line num="156" count="0" type="stmt"/>
        <line num="163" count="4" type="stmt"/>
        <line num="164" count="0" type="stmt"/>
        <line num="165" count="0" type="stmt"/>
        <line num="166" count="0" type="stmt"/>
        <line num="168" count="0" type="stmt"/>
        <line num="173" count="0" type="stmt"/>
        <line num="175" count="0" type="cond" truecount="0" falsecount="4"/>
        <line num="176" count="0" type="stmt"/>
        <line num="180" count="0" type="stmt"/>
        <line num="181" count="0" type="cond" truecount="0" falsecount="2"/>
        <line num="184" count="0" type="cond" truecount="0" falsecount="2"/>
        <line num="185" count="0" type="stmt"/>
        <line num="189" count="0" type="stmt"/>
        <line num="190" count="0" type="stmt"/>
        <line num="194" count="0" type="stmt"/>
        <line num="197" count="0" type="stmt"/>
        <line num="199" count="0" type="stmt"/>
        <line num="200" count="0" type="stmt"/>
        <line num="202" count="0" type="stmt"/>
        <line num="203" count="0" type="stmt"/>
      </file>
      <file name="s3Upload.js" path="/Users/aryan/HomeIQ/server/utils/s3Upload.js">
        <metrics statements="18" coveredstatements="2" conditionals="5" coveredconditionals="0" methods="3" coveredmethods="0"/>
        <line num="15" count="4" type="stmt"/>
        <line num="22" count="0" type="stmt"/>
        <line num="23" count="0" type="stmt"/>
        <line num="24" count="0" type="stmt"/>
        <line num="26" count="0" type="cond" truecount="0" falsecount="2"/>
        <line num="28" count="0" type="stmt"/>
        <line num="41" count="0" type="stmt"/>
        <line num="42" count="0" type="stmt"/>
        <line num="43" count="0" type="stmt"/>
        <line num="46" count="0" type="stmt"/>
        <line num="48" count="0" type="stmt"/>
        <line num="49" count="0" type="stmt"/>
        <line num="61" count="4" type="stmt"/>
        <line num="67" count="0" type="stmt"/>
        <line num="68" count="0" type="stmt"/>
        <line num="69" count="0" type="stmt"/>
        <line num="72" count="0" type="stmt"/>
        <line num="73" count="0" type="stmt"/>
      </file>
      <file name="s3Utils.js" path="/Users/aryan/HomeIQ/server/utils/s3Utils.js">
        <metrics statements="48" coveredstatements="4" conditionals="22" coveredconditionals="0" methods="4" coveredmethods="0"/>
        <line num="10" count="4" type="stmt"/>
        <line num="11" count="0" type="stmt"/>
        <line num="12" count="0" type="stmt"/>
        <line num="15" count="0" type="cond" truecount="0" falsecount="2"/>
        <line num="16" count="0" type="stmt"/>
        <line num="18" count="0" type="cond" truecount="0" falsecount="2"/>
        <line num="19" count="0" type="stmt"/>
        <line num="20" count="0" type="stmt"/>
        <line num="22" count="0" type="stmt"/>
        <line num="25" count="0" type="stmt"/>
        <line num="30" count="0" type="stmt"/>
        <line num="31" count="0" type="stmt"/>
        <line num="33" count="0" type="stmt"/>
        <line num="35" count="0" type="cond" truecount="0" falsecount="2"/>
        <line num="36" count="0" type="stmt"/>
        <line num="37" count="0" type="stmt"/>
        <line num="39" count="0" type="stmt"/>
        <line num="48" count="4" type="stmt"/>
        <line num="49" count="0" type="stmt"/>
        <line num="50" count="0" type="stmt"/>
        <line num="53" count="0" type="cond" truecount="0" falsecount="2"/>
        <line num="54" count="0" type="stmt"/>
        <line num="55" count="0" type="stmt"/>
        <line num="59" count="0" type="cond" truecount="0" falsecount="2"/>
        <line num="61" count="0" type="stmt"/>
        <line num="62" count="0" type="cond" truecount="0" falsecount="2"/>
        <line num="63" count="0" type="stmt"/>
        <line num="64" count="0" type="stmt"/>
        <line num="66" count="0" type="cond" truecount="0" falsecount="2"/>
        <line num="70" count="0" type="stmt"/>
        <line num="71" count="0" type="cond" truecount="0" falsecount="2"/>
        <line num="72" count="0" type="stmt"/>
        <line num="76" count="0" type="stmt"/>
        <line num="78" count="0" type="stmt"/>
        <line num="79" count="0" type="stmt"/>
        <line num="88" count="4" type="stmt"/>
        <line num="89" count="0" type="stmt"/>
        <line num="90" count="0" type="stmt"/>
        <line num="95" count="0" type="stmt"/>
        <line num="96" count="0" type="stmt"/>
        <line num="98" count="0" type="cond" truecount="0" falsecount="2"/>
        <line num="99" count="0" type="stmt"/>
        <line num="101" count="0" type="stmt"/>
        <line num="102" count="0" type="stmt"/>
        <line num="111" count="4" type="stmt"/>
        <line num="112" count="0" type="stmt"/>
        <line num="113" count="0" type="cond" truecount="0" falsecount="2"/>
        <line num="114" count="0" type="stmt"/>
      </file>
      <file name="scheduledTasks.js" path="/Users/aryan/HomeIQ/server/utils/scheduledTasks.js">
        <metrics statements="25" coveredstatements="4" conditionals="4" coveredconditionals="0" methods="4" coveredmethods="0"/>
        <line num="9" count="4" type="stmt"/>
        <line num="14" count="4" type="stmt"/>
        <line num="16" count="0" type="cond" truecount="0" falsecount="2"/>
        <line num="17" count="0" type="stmt"/>
        <line num="18" count="0" type="stmt"/>
        <line num="22" count="0" type="stmt"/>
        <line num="24" count="0" type="stmt"/>
        <line num="25" count="0" type="stmt"/>
        <line num="26" count="0" type="stmt"/>
        <line num="27" count="0" type="stmt"/>
        <line num="29" count="0" type="stmt"/>
        <line num="35" count="0" type="stmt"/>
        <line num="41" count="4" type="stmt"/>
        <line num="42" count="0" type="cond" truecount="0" falsecount="2"/>
        <line num="43" count="0" type="stmt"/>
        <line num="44" count="0" type="stmt"/>
        <line num="45" count="0" type="stmt"/>
        <line num="52" count="4" type="stmt"/>
        <line num="53" count="0" type="stmt"/>
        <line num="54" count="0" type="stmt"/>
        <line num="55" count="0" type="stmt"/>
        <line num="56" count="0" type="stmt"/>
        <line num="57" count="0" type="stmt"/>
        <line num="59" count="0" type="stmt"/>
        <line num="60" count="0" type="stmt"/>
      </file>
      <file name="swagger.js" path="/Users/aryan/HomeIQ/server/utils/swagger.js">
        <metrics statements="2" coveredstatements="2" conditionals="0" coveredconditionals="0" methods="0" coveredmethods="0"/>
        <line num="3" count="4" type="stmt"/>
        <line num="31" count="4" type="stmt"/>
      </file>
    </package>
    <package name="server.validators">
      <metrics statements="109" coveredstatements="82" conditionals="47" coveredconditionals="25" methods="24" coveredmethods="17"/>
      <file name="authValidators.js" path="/Users/aryan/HomeIQ/server/validators/authValidators.js">
        <metrics statements="5" coveredstatements="5" conditionals="0" coveredconditionals="0" methods="0" coveredmethods="0"/>
        <line num="3" count="4" type="stmt"/>
        <line num="10" count="4" type="stmt"/>
        <line num="15" count="4" type="stmt"/>
        <line num="19" count="4" type="stmt"/>
        <line num="23" count="4" type="stmt"/>
      </file>
      <file name="propertyValidators.js" path="/Users/aryan/HomeIQ/server/validators/propertyValidators.js">
        <metrics statements="13" coveredstatements="10" conditionals="5" coveredconditionals="0" methods="1" coveredmethods="0"/>
        <line num="5" count="4" type="stmt"/>
        <line num="7" count="0" type="cond" truecount="0" falsecount="5"/>
        <line num="8" count="0" type="stmt"/>
        <line num="10" count="0" type="stmt"/>
        <line num="14" count="4" type="stmt"/>
        <line num="106" count="4" type="stmt"/>
        <line num="204" count="4" type="stmt"/>
        <line num="213" count="4" type="stmt"/>
        <line num="243" count="4" type="stmt"/>
        <line num="252" count="4" type="stmt"/>
        <line num="302" count="4" type="stmt"/>
        <line num="345" count="4" type="stmt"/>
        <line num="382" count="4" type="stmt"/>
      </file>
      <file name="tenantValidators.js" path="/Users/aryan/HomeIQ/server/validators/tenantValidators.js">
        <metrics statements="91" coveredstatements="67" conditionals="42" coveredconditionals="25" methods="23" coveredmethods="17"/>
        <line num="6" count="4" type="stmt"/>
        <line num="7" count="161" type="stmt"/>
        <line num="8" count="161" type="cond" truecount="2" falsecount="0"/>
        <line num="9" count="70" type="stmt"/>
        <line num="10" count="57" type="stmt"/>
        <line num="12" count="104" type="stmt"/>
        <line num="16" count="4" type="stmt"/>
        <line num="18" count="4" type="stmt"/>
        <line num="19" count="12" type="stmt"/>
        <line num="24" count="4" type="stmt"/>
        <line num="25" count="4" type="stmt"/>
        <line num="31" count="4" type="stmt"/>
        <line num="70" count="107" type="stmt"/>
        <line num="71" count="107" type="stmt"/>
        <line num="72" count="107" type="stmt"/>
        <line num="73" count="107" type="cond" truecount="2" falsecount="0"/>
        <line num="74" count="2" type="stmt"/>
        <line num="76" count="105" type="stmt"/>
        <line num="268" count="71" type="cond" truecount="2" falsecount="0"/>
        <line num="269" count="1" type="stmt"/>
        <line num="271" count="70" type="stmt"/>
        <line num="279" count="71" type="cond" truecount="2" falsecount="0"/>
        <line num="280" count="1" type="stmt"/>
        <line num="282" count="70" type="stmt"/>
        <line num="290" count="71" type="cond" truecount="1" falsecount="1"/>
        <line num="291" count="0" type="stmt"/>
        <line num="293" count="71" type="stmt"/>
        <line num="301" count="71" type="cond" truecount="1" falsecount="1"/>
        <line num="302" count="0" type="stmt"/>
        <line num="304" count="71" type="stmt"/>
        <line num="334" count="1" type="cond" truecount="1" falsecount="1"/>
        <line num="335" count="1" type="stmt"/>
        <line num="337" count="0" type="stmt"/>
        <line num="351" count="4" type="stmt"/>
        <line num="370" count="0" type="stmt"/>
        <line num="371" count="0" type="stmt"/>
        <line num="372" count="0" type="stmt"/>
        <line num="373" count="0" type="cond" truecount="0" falsecount="2"/>
        <line num="374" count="0" type="stmt"/>
        <line num="376" count="0" type="stmt"/>
        <line num="397" count="0" type="cond" truecount="0" falsecount="2"/>
        <line num="398" count="0" type="stmt"/>
        <line num="400" count="0" type="stmt"/>
        <line num="408" count="0" type="cond" truecount="0" falsecount="4"/>
        <line num="409" count="0" type="stmt"/>
        <line num="411" count="0" type="stmt"/>
        <line num="418" count="4" type="stmt"/>
        <line num="445" count="15" type="stmt"/>
        <line num="446" count="15" type="stmt"/>
        <line num="447" count="15" type="cond" truecount="2" falsecount="0"/>
        <line num="448" count="2" type="stmt"/>
        <line num="450" count="13" type="stmt"/>
        <line num="459" count="15" type="cond" truecount="2" falsecount="0"/>
        <line num="460" count="1" type="stmt"/>
        <line num="462" count="14" type="stmt"/>
        <line num="470" count="12" type="cond" truecount="2" falsecount="0"/>
        <line num="471" count="1" type="stmt"/>
        <line num="473" count="11" type="stmt"/>
        <line num="481" count="0" type="cond" truecount="0" falsecount="2"/>
        <line num="482" count="0" type="stmt"/>
        <line num="484" count="0" type="stmt"/>
        <line num="502" count="4" type="stmt"/>
        <line num="532" count="0" type="cond" truecount="0" falsecount="2"/>
        <line num="533" count="0" type="stmt"/>
        <line num="535" count="0" type="stmt"/>
        <line num="554" count="4" type="stmt"/>
        <line num="592" count="4" type="stmt"/>
        <line num="640" count="4" type="stmt"/>
        <line num="676" count="0" type="cond" truecount="0" falsecount="2"/>
        <line num="677" count="0" type="stmt"/>
        <line num="679" count="0" type="stmt"/>
        <line num="686" count="4" type="stmt"/>
        <line num="710" count="4" type="stmt"/>
        <line num="717" count="6" type="cond" truecount="2" falsecount="0"/>
        <line num="718" count="1" type="stmt"/>
        <line num="720" count="5" type="stmt"/>
        <line num="728" count="5" type="cond" truecount="2" falsecount="0"/>
        <line num="729" count="1" type="stmt"/>
        <line num="731" count="4" type="stmt"/>
        <line num="739" count="4" type="cond" truecount="2" falsecount="0"/>
        <line num="740" count="1" type="stmt"/>
        <line num="742" count="3" type="stmt"/>
        <line num="749" count="4" type="stmt"/>
        <line num="786" count="4" type="stmt"/>
        <line num="845" count="4" type="stmt"/>
        <line num="852" count="7" type="cond" truecount="2" falsecount="0"/>
        <line num="853" count="1" type="stmt"/>
        <line num="855" count="6" type="stmt"/>
        <line num="862" count="4" type="stmt"/>
        <line num="863" count="4" type="stmt"/>
        <line num="866" count="4" type="stmt"/>
      </file>
    </package>
  </project>
</coverage>
