{"/Users/aryan/HomeIQ/server/eslint.config.js": {"path":"/Users/aryan/HomeIQ/server/eslint.config.js","statementMap":{},"fnMap":{},"branchMap":{},"s":{},"f":{},"b":{},"inputSourceMap":null}
,"/Users/aryan/HomeIQ/server/config/redis.js": {"path":"/Users/aryan/HomeIQ/server/config/redis.js","statementMap":{"0":{"start":{"line":7,"column":4},"end":{"line":7,"column":23}},"1":{"start":{"line":8,"column":4},"end":{"line":8,"column":29}},"2":{"start":{"line":12,"column":4},"end":{"line":69,"column":5}},"3":{"start":{"line":14,"column":26},"end":{"line":29,"column":7}},"4":{"start":{"line":19,"column":12},"end":{"line":22,"column":13}},"5":{"start":{"line":20,"column":14},"end":{"line":20,"column":70}},"6":{"start":{"line":21,"column":14},"end":{"line":21,"column":27}},"7":{"start":{"line":24,"column":26},"end":{"line":24,"column":68}},"8":{"start":{"line":25,"column":12},"end":{"line":25,"column":85}},"9":{"start":{"line":26,"column":12},"end":{"line":26,"column":25}},"10":{"start":{"line":31,"column":6},"end":{"line":31,"column":46}},"11":{"start":{"line":34,"column":6},"end":{"line":36,"column":9}},"12":{"start":{"line":35,"column":8},"end":{"line":35,"column":46}},"13":{"start":{"line":38,"column":6},"end":{"line":41,"column":9}},"14":{"start":{"line":39,"column":8},"end":{"line":39,"column":32}},"15":{"start":{"line":40,"column":8},"end":{"line":40,"column":42}},"16":{"start":{"line":43,"column":6},"end":{"line":46,"column":9}},"17":{"start":{"line":44,"column":8},"end":{"line":44,"column":33}},"18":{"start":{"line":45,"column":8},"end":{"line":45,"column":49}},"19":{"start":{"line":48,"column":6},"end":{"line":51,"column":9}},"20":{"start":{"line":49,"column":8},"end":{"line":49,"column":33}},"21":{"start":{"line":50,"column":8},"end":{"line":50,"column":53}},"22":{"start":{"line":53,"column":6},"end":{"line":55,"column":9}},"23":{"start":{"line":54,"column":8},"end":{"line":54,"column":52}},"24":{"start":{"line":58,"column":6},"end":{"line":58,"column":34}},"25":{"start":{"line":61,"column":6},"end":{"line":61,"column":31}},"26":{"start":{"line":62,"column":6},"end":{"line":62,"column":63}},"27":{"start":{"line":64,"column":6},"end":{"line":64,"column":31}},"28":{"start":{"line":65,"column":6},"end":{"line":65,"column":65}},"29":{"start":{"line":68,"column":6},"end":{"line":68,"column":69}},"30":{"start":{"line":73,"column":4},"end":{"line":80,"column":5}},"31":{"start":{"line":74,"column":6},"end":{"line":77,"column":7}},"32":{"start":{"line":75,"column":8},"end":{"line":75,"column":33}},"33":{"start":{"line":76,"column":8},"end":{"line":76,"column":60}},"34":{"start":{"line":79,"column":6},"end":{"line":79,"column":64}},"35":{"start":{"line":85,"column":4},"end":{"line":93,"column":5}},"36":{"start":{"line":86,"column":6},"end":{"line":88,"column":7}},"37":{"start":{"line":87,"column":8},"end":{"line":87,"column":20}},"38":{"start":{"line":89,"column":6},"end":{"line":89,"column":40}},"39":{"start":{"line":91,"column":6},"end":{"line":91,"column":69}},"40":{"start":{"line":92,"column":6},"end":{"line":92,"column":18}},"41":{"start":{"line":97,"column":4},"end":{"line":106,"column":5}},"42":{"start":{"line":98,"column":6},"end":{"line":100,"column":7}},"43":{"start":{"line":99,"column":8},"end":{"line":99,"column":21}},"44":{"start":{"line":101,"column":6},"end":{"line":101,"column":49}},"45":{"start":{"line":102,"column":6},"end":{"line":102,"column":18}},"46":{"start":{"line":104,"column":6},"end":{"line":104,"column":69}},"47":{"start":{"line":105,"column":6},"end":{"line":105,"column":19}},"48":{"start":{"line":110,"column":4},"end":{"line":119,"column":5}},"49":{"start":{"line":111,"column":6},"end":{"line":113,"column":7}},"50":{"start":{"line":112,"column":8},"end":{"line":112,"column":21}},"51":{"start":{"line":114,"column":6},"end":{"line":114,"column":33}},"52":{"start":{"line":115,"column":6},"end":{"line":115,"column":18}},"53":{"start":{"line":117,"column":6},"end":{"line":117,"column":69}},"54":{"start":{"line":118,"column":6},"end":{"line":118,"column":19}},"55":{"start":{"line":123,"column":4},"end":{"line":137,"column":5}},"56":{"start":{"line":124,"column":6},"end":{"line":126,"column":7}},"57":{"start":{"line":125,"column":8},"end":{"line":125,"column":21}},"58":{"start":{"line":128,"column":19},"end":{"line":128,"column":50}},"59":{"start":{"line":129,"column":6},"end":{"line":132,"column":7}},"60":{"start":{"line":130,"column":8},"end":{"line":130,"column":36}},"61":{"start":{"line":131,"column":8},"end":{"line":131,"column":80}},"62":{"start":{"line":133,"column":6},"end":{"line":133,"column":18}},"63":{"start":{"line":135,"column":6},"end":{"line":135,"column":85}},"64":{"start":{"line":136,"column":6},"end":{"line":136,"column":19}},"65":{"start":{"line":141,"column":4},"end":{"line":149,"column":5}},"66":{"start":{"line":142,"column":6},"end":{"line":144,"column":7}},"67":{"start":{"line":143,"column":8},"end":{"line":143,"column":21}},"68":{"start":{"line":145,"column":6},"end":{"line":145,"column":43}},"69":{"start":{"line":147,"column":6},"end":{"line":147,"column":72}},"70":{"start":{"line":148,"column":6},"end":{"line":148,"column":19}},"71":{"start":{"line":153,"column":4},"end":{"line":161,"column":5}},"72":{"start":{"line":154,"column":6},"end":{"line":156,"column":7}},"73":{"start":{"line":155,"column":8},"end":{"line":155,"column":18}},"74":{"start":{"line":157,"column":6},"end":{"line":157,"column":40}},"75":{"start":{"line":159,"column":6},"end":{"line":159,"column":69}},"76":{"start":{"line":160,"column":6},"end":{"line":160,"column":16}},"77":{"start":{"line":166,"column":4},"end":{"line":166,"column":43}},"78":{"start":{"line":171,"column":4},"end":{"line":190,"column":5}},"79":{"start":{"line":172,"column":6},"end":{"line":174,"column":7}},"80":{"start":{"line":173,"column":8},"end":{"line":173,"column":81}},"81":{"start":{"line":176,"column":20},"end":{"line":176,"column":30}},"82":{"start":{"line":177,"column":6},"end":{"line":177,"column":31}},"83":{"start":{"line":178,"column":27},"end":{"line":178,"column":45}},"84":{"start":{"line":180,"column":6},"end":{"line":184,"column":8}},"85":{"start":{"line":186,"column":6},"end":{"line":189,"column":8}},"86":{"start":{"line":195,"column":20},"end":{"line":195,"column":37}},"87":{"start":{"line":198,"column":0},"end":{"line":201,"column":3}},"88":{"start":{"line":199,"column":2},"end":{"line":199,"column":62}},"89":{"start":{"line":200,"column":2},"end":{"line":200,"column":33}},"90":{"start":{"line":203,"column":0},"end":{"line":206,"column":3}},"91":{"start":{"line":204,"column":2},"end":{"line":204,"column":63}},"92":{"start":{"line":205,"column":2},"end":{"line":205,"column":33}}},"fnMap":{"0":{"name":"(anonymous_0)","decl":{"start":{"line":6,"column":2},"end":{"line":6,"column":3}},"loc":{"start":{"line":6,"column":16},"end":{"line":9,"column":3}},"line":6},"1":{"name":"(anonymous_1)","decl":{"start":{"line":11,"column":2},"end":{"line":11,"column":3}},"loc":{"start":{"line":11,"column":18},"end":{"line":70,"column":3}},"line":11},"2":{"name":"(anonymous_2)","decl":{"start":{"line":18,"column":29},"end":{"line":18,"column":30}},"loc":{"start":{"line":18,"column":40},"end":{"line":27,"column":11}},"line":18},"3":{"name":"(anonymous_3)","decl":{"start":{"line":34,"column":32},"end":{"line":34,"column":33}},"loc":{"start":{"line":34,"column":38},"end":{"line":36,"column":7}},"line":34},"4":{"name":"(anonymous_4)","decl":{"start":{"line":38,"column":30},"end":{"line":38,"column":31}},"loc":{"start":{"line":38,"column":36},"end":{"line":41,"column":7}},"line":38},"5":{"name":"(anonymous_5)","decl":{"start":{"line":43,"column":30},"end":{"line":43,"column":31}},"loc":{"start":{"line":43,"column":37},"end":{"line":46,"column":7}},"line":43},"6":{"name":"(anonymous_6)","decl":{"start":{"line":48,"column":28},"end":{"line":48,"column":29}},"loc":{"start":{"line":48,"column":34},"end":{"line":51,"column":7}},"line":48},"7":{"name":"(anonymous_7)","decl":{"start":{"line":53,"column":37},"end":{"line":53,"column":38}},"loc":{"start":{"line":53,"column":43},"end":{"line":55,"column":7}},"line":53},"8":{"name":"(anonymous_8)","decl":{"start":{"line":72,"column":2},"end":{"line":72,"column":3}},"loc":{"start":{"line":72,"column":21},"end":{"line":81,"column":3}},"line":72},"9":{"name":"(anonymous_9)","decl":{"start":{"line":84,"column":2},"end":{"line":84,"column":3}},"loc":{"start":{"line":84,"column":17},"end":{"line":94,"column":3}},"line":84},"10":{"name":"(anonymous_10)","decl":{"start":{"line":96,"column":2},"end":{"line":96,"column":3}},"loc":{"start":{"line":96,"column":38},"end":{"line":107,"column":3}},"line":96},"11":{"name":"(anonymous_11)","decl":{"start":{"line":109,"column":2},"end":{"line":109,"column":3}},"loc":{"start":{"line":109,"column":17},"end":{"line":120,"column":3}},"line":109},"12":{"name":"(anonymous_12)","decl":{"start":{"line":122,"column":2},"end":{"line":122,"column":3}},"loc":{"start":{"line":122,"column":28},"end":{"line":138,"column":3}},"line":122},"13":{"name":"(anonymous_13)","decl":{"start":{"line":140,"column":2},"end":{"line":140,"column":3}},"loc":{"start":{"line":140,"column":20},"end":{"line":150,"column":3}},"line":140},"14":{"name":"(anonymous_14)","decl":{"start":{"line":152,"column":2},"end":{"line":152,"column":3}},"loc":{"start":{"line":152,"column":17},"end":{"line":162,"column":3}},"line":152},"15":{"name":"(anonymous_15)","decl":{"start":{"line":165,"column":2},"end":{"line":165,"column":3}},"loc":{"start":{"line":165,"column":16},"end":{"line":167,"column":3}},"line":165},"16":{"name":"(anonymous_16)","decl":{"start":{"line":170,"column":2},"end":{"line":170,"column":3}},"loc":{"start":{"line":170,"column":22},"end":{"line":191,"column":3}},"line":170},"17":{"name":"(anonymous_17)","decl":{"start":{"line":198,"column":21},"end":{"line":198,"column":22}},"loc":{"start":{"line":198,"column":33},"end":{"line":201,"column":1}},"line":198},"18":{"name":"(anonymous_18)","decl":{"start":{"line":203,"column":22},"end":{"line":203,"column":23}},"loc":{"start":{"line":203,"column":34},"end":{"line":206,"column":1}},"line":203}},"branchMap":{"0":{"loc":{"start":{"line":15,"column":13},"end":{"line":15,"column":62}},"type":"binary-expr","locations":[{"start":{"line":15,"column":13},"end":{"line":15,"column":34}},{"start":{"line":15,"column":38},"end":{"line":15,"column":62}}],"line":15},"1":{"loc":{"start":{"line":19,"column":12},"end":{"line":22,"column":13}},"type":"if","locations":[{"start":{"line":19,"column":12},"end":{"line":22,"column":13}},{"start":{},"end":{}}],"line":19},"2":{"loc":{"start":{"line":74,"column":6},"end":{"line":77,"column":7}},"type":"if","locations":[{"start":{"line":74,"column":6},"end":{"line":77,"column":7}},{"start":{},"end":{}}],"line":74},"3":{"loc":{"start":{"line":74,"column":10},"end":{"line":74,"column":41}},"type":"binary-expr","locations":[{"start":{"line":74,"column":10},"end":{"line":74,"column":21}},{"start":{"line":74,"column":25},"end":{"line":74,"column":41}}],"line":74},"4":{"loc":{"start":{"line":86,"column":6},"end":{"line":88,"column":7}},"type":"if","locations":[{"start":{"line":86,"column":6},"end":{"line":88,"column":7}},{"start":{},"end":{}}],"line":86},"5":{"loc":{"start":{"line":86,"column":10},"end":{"line":86,"column":43}},"type":"binary-expr","locations":[{"start":{"line":86,"column":10},"end":{"line":86,"column":27}},{"start":{"line":86,"column":31},"end":{"line":86,"column":43}}],"line":86},"6":{"loc":{"start":{"line":96,"column":24},"end":{"line":96,"column":36}},"type":"default-arg","locations":[{"start":{"line":96,"column":34},"end":{"line":96,"column":36}}],"line":96},"7":{"loc":{"start":{"line":98,"column":6},"end":{"line":100,"column":7}},"type":"if","locations":[{"start":{"line":98,"column":6},"end":{"line":100,"column":7}},{"start":{},"end":{}}],"line":98},"8":{"loc":{"start":{"line":98,"column":10},"end":{"line":98,"column":43}},"type":"binary-expr","locations":[{"start":{"line":98,"column":10},"end":{"line":98,"column":27}},{"start":{"line":98,"column":31},"end":{"line":98,"column":43}}],"line":98},"9":{"loc":{"start":{"line":111,"column":6},"end":{"line":113,"column":7}},"type":"if","locations":[{"start":{"line":111,"column":6},"end":{"line":113,"column":7}},{"start":{},"end":{}}],"line":111},"10":{"loc":{"start":{"line":111,"column":10},"end":{"line":111,"column":43}},"type":"binary-expr","locations":[{"start":{"line":111,"column":10},"end":{"line":111,"column":27}},{"start":{"line":111,"column":31},"end":{"line":111,"column":43}}],"line":111},"11":{"loc":{"start":{"line":124,"column":6},"end":{"line":126,"column":7}},"type":"if","locations":[{"start":{"line":124,"column":6},"end":{"line":126,"column":7}},{"start":{},"end":{}}],"line":124},"12":{"loc":{"start":{"line":124,"column":10},"end":{"line":124,"column":43}},"type":"binary-expr","locations":[{"start":{"line":124,"column":10},"end":{"line":124,"column":27}},{"start":{"line":124,"column":31},"end":{"line":124,"column":43}}],"line":124},"13":{"loc":{"start":{"line":129,"column":6},"end":{"line":132,"column":7}},"type":"if","locations":[{"start":{"line":129,"column":6},"end":{"line":132,"column":7}},{"start":{},"end":{}}],"line":129},"14":{"loc":{"start":{"line":142,"column":6},"end":{"line":144,"column":7}},"type":"if","locations":[{"start":{"line":142,"column":6},"end":{"line":144,"column":7}},{"start":{},"end":{}}],"line":142},"15":{"loc":{"start":{"line":142,"column":10},"end":{"line":142,"column":43}},"type":"binary-expr","locations":[{"start":{"line":142,"column":10},"end":{"line":142,"column":27}},{"start":{"line":142,"column":31},"end":{"line":142,"column":43}}],"line":142},"16":{"loc":{"start":{"line":154,"column":6},"end":{"line":156,"column":7}},"type":"if","locations":[{"start":{"line":154,"column":6},"end":{"line":156,"column":7}},{"start":{},"end":{}}],"line":154},"17":{"loc":{"start":{"line":154,"column":10},"end":{"line":154,"column":43}},"type":"binary-expr","locations":[{"start":{"line":154,"column":10},"end":{"line":154,"column":27}},{"start":{"line":154,"column":31},"end":{"line":154,"column":43}}],"line":154},"18":{"loc":{"start":{"line":166,"column":11},"end":{"line":166,"column":42}},"type":"binary-expr","locations":[{"start":{"line":166,"column":11},"end":{"line":166,"column":27}},{"start":{"line":166,"column":31},"end":{"line":166,"column":42}}],"line":166},"19":{"loc":{"start":{"line":172,"column":6},"end":{"line":174,"column":7}},"type":"if","locations":[{"start":{"line":172,"column":6},"end":{"line":174,"column":7}},{"start":{},"end":{}}],"line":172},"20":{"loc":{"start":{"line":172,"column":10},"end":{"line":172,"column":43}},"type":"binary-expr","locations":[{"start":{"line":172,"column":10},"end":{"line":172,"column":27}},{"start":{"line":172,"column":31},"end":{"line":172,"column":43}}],"line":172}},"s":{"0":4,"1":4,"2":0,"3":0,"4":0,"5":0,"6":0,"7":0,"8":0,"9":0,"10":0,"11":0,"12":0,"13":0,"14":0,"15":0,"16":0,"17":0,"18":0,"19":0,"20":0,"21":0,"22":0,"23":0,"24":0,"25":0,"26":0,"27":0,"28":0,"29":0,"30":0,"31":0,"32":0,"33":0,"34":0,"35":5,"36":5,"37":5,"38":0,"39":0,"40":0,"41":3,"42":3,"43":3,"44":0,"45":0,"46":0,"47":0,"48":252,"49":252,"50":252,"51":0,"52":0,"53":0,"54":0,"55":0,"56":0,"57":0,"58":0,"59":0,"60":0,"61":0,"62":0,"63":0,"64":0,"65":0,"66":0,"67":0,"68":0,"69":0,"70":0,"71":0,"72":0,"73":0,"74":0,"75":0,"76":0,"77":0,"78":0,"79":0,"80":0,"81":0,"82":0,"83":0,"84":0,"85":0,"86":4,"87":4,"88":0,"89":0,"90":4,"91":0,"92":0},"f":{"0":4,"1":0,"2":0,"3":0,"4":0,"5":0,"6":0,"7":0,"8":0,"9":5,"10":3,"11":252,"12":0,"13":0,"14":0,"15":0,"16":0,"17":0,"18":0},"b":{"0":[0,0],"1":[0,0],"2":[0,0],"3":[0,0],"4":[5,0],"5":[5,0],"6":[0],"7":[3,0],"8":[3,0],"9":[252,0],"10":[252,0],"11":[0,0],"12":[0,0],"13":[0,0],"14":[0,0],"15":[0,0],"16":[0,0],"17":[0,0],"18":[0,0],"19":[0,0],"20":[0,0]},"inputSourceMap":null,"_coverageSchema":"1a1c01bbd47fc00a2c39e90264f33305004495a9","hash":"31c5c693d9979f4dabbef62a2738db5bb0afd142"}
,"/Users/aryan/HomeIQ/server/config/s3.js": {"path":"/Users/aryan/HomeIQ/server/config/s3.js","statementMap":{"0":{"start":{"line":10,"column":0},"end":{"line":10,"column":16}},"1":{"start":{"line":13,"column":17},"end":{"line":24,"column":2}},"2":{"start":{"line":27,"column":25},"end":{"line":27,"column":79}},"3":{"start":{"line":30,"column":19},"end":{"line":36,"column":1}},"4":{"start":{"line":31,"column":2},"end":{"line":35,"column":3}},"5":{"start":{"line":32,"column":4},"end":{"line":32,"column":19}},"6":{"start":{"line":34,"column":4},"end":{"line":34,"column":92}},"7":{"start":{"line":39,"column":15},"end":{"line":66,"column":2}},"8":{"start":{"line":44,"column":28},"end":{"line":44,"column":59}},"9":{"start":{"line":45,"column":21},"end":{"line":45,"column":48}},"10":{"start":{"line":46,"column":25},"end":{"line":46,"column":52}},"11":{"start":{"line":47,"column":24},"end":{"line":47,"column":62}},"12":{"start":{"line":48,"column":23},"end":{"line":48,"column":106}},"13":{"start":{"line":49,"column":6},"end":{"line":49,"column":25}},"14":{"start":{"line":53,"column":6},"end":{"line":58,"column":9}},"15":{"start":{"line":69,"column":21},"end":{"line":76,"column":2}}},"fnMap":{"0":{"name":"(anonymous_0)","decl":{"start":{"line":30,"column":19},"end":{"line":30,"column":20}},"loc":{"start":{"line":30,"column":38},"end":{"line":36,"column":1}},"line":30},"1":{"name":"(anonymous_1)","decl":{"start":{"line":43,"column":9},"end":{"line":43,"column":10}},"loc":{"start":{"line":43,"column":28},"end":{"line":50,"column":5}},"line":43},"2":{"name":"(anonymous_2)","decl":{"start":{"line":52,"column":14},"end":{"line":52,"column":15}},"loc":{"start":{"line":52,"column":33},"end":{"line":59,"column":5}},"line":52}},"branchMap":{"0":{"loc":{"start":{"line":14,"column":10},"end":{"line":14,"column":47}},"type":"binary-expr","locations":[{"start":{"line":14,"column":10},"end":{"line":14,"column":32}},{"start":{"line":14,"column":36},"end":{"line":14,"column":47}}],"line":14},"1":{"loc":{"start":{"line":16,"column":17},"end":{"line":16,"column":67}},"type":"binary-expr","locations":[{"start":{"line":16,"column":17},"end":{"line":16,"column":46}},{"start":{"line":16,"column":50},"end":{"line":16,"column":67}}],"line":16},"2":{"loc":{"start":{"line":17,"column":21},"end":{"line":17,"column":75}},"type":"binary-expr","locations":[{"start":{"line":17,"column":21},"end":{"line":17,"column":54}},{"start":{"line":17,"column":58},"end":{"line":17,"column":75}}],"line":17},"3":{"loc":{"start":{"line":20,"column":6},"end":{"line":23,"column":3}},"type":"binary-expr","locations":[{"start":{"line":20,"column":6},"end":{"line":20,"column":37}},{"start":{"line":20,"column":41},"end":{"line":23,"column":3}}],"line":20},"4":{"loc":{"start":{"line":21,"column":14},"end":{"line":21,"column":55}},"type":"binary-expr","locations":[{"start":{"line":21,"column":14},"end":{"line":21,"column":42}},{"start":{"line":21,"column":46},"end":{"line":21,"column":55}}],"line":21},"5":{"loc":{"start":{"line":31,"column":2},"end":{"line":35,"column":3}},"type":"if","locations":[{"start":{"line":31,"column":2},"end":{"line":35,"column":3}},{"start":{"line":33,"column":9},"end":{"line":35,"column":3}}],"line":31},"6":{"loc":{"start":{"line":42,"column":12},"end":{"line":42,"column":69}},"type":"binary-expr","locations":[{"start":{"line":42,"column":12},"end":{"line":42,"column":42}},{"start":{"line":42,"column":46},"end":{"line":42,"column":69}}],"line":42},"7":{"loc":{"start":{"line":45,"column":21},"end":{"line":45,"column":48}},"type":"binary-expr","locations":[{"start":{"line":45,"column":21},"end":{"line":45,"column":33}},{"start":{"line":45,"column":37},"end":{"line":45,"column":48}}],"line":45},"8":{"loc":{"start":{"line":46,"column":25},"end":{"line":46,"column":52}},"type":"binary-expr","locations":[{"start":{"line":46,"column":25},"end":{"line":46,"column":39}},{"start":{"line":46,"column":43},"end":{"line":46,"column":52}}],"line":46},"9":{"loc":{"start":{"line":56,"column":20},"end":{"line":56,"column":47}},"type":"binary-expr","locations":[{"start":{"line":56,"column":20},"end":{"line":56,"column":32}},{"start":{"line":56,"column":36},"end":{"line":56,"column":47}}],"line":56}},"s":{"0":4,"1":4,"2":4,"3":4,"4":0,"5":0,"6":0,"7":4,"8":0,"9":0,"10":0,"11":0,"12":0,"13":0,"14":0,"15":4},"f":{"0":0,"1":0,"2":0},"b":{"0":[4,0],"1":[4,0],"2":[4,0],"3":[4,4],"4":[4,4],"5":[0,0],"6":[4,0],"7":[0,0],"8":[0,0],"9":[0,0]},"inputSourceMap":null,"_coverageSchema":"1a1c01bbd47fc00a2c39e90264f33305004495a9","hash":"dbe91478c0e884d850637c4f226816877761ece4"}
,"/Users/aryan/HomeIQ/server/controllers/authController.js": {"path":"/Users/aryan/HomeIQ/server/controllers/authController.js","statementMap":{"0":{"start":{"line":12,"column":18},"end":{"line":15,"column":4}},"1":{"start":{"line":13,"column":2},"end":{"line":15,"column":4}},"2":{"start":{"line":17,"column":27},"end":{"line":17,"column":76}},"3":{"start":{"line":18,"column":18},"end":{"line":18,"column":71}},"4":{"start":{"line":21,"column":26},"end":{"line":40,"column":1}},"5":{"start":{"line":29,"column":22},"end":{"line":29,"column":77}},"6":{"start":{"line":30,"column":15},"end":{"line":33,"column":4}},"7":{"start":{"line":34,"column":2},"end":{"line":36,"column":3}},"8":{"start":{"line":35,"column":4},"end":{"line":35,"column":35}},"9":{"start":{"line":37,"column":2},"end":{"line":37,"column":36}},"10":{"start":{"line":38,"column":2},"end":{"line":38,"column":31}},"11":{"start":{"line":39,"column":2},"end":{"line":39,"column":18}},"12":{"start":{"line":44,"column":2},"end":{"line":47,"column":3}},"13":{"start":{"line":45,"column":20},"end":{"line":45,"column":68}},"14":{"start":{"line":46,"column":4},"end":{"line":46,"column":37}},"15":{"start":{"line":48,"column":2},"end":{"line":48,"column":27}},"16":{"start":{"line":53,"column":2},"end":{"line":53,"column":65}},"17":{"start":{"line":54,"column":2},"end":{"line":58,"column":3}},"18":{"start":{"line":55,"column":4},"end":{"line":55,"column":44}},"19":{"start":{"line":56,"column":4},"end":{"line":56,"column":51}},"20":{"start":{"line":57,"column":4},"end":{"line":57,"column":28}},"21":{"start":{"line":59,"column":2},"end":{"line":59,"column":49}},"22":{"start":{"line":60,"column":2},"end":{"line":60,"column":27}},"23":{"start":{"line":65,"column":2},"end":{"line":65,"column":32}},"24":{"start":{"line":70,"column":2},"end":{"line":70,"column":31}},"25":{"start":{"line":71,"column":2},"end":{"line":71,"column":29}},"26":{"start":{"line":72,"column":2},"end":{"line":72,"column":49}},"27":{"start":{"line":75,"column":24},"end":{"line":127,"column":1}},"28":{"start":{"line":76,"column":2},"end":{"line":126,"column":3}},"29":{"start":{"line":77,"column":55},"end":{"line":77,"column":63}},"30":{"start":{"line":80,"column":22},"end":{"line":80,"column":74}},"31":{"start":{"line":81,"column":4},"end":{"line":83,"column":5}},"32":{"start":{"line":82,"column":6},"end":{"line":82,"column":62}},"33":{"start":{"line":86,"column":26},"end":{"line":86,"column":81}},"34":{"start":{"line":87,"column":4},"end":{"line":94,"column":5}},"35":{"start":{"line":88,"column":6},"end":{"line":93,"column":8}},"36":{"start":{"line":97,"column":25},"end":{"line":97,"column":65}},"37":{"start":{"line":98,"column":4},"end":{"line":100,"column":5}},"38":{"start":{"line":99,"column":6},"end":{"line":99,"column":69}},"39":{"start":{"line":102,"column":17},"end":{"line":102,"column":89}},"40":{"start":{"line":103,"column":23},"end":{"line":103,"column":58}},"41":{"start":{"line":104,"column":4},"end":{"line":104,"column":51}},"42":{"start":{"line":107,"column":4},"end":{"line":120,"column":5}},"43":{"start":{"line":108,"column":6},"end":{"line":108,"column":53}},"44":{"start":{"line":109,"column":6},"end":{"line":111,"column":95}},"45":{"start":{"line":113,"column":6},"end":{"line":113,"column":77}},"46":{"start":{"line":115,"column":6},"end":{"line":119,"column":9}},"47":{"start":{"line":122,"column":4},"end":{"line":124,"column":5}},"48":{"start":{"line":123,"column":6},"end":{"line":123,"column":50}},"49":{"start":{"line":125,"column":4},"end":{"line":125,"column":14}},"50":{"start":{"line":129,"column":21},"end":{"line":188,"column":1}},"51":{"start":{"line":130,"column":2},"end":{"line":187,"column":3}},"52":{"start":{"line":131,"column":44},"end":{"line":131,"column":52}},"53":{"start":{"line":133,"column":22},"end":{"line":133,"column":74}},"54":{"start":{"line":134,"column":4},"end":{"line":136,"column":5}},"55":{"start":{"line":135,"column":6},"end":{"line":135,"column":62}},"56":{"start":{"line":137,"column":17},"end":{"line":137,"column":77}},"57":{"start":{"line":138,"column":4},"end":{"line":140,"column":5}},"58":{"start":{"line":139,"column":6},"end":{"line":139,"column":68}},"59":{"start":{"line":143,"column":23},"end":{"line":143,"column":44}},"60":{"start":{"line":144,"column":4},"end":{"line":146,"column":5}},"61":{"start":{"line":145,"column":6},"end":{"line":145,"column":100}},"62":{"start":{"line":149,"column":30},"end":{"line":149,"column":81}},"63":{"start":{"line":150,"column":4},"end":{"line":161,"column":5}},"64":{"start":{"line":151,"column":27},"end":{"line":151,"column":56}},"65":{"start":{"line":152,"column":6},"end":{"line":159,"column":7}},"66":{"start":{"line":153,"column":8},"end":{"line":158,"column":10}},"67":{"start":{"line":160,"column":6},"end":{"line":160,"column":68}},"68":{"start":{"line":163,"column":4},"end":{"line":163,"column":33}},"69":{"start":{"line":165,"column":4},"end":{"line":167,"column":5}},"70":{"start":{"line":166,"column":6},"end":{"line":166,"column":72}},"71":{"start":{"line":168,"column":18},"end":{"line":168,"column":37}},"72":{"start":{"line":171,"column":26},"end":{"line":175,"column":5}},"73":{"start":{"line":177,"column":4},"end":{"line":181,"column":5}},"74":{"start":{"line":178,"column":6},"end":{"line":178,"column":54}},"75":{"start":{"line":180,"column":6},"end":{"line":180,"column":48}},"76":{"start":{"line":183,"column":4},"end":{"line":183,"column":46}},"77":{"start":{"line":184,"column":4},"end":{"line":184,"column":51}},"78":{"start":{"line":186,"column":4},"end":{"line":186,"column":14}},"79":{"start":{"line":190,"column":27},"end":{"line":212,"column":1}},"80":{"start":{"line":191,"column":2},"end":{"line":211,"column":3}},"81":{"start":{"line":192,"column":41},"end":{"line":204,"column":6}},"82":{"start":{"line":205,"column":4},"end":{"line":207,"column":5}},"83":{"start":{"line":206,"column":6},"end":{"line":206,"column":54}},"84":{"start":{"line":208,"column":4},"end":{"line":208,"column":69}},"85":{"start":{"line":210,"column":4},"end":{"line":210,"column":51}},"86":{"start":{"line":214,"column":34},"end":{"line":239,"column":1}},"87":{"start":{"line":215,"column":2},"end":{"line":238,"column":3}},"88":{"start":{"line":216,"column":22},"end":{"line":216,"column":30}},"89":{"start":{"line":218,"column":22},"end":{"line":218,"column":74}},"90":{"start":{"line":219,"column":4},"end":{"line":221,"column":5}},"91":{"start":{"line":220,"column":6},"end":{"line":220,"column":71}},"92":{"start":{"line":222,"column":17},"end":{"line":222,"column":57}},"93":{"start":{"line":223,"column":4},"end":{"line":225,"column":5}},"94":{"start":{"line":224,"column":6},"end":{"line":224,"column":65}},"95":{"start":{"line":226,"column":4},"end":{"line":228,"column":5}},"96":{"start":{"line":227,"column":6},"end":{"line":227,"column":73}},"97":{"start":{"line":229,"column":23},"end":{"line":229,"column":58}},"98":{"start":{"line":230,"column":4},"end":{"line":230,"column":51}},"99":{"start":{"line":233,"column":4},"end":{"line":233,"column":51}},"100":{"start":{"line":235,"column":4},"end":{"line":235,"column":91}},"101":{"start":{"line":237,"column":4},"end":{"line":237,"column":51}},"102":{"start":{"line":241,"column":30},"end":{"line":263,"column":1}},"103":{"start":{"line":242,"column":2},"end":{"line":262,"column":3}},"104":{"start":{"line":243,"column":22},"end":{"line":243,"column":30}},"105":{"start":{"line":245,"column":22},"end":{"line":245,"column":74}},"106":{"start":{"line":246,"column":4},"end":{"line":248,"column":5}},"107":{"start":{"line":247,"column":6},"end":{"line":247,"column":71}},"108":{"start":{"line":249,"column":17},"end":{"line":249,"column":57}},"109":{"start":{"line":250,"column":4},"end":{"line":252,"column":5}},"110":{"start":{"line":251,"column":6},"end":{"line":251,"column":65}},"111":{"start":{"line":253,"column":23},"end":{"line":253,"column":54}},"112":{"start":{"line":254,"column":4},"end":{"line":254,"column":51}},"113":{"start":{"line":257,"column":4},"end":{"line":257,"column":52}},"114":{"start":{"line":259,"column":4},"end":{"line":259,"column":93}},"115":{"start":{"line":261,"column":4},"end":{"line":261,"column":51}},"116":{"start":{"line":265,"column":29},"end":{"line":287,"column":1}},"117":{"start":{"line":266,"column":2},"end":{"line":286,"column":3}},"118":{"start":{"line":267,"column":28},"end":{"line":278,"column":6}},"119":{"start":{"line":279,"column":4},"end":{"line":281,"column":5}},"120":{"start":{"line":280,"column":6},"end":{"line":280,"column":54}},"121":{"start":{"line":282,"column":18},"end":{"line":282,"column":37}},"122":{"start":{"line":283,"column":4},"end":{"line":283,"column":36}},"123":{"start":{"line":285,"column":4},"end":{"line":285,"column":51}},"124":{"start":{"line":289,"column":21},"end":{"line":296,"column":1}},"125":{"start":{"line":290,"column":2},"end":{"line":295,"column":3}},"126":{"start":{"line":291,"column":17},"end":{"line":291,"column":56}},"127":{"start":{"line":292,"column":4},"end":{"line":292,"column":35}},"128":{"start":{"line":294,"column":4},"end":{"line":294,"column":51}},"129":{"start":{"line":298,"column":30},"end":{"line":311,"column":1}},"130":{"start":{"line":299,"column":2},"end":{"line":310,"column":3}},"131":{"start":{"line":300,"column":17},"end":{"line":300,"column":69}},"132":{"start":{"line":301,"column":4},"end":{"line":303,"column":5}},"133":{"start":{"line":302,"column":6},"end":{"line":302,"column":82}},"134":{"start":{"line":304,"column":4},"end":{"line":304,"column":41}},"135":{"start":{"line":305,"column":4},"end":{"line":305,"column":22}},"136":{"start":{"line":306,"column":18},"end":{"line":306,"column":37}},"137":{"start":{"line":307,"column":4},"end":{"line":307,"column":36}},"138":{"start":{"line":309,"column":4},"end":{"line":309,"column":51}},"139":{"start":{"line":313,"column":22},"end":{"line":320,"column":1}},"140":{"start":{"line":314,"column":2},"end":{"line":318,"column":5}},"141":{"start":{"line":319,"column":2},"end":{"line":319,"column":30}}},"fnMap":{"0":{"name":"(anonymous_0)","decl":{"start":{"line":12,"column":18},"end":{"line":12,"column":19}},"loc":{"start":{"line":13,"column":2},"end":{"line":15,"column":4}},"line":13},"1":{"name":"(anonymous_1)","decl":{"start":{"line":21,"column":26},"end":{"line":21,"column":27}},"loc":{"start":{"line":28,"column":6},"end":{"line":40,"column":1}},"line":28},"2":{"name":"isAccountLocked","decl":{"start":{"line":43,"column":9},"end":{"line":43,"column":24}},"loc":{"start":{"line":43,"column":31},"end":{"line":49,"column":1}},"line":43},"3":{"name":"handleFailedLogin","decl":{"start":{"line":52,"column":15},"end":{"line":52,"column":32}},"loc":{"start":{"line":52,"column":39},"end":{"line":61,"column":1}},"line":52},"4":{"name":"isEmailVerified","decl":{"start":{"line":64,"column":9},"end":{"line":64,"column":24}},"loc":{"start":{"line":64,"column":31},"end":{"line":66,"column":1}},"line":64},"5":{"name":"resetFailedLogin","decl":{"start":{"line":69,"column":15},"end":{"line":69,"column":31}},"loc":{"start":{"line":69,"column":38},"end":{"line":73,"column":1}},"line":69},"6":{"name":"(anonymous_6)","decl":{"start":{"line":75,"column":24},"end":{"line":75,"column":25}},"loc":{"start":{"line":75,"column":50},"end":{"line":127,"column":1}},"line":75},"7":{"name":"(anonymous_7)","decl":{"start":{"line":129,"column":21},"end":{"line":129,"column":22}},"loc":{"start":{"line":129,"column":47},"end":{"line":188,"column":1}},"line":129},"8":{"name":"(anonymous_8)","decl":{"start":{"line":190,"column":27},"end":{"line":190,"column":28}},"loc":{"start":{"line":190,"column":47},"end":{"line":212,"column":1}},"line":190},"9":{"name":"(anonymous_9)","decl":{"start":{"line":214,"column":34},"end":{"line":214,"column":35}},"loc":{"start":{"line":214,"column":54},"end":{"line":239,"column":1}},"line":214},"10":{"name":"(anonymous_10)","decl":{"start":{"line":241,"column":30},"end":{"line":241,"column":31}},"loc":{"start":{"line":241,"column":50},"end":{"line":263,"column":1}},"line":241},"11":{"name":"(anonymous_11)","decl":{"start":{"line":265,"column":29},"end":{"line":265,"column":30}},"loc":{"start":{"line":265,"column":49},"end":{"line":287,"column":1}},"line":265},"12":{"name":"(anonymous_12)","decl":{"start":{"line":289,"column":21},"end":{"line":289,"column":22}},"loc":{"start":{"line":289,"column":41},"end":{"line":296,"column":1}},"line":289},"13":{"name":"(anonymous_13)","decl":{"start":{"line":298,"column":30},"end":{"line":298,"column":31}},"loc":{"start":{"line":298,"column":50},"end":{"line":311,"column":1}},"line":298},"14":{"name":"(anonymous_14)","decl":{"start":{"line":313,"column":22},"end":{"line":313,"column":23}},"loc":{"start":{"line":313,"column":36},"end":{"line":320,"column":1}},"line":313}},"branchMap":{"0":{"loc":{"start":{"line":17,"column":27},"end":{"line":17,"column":76}},"type":"binary-expr","locations":[{"start":{"line":17,"column":27},"end":{"line":17,"column":71}},{"start":{"line":17,"column":75},"end":{"line":17,"column":76}}],"line":17},"1":{"loc":{"start":{"line":18,"column":18},"end":{"line":18,"column":71}},"type":"binary-expr","locations":[{"start":{"line":18,"column":18},"end":{"line":18,"column":53}},{"start":{"line":18,"column":57},"end":{"line":18,"column":71}}],"line":18},"2":{"loc":{"start":{"line":27,"column":2},"end":{"line":27,"column":18}},"type":"default-arg","locations":[{"start":{"line":27,"column":16},"end":{"line":27,"column":18}}],"line":27},"3":{"loc":{"start":{"line":34,"column":2},"end":{"line":36,"column":3}},"type":"if","locations":[{"start":{"line":34,"column":2},"end":{"line":36,"column":3}},{"start":{},"end":{}}],"line":34},"4":{"loc":{"start":{"line":44,"column":2},"end":{"line":47,"column":3}},"type":"if","locations":[{"start":{"line":44,"column":2},"end":{"line":47,"column":3}},{"start":{},"end":{}}],"line":44},"5":{"loc":{"start":{"line":44,"column":6},"end":{"line":44,"column":51}},"type":"binary-expr","locations":[{"start":{"line":44,"column":6},"end":{"line":44,"column":20}},{"start":{"line":44,"column":24},"end":{"line":44,"column":51}}],"line":44},"6":{"loc":{"start":{"line":53,"column":30},"end":{"line":53,"column":59}},"type":"binary-expr","locations":[{"start":{"line":53,"column":30},"end":{"line":53,"column":54}},{"start":{"line":53,"column":58},"end":{"line":53,"column":59}}],"line":53},"7":{"loc":{"start":{"line":54,"column":2},"end":{"line":58,"column":3}},"type":"if","locations":[{"start":{"line":54,"column":2},"end":{"line":58,"column":3}},{"start":{},"end":{}}],"line":54},"8":{"loc":{"start":{"line":80,"column":22},"end":{"line":80,"column":74}},"type":"cond-expr","locations":[{"start":{"line":80,"column":50},"end":{"line":80,"column":69}},{"start":{"line":80,"column":72},"end":{"line":80,"column":74}}],"line":80},"9":{"loc":{"start":{"line":81,"column":4},"end":{"line":83,"column":5}},"type":"if","locations":[{"start":{"line":81,"column":4},"end":{"line":83,"column":5}},{"start":{},"end":{}}],"line":81},"10":{"loc":{"start":{"line":87,"column":4},"end":{"line":94,"column":5}},"type":"if","locations":[{"start":{"line":87,"column":4},"end":{"line":94,"column":5}},{"start":{},"end":{}}],"line":87},"11":{"loc":{"start":{"line":98,"column":4},"end":{"line":100,"column":5}},"type":"if","locations":[{"start":{"line":98,"column":4},"end":{"line":100,"column":5}},{"start":{},"end":{}}],"line":98},"12":{"loc":{"start":{"line":122,"column":4},"end":{"line":124,"column":5}},"type":"if","locations":[{"start":{"line":122,"column":4},"end":{"line":124,"column":5}},{"start":{},"end":{}}],"line":122},"13":{"loc":{"start":{"line":133,"column":22},"end":{"line":133,"column":74}},"type":"cond-expr","locations":[{"start":{"line":133,"column":50},"end":{"line":133,"column":69}},{"start":{"line":133,"column":72},"end":{"line":133,"column":74}}],"line":133},"14":{"loc":{"start":{"line":134,"column":4},"end":{"line":136,"column":5}},"type":"if","locations":[{"start":{"line":134,"column":4},"end":{"line":136,"column":5}},{"start":{},"end":{}}],"line":134},"15":{"loc":{"start":{"line":138,"column":4},"end":{"line":140,"column":5}},"type":"if","locations":[{"start":{"line":138,"column":4},"end":{"line":140,"column":5}},{"start":{},"end":{}}],"line":138},"16":{"loc":{"start":{"line":144,"column":4},"end":{"line":146,"column":5}},"type":"if","locations":[{"start":{"line":144,"column":4},"end":{"line":146,"column":5}},{"start":{},"end":{}}],"line":144},"17":{"loc":{"start":{"line":150,"column":4},"end":{"line":161,"column":5}},"type":"if","locations":[{"start":{"line":150,"column":4},"end":{"line":161,"column":5}},{"start":{},"end":{}}],"line":150},"18":{"loc":{"start":{"line":152,"column":6},"end":{"line":159,"column":7}},"type":"if","locations":[{"start":{"line":152,"column":6},"end":{"line":159,"column":7}},{"start":{},"end":{}}],"line":152},"19":{"loc":{"start":{"line":165,"column":4},"end":{"line":167,"column":5}},"type":"if","locations":[{"start":{"line":165,"column":4},"end":{"line":167,"column":5}},{"start":{},"end":{}}],"line":165},"20":{"loc":{"start":{"line":177,"column":4},"end":{"line":181,"column":5}},"type":"if","locations":[{"start":{"line":177,"column":4},"end":{"line":181,"column":5}},{"start":{"line":179,"column":11},"end":{"line":181,"column":5}}],"line":177},"21":{"loc":{"start":{"line":205,"column":4},"end":{"line":207,"column":5}},"type":"if","locations":[{"start":{"line":205,"column":4},"end":{"line":207,"column":5}},{"start":{},"end":{}}],"line":205},"22":{"loc":{"start":{"line":218,"column":22},"end":{"line":218,"column":74}},"type":"cond-expr","locations":[{"start":{"line":218,"column":50},"end":{"line":218,"column":69}},{"start":{"line":218,"column":72},"end":{"line":218,"column":74}}],"line":218},"23":{"loc":{"start":{"line":219,"column":4},"end":{"line":221,"column":5}},"type":"if","locations":[{"start":{"line":219,"column":4},"end":{"line":221,"column":5}},{"start":{},"end":{}}],"line":219},"24":{"loc":{"start":{"line":223,"column":4},"end":{"line":225,"column":5}},"type":"if","locations":[{"start":{"line":223,"column":4},"end":{"line":225,"column":5}},{"start":{},"end":{}}],"line":223},"25":{"loc":{"start":{"line":226,"column":4},"end":{"line":228,"column":5}},"type":"if","locations":[{"start":{"line":226,"column":4},"end":{"line":228,"column":5}},{"start":{},"end":{}}],"line":226},"26":{"loc":{"start":{"line":245,"column":22},"end":{"line":245,"column":74}},"type":"cond-expr","locations":[{"start":{"line":245,"column":50},"end":{"line":245,"column":69}},{"start":{"line":245,"column":72},"end":{"line":245,"column":74}}],"line":245},"27":{"loc":{"start":{"line":246,"column":4},"end":{"line":248,"column":5}},"type":"if","locations":[{"start":{"line":246,"column":4},"end":{"line":248,"column":5}},{"start":{},"end":{}}],"line":246},"28":{"loc":{"start":{"line":250,"column":4},"end":{"line":252,"column":5}},"type":"if","locations":[{"start":{"line":250,"column":4},"end":{"line":252,"column":5}},{"start":{},"end":{}}],"line":250},"29":{"loc":{"start":{"line":279,"column":4},"end":{"line":281,"column":5}},"type":"if","locations":[{"start":{"line":279,"column":4},"end":{"line":281,"column":5}},{"start":{},"end":{}}],"line":279},"30":{"loc":{"start":{"line":301,"column":4},"end":{"line":303,"column":5}},"type":"if","locations":[{"start":{"line":301,"column":4},"end":{"line":303,"column":5}},{"start":{},"end":{}}],"line":301}},"s":{"0":4,"1":108,"2":4,"3":4,"4":4,"5":0,"6":0,"7":0,"8":0,"9":0,"10":0,"11":0,"12":110,"13":0,"14":0,"15":110,"16":1,"17":1,"18":0,"19":0,"20":0,"21":1,"22":1,"23":109,"24":109,"25":109,"26":109,"27":4,"28":112,"29":112,"30":112,"31":112,"32":0,"33":112,"34":112,"35":0,"36":112,"37":112,"38":1,"39":111,"40":111,"41":111,"42":111,"43":111,"44":111,"45":0,"46":0,"47":0,"48":0,"49":0,"50":4,"51":110,"52":110,"53":110,"54":110,"55":0,"56":110,"57":110,"58":0,"59":110,"60":110,"61":0,"62":110,"63":110,"64":1,"65":1,"66":0,"67":1,"68":109,"69":109,"70":1,"71":108,"72":108,"73":108,"74":0,"75":108,"76":108,"77":108,"78":0,"79":4,"80":0,"81":0,"82":0,"83":0,"84":0,"85":0,"86":4,"87":0,"88":0,"89":0,"90":0,"91":0,"92":0,"93":0,"94":0,"95":0,"96":0,"97":0,"98":0,"99":0,"100":0,"101":0,"102":4,"103":0,"104":0,"105":0,"106":0,"107":0,"108":0,"109":0,"110":0,"111":0,"112":0,"113":0,"114":0,"115":0,"116":4,"117":0,"118":0,"119":0,"120":0,"121":0,"122":0,"123":0,"124":4,"125":0,"126":0,"127":0,"128":0,"129":4,"130":0,"131":0,"132":0,"133":0,"134":0,"135":0,"136":0,"137":0,"138":0,"139":4,"140":0,"141":0},"f":{"0":108,"1":0,"2":110,"3":1,"4":109,"5":109,"6":112,"7":110,"8":0,"9":0,"10":0,"11":0,"12":0,"13":0,"14":0},"b":{"0":[4,4],"1":[4,4],"2":[0],"3":[0,0],"4":[0,110],"5":[110,0],"6":[1,1],"7":[0,1],"8":[112,0],"9":[0,112],"10":[0,112],"11":[1,111],"12":[0,0],"13":[110,0],"14":[0,110],"15":[0,110],"16":[0,110],"17":[1,109],"18":[0,1],"19":[1,108],"20":[0,108],"21":[0,0],"22":[0,0],"23":[0,0],"24":[0,0],"25":[0,0],"26":[0,0],"27":[0,0],"28":[0,0],"29":[0,0],"30":[0,0]},"inputSourceMap":null,"_coverageSchema":"1a1c01bbd47fc00a2c39e90264f33305004495a9","hash":"1f8bb37cff70c28e043871b95202d1e96baa76b0"}
,"/Users/aryan/HomeIQ/server/controllers/errorController.js": {"path":"/Users/aryan/HomeIQ/server/controllers/errorController.js","statementMap":{"0":{"start":{"line":3,"column":21},"end":{"line":11,"column":1}},"1":{"start":{"line":4,"column":2},"end":{"line":4,"column":20}},"2":{"start":{"line":5,"column":2},"end":{"line":10,"column":5}},"3":{"start":{"line":13,"column":22},"end":{"line":28,"column":1}},"4":{"start":{"line":14,"column":2},"end":{"line":14,"column":20}},"5":{"start":{"line":16,"column":2},"end":{"line":27,"column":3}},"6":{"start":{"line":17,"column":4},"end":{"line":20,"column":7}},"7":{"start":{"line":23,"column":4},"end":{"line":26,"column":7}},"8":{"start":{"line":31,"column":2},"end":{"line":31,"column":41}},"9":{"start":{"line":32,"column":2},"end":{"line":32,"column":37}},"10":{"start":{"line":33,"column":2},"end":{"line":37,"column":3}},"11":{"start":{"line":34,"column":4},"end":{"line":34,"column":32}},"12":{"start":{"line":36,"column":4},"end":{"line":36,"column":33}}},"fnMap":{"0":{"name":"(anonymous_0)","decl":{"start":{"line":3,"column":21},"end":{"line":3,"column":22}},"loc":{"start":{"line":3,"column":40},"end":{"line":11,"column":1}},"line":3},"1":{"name":"(anonymous_1)","decl":{"start":{"line":13,"column":22},"end":{"line":13,"column":23}},"loc":{"start":{"line":13,"column":41},"end":{"line":28,"column":1}},"line":13},"2":{"name":"(anonymous_2)","decl":{"start":{"line":30,"column":15},"end":{"line":30,"column":16}},"loc":{"start":{"line":30,"column":40},"end":{"line":38,"column":1}},"line":30}},"branchMap":{"0":{"loc":{"start":{"line":5,"column":13},"end":{"line":5,"column":34}},"type":"binary-expr","locations":[{"start":{"line":5,"column":13},"end":{"line":5,"column":27}},{"start":{"line":5,"column":31},"end":{"line":5,"column":34}}],"line":5},"1":{"loc":{"start":{"line":6,"column":12},"end":{"line":6,"column":33}},"type":"binary-expr","locations":[{"start":{"line":6,"column":12},"end":{"line":6,"column":22}},{"start":{"line":6,"column":26},"end":{"line":6,"column":33}}],"line":6},"2":{"loc":{"start":{"line":16,"column":2},"end":{"line":27,"column":3}},"type":"if","locations":[{"start":{"line":16,"column":2},"end":{"line":27,"column":3}},{"start":{"line":21,"column":9},"end":{"line":27,"column":3}}],"line":16},"3":{"loc":{"start":{"line":31,"column":19},"end":{"line":31,"column":40}},"type":"binary-expr","locations":[{"start":{"line":31,"column":19},"end":{"line":31,"column":33}},{"start":{"line":31,"column":37},"end":{"line":31,"column":40}}],"line":31},"4":{"loc":{"start":{"line":32,"column":15},"end":{"line":32,"column":36}},"type":"binary-expr","locations":[{"start":{"line":32,"column":15},"end":{"line":32,"column":25}},{"start":{"line":32,"column":29},"end":{"line":32,"column":36}}],"line":32},"5":{"loc":{"start":{"line":33,"column":2},"end":{"line":37,"column":3}},"type":"if","locations":[{"start":{"line":33,"column":2},"end":{"line":37,"column":3}},{"start":{"line":35,"column":9},"end":{"line":37,"column":3}}],"line":33}},"s":{"0":4,"1":0,"2":0,"3":4,"4":73,"5":73,"6":73,"7":0,"8":73,"9":73,"10":73,"11":0,"12":73},"f":{"0":0,"1":73,"2":73},"b":{"0":[0,0],"1":[0,0],"2":[73,0],"3":[73,0],"4":[73,0],"5":[0,73]},"inputSourceMap":null,"_coverageSchema":"1a1c01bbd47fc00a2c39e90264f33305004495a9","hash":"1931adadee4b2aa79a19e8d40fcb6fd4650db82e"}
,"/Users/aryan/HomeIQ/server/controllers/propertyController.js": {"path":"/Users/aryan/HomeIQ/server/controllers/propertyController.js","statementMap":{"0":{"start":{"line":15,"column":31},"end":{"line":42,"column":2}},"1":{"start":{"line":16,"column":19},"end":{"line":16,"column":64}},"2":{"start":{"line":18,"column":19},"end":{"line":39,"column":3}},"3":{"start":{"line":21,"column":25},"end":{"line":26,"column":15}},"4":{"start":{"line":28,"column":6},"end":{"line":28,"column":87}},"5":{"start":{"line":30,"column":6},"end":{"line":36,"column":8}},"6":{"start":{"line":41,"column":2},"end":{"line":41,"column":33}},"7":{"start":{"line":45,"column":27},"end":{"line":76,"column":2}},"8":{"start":{"line":46,"column":19},"end":{"line":46,"column":67}},"9":{"start":{"line":48,"column":19},"end":{"line":73,"column":3}},"10":{"start":{"line":51,"column":23},"end":{"line":57,"column":7}},"11":{"start":{"line":59,"column":6},"end":{"line":61,"column":7}},"12":{"start":{"line":60,"column":8},"end":{"line":60,"column":54}},"13":{"start":{"line":63,"column":6},"end":{"line":63,"column":80}},"14":{"start":{"line":65,"column":6},"end":{"line":70,"column":8}},"15":{"start":{"line":75,"column":2},"end":{"line":75,"column":33}},"16":{"start":{"line":79,"column":30},"end":{"line":99,"column":2}},"17":{"start":{"line":81,"column":23},"end":{"line":84,"column":3}},"18":{"start":{"line":86,"column":19},"end":{"line":86,"column":54}},"19":{"start":{"line":89,"column":2},"end":{"line":89,"column":59}},"20":{"start":{"line":91,"column":2},"end":{"line":91,"column":78}},"21":{"start":{"line":93,"column":2},"end":{"line":98,"column":5}},"22":{"start":{"line":102,"column":30},"end":{"line":255,"column":2}},"23":{"start":{"line":105,"column":35},"end":{"line":105,"column":43}},"24":{"start":{"line":108,"column":19},"end":{"line":119,"column":3}},"25":{"start":{"line":121,"column":2},"end":{"line":123,"column":3}},"26":{"start":{"line":122,"column":4},"end":{"line":122,"column":57}},"27":{"start":{"line":127,"column":4},"end":{"line":129,"column":64}},"28":{"start":{"line":131,"column":2},"end":{"line":177,"column":3}},"29":{"start":{"line":132,"column":21},"end":{"line":132,"column":47}},"30":{"start":{"line":133,"column":4},"end":{"line":176,"column":5}},"31":{"start":{"line":134,"column":6},"end":{"line":175,"column":7}},"32":{"start":{"line":135,"column":29},"end":{"line":137,"column":9}},"33":{"start":{"line":140,"column":8},"end":{"line":142,"column":9}},"34":{"start":{"line":141,"column":10},"end":{"line":141,"column":77}},"35":{"start":{"line":143,"column":8},"end":{"line":145,"column":9}},"36":{"start":{"line":144,"column":10},"end":{"line":144,"column":73}},"37":{"start":{"line":148,"column":8},"end":{"line":150,"column":9}},"38":{"start":{"line":149,"column":10},"end":{"line":149,"column":81}},"39":{"start":{"line":153,"column":8},"end":{"line":155,"column":9}},"40":{"start":{"line":154,"column":10},"end":{"line":154,"column":89}},"41":{"start":{"line":157,"column":8},"end":{"line":166,"column":10}},"42":{"start":{"line":168,"column":30},"end":{"line":168,"column":99}},"43":{"start":{"line":168,"column":70},"end":{"line":168,"column":98}},"44":{"start":{"line":169,"column":8},"end":{"line":171,"column":10}},"45":{"start":{"line":173,"column":8},"end":{"line":173,"column":94}},"46":{"start":{"line":180,"column":2},"end":{"line":242,"column":3}},"47":{"start":{"line":181,"column":4},"end":{"line":241,"column":5}},"48":{"start":{"line":182,"column":6},"end":{"line":240,"column":7}},"49":{"start":{"line":183,"column":8},"end":{"line":239,"column":9}},"50":{"start":{"line":184,"column":35},"end":{"line":186,"column":11}},"51":{"start":{"line":189,"column":30},"end":{"line":191,"column":11}},"52":{"start":{"line":190,"column":17},"end":{"line":190,"column":66}},"53":{"start":{"line":192,"column":10},"end":{"line":233,"column":11}},"54":{"start":{"line":194,"column":12},"end":{"line":196,"column":13}},"55":{"start":{"line":195,"column":14},"end":{"line":195,"column":74}},"56":{"start":{"line":199,"column":12},"end":{"line":201,"column":13}},"57":{"start":{"line":200,"column":14},"end":{"line":200,"column":82}},"58":{"start":{"line":204,"column":12},"end":{"line":206,"column":13}},"59":{"start":{"line":205,"column":14},"end":{"line":205,"column":81}},"60":{"start":{"line":207,"column":12},"end":{"line":209,"column":13}},"61":{"start":{"line":208,"column":14},"end":{"line":208,"column":77}},"62":{"start":{"line":212,"column":31},"end":{"line":212,"column":71}},"63":{"start":{"line":213,"column":12},"end":{"line":232,"column":13}},"64":{"start":{"line":214,"column":14},"end":{"line":224,"column":16}},"65":{"start":{"line":226,"column":36},"end":{"line":228,"column":15}},"66":{"start":{"line":227,"column":23},"end":{"line":227,"column":51}},"67":{"start":{"line":229,"column":14},"end":{"line":231,"column":16}},"68":{"start":{"line":235,"column":10},"end":{"line":237,"column":12}},"69":{"start":{"line":245,"column":2},"end":{"line":245,"column":59}},"70":{"start":{"line":247,"column":2},"end":{"line":247,"column":74}},"71":{"start":{"line":249,"column":2},"end":{"line":254,"column":5}},"72":{"start":{"line":258,"column":30},"end":{"line":286,"column":2}},"73":{"start":{"line":260,"column":19},"end":{"line":263,"column":4}},"74":{"start":{"line":265,"column":2},"end":{"line":267,"column":3}},"75":{"start":{"line":266,"column":4},"end":{"line":266,"column":57}},"76":{"start":{"line":270,"column":24},"end":{"line":270,"column":81}},"77":{"start":{"line":271,"column":2},"end":{"line":273,"column":3}},"78":{"start":{"line":272,"column":4},"end":{"line":272,"column":77}},"79":{"start":{"line":278,"column":2},"end":{"line":278,"column":59}},"80":{"start":{"line":280,"column":2},"end":{"line":280,"column":86}},"81":{"start":{"line":282,"column":2},"end":{"line":285,"column":5}},"82":{"start":{"line":289,"column":33},"end":{"line":421,"column":2}},"83":{"start":{"line":290,"column":19},"end":{"line":293,"column":4}},"84":{"start":{"line":295,"column":2},"end":{"line":297,"column":3}},"85":{"start":{"line":296,"column":4},"end":{"line":296,"column":57}},"86":{"start":{"line":300,"column":2},"end":{"line":302,"column":3}},"87":{"start":{"line":301,"column":4},"end":{"line":301,"column":74}},"88":{"start":{"line":304,"column":2},"end":{"line":304,"column":84}},"89":{"start":{"line":306,"column":2},"end":{"line":420,"column":3}},"90":{"start":{"line":308,"column":25},"end":{"line":308,"column":59}},"91":{"start":{"line":308,"column":47},"end":{"line":308,"column":58}},"92":{"start":{"line":311,"column":30},"end":{"line":311,"column":62}},"93":{"start":{"line":314,"column":29},"end":{"line":314,"column":89}},"94":{"start":{"line":317,"column":22},"end":{"line":317,"column":24}},"95":{"start":{"line":318,"column":27},"end":{"line":318,"column":29}},"96":{"start":{"line":320,"column":4},"end":{"line":365,"column":5}},"97":{"start":{"line":320,"column":17},"end":{"line":320,"column":18}},"98":{"start":{"line":321,"column":21},"end":{"line":321,"column":40}},"99":{"start":{"line":322,"column":27},"end":{"line":322,"column":39}},"100":{"start":{"line":324,"column":6},"end":{"line":327,"column":7}},"101":{"start":{"line":325,"column":8},"end":{"line":325,"column":70}},"102":{"start":{"line":326,"column":8},"end":{"line":326,"column":17}},"103":{"start":{"line":329,"column":6},"end":{"line":364,"column":7}},"104":{"start":{"line":331,"column":26},"end":{"line":336,"column":9}},"105":{"start":{"line":339,"column":8},"end":{"line":344,"column":11}},"106":{"start":{"line":340,"column":22},"end":{"line":340,"column":53}},"107":{"start":{"line":341,"column":10},"end":{"line":343,"column":11}},"108":{"start":{"line":342,"column":12},"end":{"line":342,"column":37}},"109":{"start":{"line":347,"column":28},"end":{"line":356,"column":9}},"110":{"start":{"line":358,"column":8},"end":{"line":358,"column":36}},"111":{"start":{"line":360,"column":8},"end":{"line":360,"column":99}},"112":{"start":{"line":362,"column":8},"end":{"line":362,"column":86}},"113":{"start":{"line":367,"column":4},"end":{"line":369,"column":5}},"114":{"start":{"line":368,"column":6},"end":{"line":368,"column":69}},"115":{"start":{"line":372,"column":4},"end":{"line":372,"column":39}},"116":{"start":{"line":375,"column":26},"end":{"line":375,"column":70}},"117":{"start":{"line":375,"column":56},"end":{"line":375,"column":69}},"118":{"start":{"line":376,"column":4},"end":{"line":380,"column":5}},"119":{"start":{"line":377,"column":6},"end":{"line":379,"column":9}},"120":{"start":{"line":378,"column":8},"end":{"line":378,"column":36}},"121":{"start":{"line":382,"column":4},"end":{"line":416,"column":5}},"122":{"start":{"line":384,"column":6},"end":{"line":384,"column":28}},"123":{"start":{"line":387,"column":6},"end":{"line":387,"column":63}},"124":{"start":{"line":389,"column":6},"end":{"line":389,"column":92}},"125":{"start":{"line":391,"column":6},"end":{"line":399,"column":9}},"126":{"start":{"line":402,"column":6},"end":{"line":402,"column":87}},"127":{"start":{"line":404,"column":30},"end":{"line":411,"column":8}},"128":{"start":{"line":405,"column":8},"end":{"line":410,"column":9}},"129":{"start":{"line":406,"column":10},"end":{"line":406,"column":36}},"130":{"start":{"line":407,"column":10},"end":{"line":407,"column":52}},"131":{"start":{"line":409,"column":10},"end":{"line":409,"column":83}},"132":{"start":{"line":413,"column":6},"end":{"line":413,"column":48}},"133":{"start":{"line":415,"column":6},"end":{"line":415,"column":74}},"134":{"start":{"line":418,"column":4},"end":{"line":418,"column":91}},"135":{"start":{"line":419,"column":4},"end":{"line":419,"column":63}},"136":{"start":{"line":424,"column":35},"end":{"line":496,"column":2}},"137":{"start":{"line":425,"column":19},"end":{"line":428,"column":4}},"138":{"start":{"line":430,"column":2},"end":{"line":432,"column":3}},"139":{"start":{"line":431,"column":4},"end":{"line":431,"column":57}},"140":{"start":{"line":434,"column":22},"end":{"line":434,"column":32}},"141":{"start":{"line":435,"column":21},"end":{"line":435,"column":85}},"142":{"start":{"line":435,"column":54},"end":{"line":435,"column":84}},"143":{"start":{"line":437,"column":2},"end":{"line":439,"column":3}},"144":{"start":{"line":438,"column":4},"end":{"line":438,"column":54}},"145":{"start":{"line":441,"column":24},"end":{"line":441,"column":51}},"146":{"start":{"line":444,"column":23},"end":{"line":444,"column":25}},"147":{"start":{"line":446,"column":2},"end":{"line":460,"column":3}},"148":{"start":{"line":448,"column":4},"end":{"line":453,"column":7}},"149":{"start":{"line":449,"column":20},"end":{"line":449,"column":44}},"150":{"start":{"line":450,"column":6},"end":{"line":452,"column":7}},"151":{"start":{"line":451,"column":8},"end":{"line":451,"column":33}},"152":{"start":{"line":456,"column":18},"end":{"line":456,"column":56}},"153":{"start":{"line":457,"column":4},"end":{"line":459,"column":5}},"154":{"start":{"line":458,"column":6},"end":{"line":458,"column":31}},"155":{"start":{"line":463,"column":27},"end":{"line":474,"column":4}},"156":{"start":{"line":464,"column":4},"end":{"line":473,"column":5}},"157":{"start":{"line":465,"column":22},"end":{"line":465,"column":47}},"158":{"start":{"line":466,"column":6},"end":{"line":470,"column":7}},"159":{"start":{"line":467,"column":8},"end":{"line":467,"column":58}},"160":{"start":{"line":469,"column":8},"end":{"line":469,"column":62}},"161":{"start":{"line":472,"column":6},"end":{"line":472,"column":72}},"162":{"start":{"line":476,"column":2},"end":{"line":476,"column":45}},"163":{"start":{"line":479,"column":21},"end":{"line":479,"column":44}},"164":{"start":{"line":480,"column":2},"end":{"line":480,"column":40}},"165":{"start":{"line":482,"column":2},"end":{"line":484,"column":3}},"166":{"start":{"line":483,"column":4},"end":{"line":483,"column":40}},"167":{"start":{"line":486,"column":2},"end":{"line":486,"column":24}},"168":{"start":{"line":488,"column":2},"end":{"line":488,"column":72}},"169":{"start":{"line":490,"column":2},"end":{"line":495,"column":5}},"170":{"start":{"line":499,"column":31},"end":{"line":533,"column":2}},"171":{"start":{"line":500,"column":19},"end":{"line":503,"column":4}},"172":{"start":{"line":505,"column":2},"end":{"line":507,"column":3}},"173":{"start":{"line":506,"column":4},"end":{"line":506,"column":57}},"174":{"start":{"line":509,"column":22},"end":{"line":509,"column":32}},"175":{"start":{"line":510,"column":16},"end":{"line":510,"column":75}},"176":{"start":{"line":510,"column":44},"end":{"line":510,"column":74}},"177":{"start":{"line":512,"column":2},"end":{"line":514,"column":3}},"178":{"start":{"line":513,"column":4},"end":{"line":513,"column":54}},"179":{"start":{"line":517,"column":2},"end":{"line":519,"column":5}},"180":{"start":{"line":518,"column":4},"end":{"line":518,"column":26}},"181":{"start":{"line":522,"column":2},"end":{"line":522,"column":25}},"182":{"start":{"line":523,"column":2},"end":{"line":523,"column":24}},"183":{"start":{"line":525,"column":2},"end":{"line":525,"column":78}},"184":{"start":{"line":527,"column":2},"end":{"line":532,"column":5}},"185":{"start":{"line":536,"column":36},"end":{"line":563,"column":2}},"186":{"start":{"line":537,"column":19},"end":{"line":540,"column":4}},"187":{"start":{"line":542,"column":2},"end":{"line":544,"column":3}},"188":{"start":{"line":543,"column":4},"end":{"line":543,"column":57}},"189":{"start":{"line":546,"column":21},"end":{"line":546,"column":29}},"190":{"start":{"line":548,"column":2},"end":{"line":550,"column":3}},"191":{"start":{"line":549,"column":4},"end":{"line":549,"column":57}},"192":{"start":{"line":552,"column":2},"end":{"line":552,"column":27}},"193":{"start":{"line":553,"column":2},"end":{"line":553,"column":24}},"194":{"start":{"line":555,"column":2},"end":{"line":555,"column":70}},"195":{"start":{"line":557,"column":2},"end":{"line":562,"column":5}},"196":{"start":{"line":566,"column":31},"end":{"line":610,"column":2}},"197":{"start":{"line":567,"column":19},"end":{"line":570,"column":4}},"198":{"start":{"line":572,"column":2},"end":{"line":574,"column":3}},"199":{"start":{"line":573,"column":4},"end":{"line":573,"column":57}},"200":{"start":{"line":576,"column":24},"end":{"line":576,"column":32}},"201":{"start":{"line":578,"column":2},"end":{"line":580,"column":3}},"202":{"start":{"line":579,"column":4},"end":{"line":579,"column":65}},"203":{"start":{"line":583,"column":2},"end":{"line":593,"column":3}},"204":{"start":{"line":584,"column":19},"end":{"line":588,"column":6}},"205":{"start":{"line":590,"column":4},"end":{"line":592,"column":5}},"206":{"start":{"line":591,"column":6},"end":{"line":591,"column":89}},"207":{"start":{"line":596,"column":2},"end":{"line":598,"column":5}},"208":{"start":{"line":597,"column":4},"end":{"line":597,"column":45}},"209":{"start":{"line":600,"column":2},"end":{"line":600,"column":24}},"210":{"start":{"line":602,"column":2},"end":{"line":602,"column":64}},"211":{"start":{"line":604,"column":2},"end":{"line":609,"column":5}},"212":{"start":{"line":613,"column":36},"end":{"line":686,"column":2}},"213":{"start":{"line":614,"column":17},"end":{"line":614,"column":28}},"214":{"start":{"line":615,"column":19},"end":{"line":615,"column":62}},"215":{"start":{"line":617,"column":19},"end":{"line":683,"column":3}},"216":{"start":{"line":620,"column":24},"end":{"line":660,"column":8}},"217":{"start":{"line":662,"column":21},"end":{"line":671,"column":7}},"218":{"start":{"line":673,"column":6},"end":{"line":673,"column":60}},"219":{"start":{"line":675,"column":6},"end":{"line":680,"column":8}},"220":{"start":{"line":685,"column":2},"end":{"line":685,"column":33}},"221":{"start":{"line":689,"column":32},"end":{"line":818,"column":2}},"222":{"start":{"line":703,"column":6},"end":{"line":703,"column":15}},"223":{"start":{"line":706,"column":17},"end":{"line":708,"column":3}},"224":{"start":{"line":711,"column":31},"end":{"line":720,"column":3}},"225":{"start":{"line":721,"column":26},"end":{"line":721,"column":91}},"226":{"start":{"line":723,"column":2},"end":{"line":725,"column":3}},"227":{"start":{"line":724,"column":4},"end":{"line":724,"column":39}},"228":{"start":{"line":726,"column":2},"end":{"line":728,"column":3}},"229":{"start":{"line":727,"column":4},"end":{"line":727,"column":27}},"230":{"start":{"line":729,"column":2},"end":{"line":733,"column":3}},"231":{"start":{"line":731,"column":24},"end":{"line":731,"column":78}},"232":{"start":{"line":732,"column":4},"end":{"line":732,"column":58}},"233":{"start":{"line":734,"column":2},"end":{"line":738,"column":3}},"234":{"start":{"line":736,"column":25},"end":{"line":736,"column":80}},"235":{"start":{"line":737,"column":4},"end":{"line":737,"column":60}},"236":{"start":{"line":740,"column":2},"end":{"line":754,"column":3}},"237":{"start":{"line":741,"column":4},"end":{"line":741,"column":25}},"238":{"start":{"line":742,"column":4},"end":{"line":747,"column":5}},"239":{"start":{"line":743,"column":32},"end":{"line":743,"column":57}},"240":{"start":{"line":744,"column":6},"end":{"line":746,"column":7}},"241":{"start":{"line":745,"column":8},"end":{"line":745,"column":49}},"242":{"start":{"line":748,"column":4},"end":{"line":753,"column":5}},"243":{"start":{"line":749,"column":32},"end":{"line":749,"column":57}},"244":{"start":{"line":750,"column":6},"end":{"line":752,"column":7}},"245":{"start":{"line":751,"column":8},"end":{"line":751,"column":49}},"246":{"start":{"line":756,"column":2},"end":{"line":770,"column":3}},"247":{"start":{"line":757,"column":4},"end":{"line":757,"column":26}},"248":{"start":{"line":758,"column":4},"end":{"line":763,"column":5}},"249":{"start":{"line":759,"column":33},"end":{"line":759,"column":57}},"250":{"start":{"line":760,"column":6},"end":{"line":762,"column":7}},"251":{"start":{"line":761,"column":8},"end":{"line":761,"column":51}},"252":{"start":{"line":764,"column":4},"end":{"line":769,"column":5}},"253":{"start":{"line":765,"column":33},"end":{"line":765,"column":57}},"254":{"start":{"line":766,"column":6},"end":{"line":768,"column":7}},"255":{"start":{"line":767,"column":8},"end":{"line":767,"column":51}},"256":{"start":{"line":772,"column":2},"end":{"line":786,"column":3}},"257":{"start":{"line":773,"column":4},"end":{"line":773,"column":42}},"258":{"start":{"line":774,"column":4},"end":{"line":779,"column":5}},"259":{"start":{"line":775,"column":28},"end":{"line":775,"column":47}},"260":{"start":{"line":776,"column":6},"end":{"line":778,"column":7}},"261":{"start":{"line":777,"column":8},"end":{"line":777,"column":62}},"262":{"start":{"line":780,"column":4},"end":{"line":785,"column":5}},"263":{"start":{"line":781,"column":28},"end":{"line":781,"column":47}},"264":{"start":{"line":782,"column":6},"end":{"line":784,"column":7}},"265":{"start":{"line":783,"column":8},"end":{"line":783,"column":62}},"266":{"start":{"line":789,"column":21},"end":{"line":789,"column":39}},"267":{"start":{"line":790,"column":22},"end":{"line":790,"column":41}},"268":{"start":{"line":791,"column":24},"end":{"line":791,"column":77}},"269":{"start":{"line":793,"column":4},"end":{"line":793,"column":83}},"270":{"start":{"line":794,"column":15},"end":{"line":794,"column":51}},"271":{"start":{"line":796,"column":21},"end":{"line":799,"column":26}},"272":{"start":{"line":801,"column":16},"end":{"line":801,"column":53}},"273":{"start":{"line":803,"column":2},"end":{"line":803,"column":89}},"274":{"start":{"line":805,"column":2},"end":{"line":817,"column":5}},"275":{"start":{"line":823,"column":24},"end":{"line":849,"column":2}},"276":{"start":{"line":824,"column":19},"end":{"line":830,"column":3}},"277":{"start":{"line":832,"column":2},"end":{"line":834,"column":3}},"278":{"start":{"line":833,"column":4},"end":{"line":833,"column":57}},"279":{"start":{"line":836,"column":2},"end":{"line":838,"column":3}},"280":{"start":{"line":837,"column":4},"end":{"line":837,"column":88}},"281":{"start":{"line":840,"column":2},"end":{"line":840,"column":87}},"282":{"start":{"line":842,"column":2},"end":{"line":848,"column":5}},"283":{"start":{"line":852,"column":23},"end":{"line":886,"column":2}},"284":{"start":{"line":853,"column":19},"end":{"line":856,"column":4}},"285":{"start":{"line":858,"column":2},"end":{"line":860,"column":3}},"286":{"start":{"line":859,"column":4},"end":{"line":859,"column":57}},"287":{"start":{"line":862,"column":2},"end":{"line":864,"column":3}},"288":{"start":{"line":863,"column":4},"end":{"line":863,"column":86}},"289":{"start":{"line":867,"column":23},"end":{"line":867,"column":91}},"290":{"start":{"line":867,"column":51},"end":{"line":867,"column":90}},"291":{"start":{"line":868,"column":2},"end":{"line":870,"column":3}},"292":{"start":{"line":869,"column":4},"end":{"line":869,"column":65}},"293":{"start":{"line":873,"column":2},"end":{"line":873,"column":32}},"294":{"start":{"line":874,"column":2},"end":{"line":874,"column":24}},"295":{"start":{"line":876,"column":18},"end":{"line":876,"column":59}},"296":{"start":{"line":878,"column":2},"end":{"line":878,"column":78}},"297":{"start":{"line":880,"column":2},"end":{"line":885,"column":5}},"298":{"start":{"line":889,"column":26},"end":{"line":932,"column":2}},"299":{"start":{"line":890,"column":19},"end":{"line":893,"column":4}},"300":{"start":{"line":895,"column":2},"end":{"line":897,"column":3}},"301":{"start":{"line":896,"column":4},"end":{"line":896,"column":57}},"302":{"start":{"line":899,"column":15},"end":{"line":899,"column":51}},"303":{"start":{"line":900,"column":2},"end":{"line":902,"column":3}},"304":{"start":{"line":901,"column":4},"end":{"line":901,"column":53}},"305":{"start":{"line":905,"column":2},"end":{"line":912,"column":3}},"306":{"start":{"line":906,"column":25},"end":{"line":908,"column":5}},"307":{"start":{"line":907,"column":11},"end":{"line":907,"column":89}},"308":{"start":{"line":909,"column":4},"end":{"line":911,"column":5}},"309":{"start":{"line":910,"column":6},"end":{"line":910,"column":67}},"310":{"start":{"line":915,"column":2},"end":{"line":919,"column":5}},"311":{"start":{"line":916,"column":4},"end":{"line":918,"column":5}},"312":{"start":{"line":917,"column":6},"end":{"line":917,"column":32}},"313":{"start":{"line":921,"column":2},"end":{"line":921,"column":30}},"314":{"start":{"line":922,"column":2},"end":{"line":922,"column":24}},"315":{"start":{"line":924,"column":2},"end":{"line":924,"column":77}},"316":{"start":{"line":926,"column":2},"end":{"line":931,"column":5}},"317":{"start":{"line":935,"column":26},"end":{"line":964,"column":2}},"318":{"start":{"line":936,"column":19},"end":{"line":939,"column":4}},"319":{"start":{"line":941,"column":2},"end":{"line":943,"column":3}},"320":{"start":{"line":942,"column":4},"end":{"line":942,"column":57}},"321":{"start":{"line":945,"column":15},"end":{"line":945,"column":51}},"322":{"start":{"line":946,"column":2},"end":{"line":948,"column":3}},"323":{"start":{"line":947,"column":4},"end":{"line":947,"column":53}},"324":{"start":{"line":951,"column":2},"end":{"line":953,"column":3}},"325":{"start":{"line":952,"column":4},"end":{"line":952,"column":69}},"326":{"start":{"line":955,"column":2},"end":{"line":955,"column":41}},"327":{"start":{"line":956,"column":2},"end":{"line":956,"column":24}},"328":{"start":{"line":958,"column":2},"end":{"line":958,"column":79}},"329":{"start":{"line":960,"column":2},"end":{"line":963,"column":5}},"330":{"start":{"line":967,"column":34},"end":{"line":1021,"column":2}},"331":{"start":{"line":968,"column":19},"end":{"line":971,"column":4}},"332":{"start":{"line":973,"column":2},"end":{"line":975,"column":3}},"333":{"start":{"line":974,"column":4},"end":{"line":974,"column":57}},"334":{"start":{"line":977,"column":15},"end":{"line":977,"column":51}},"335":{"start":{"line":978,"column":2},"end":{"line":980,"column":3}},"336":{"start":{"line":979,"column":4},"end":{"line":979,"column":53}},"337":{"start":{"line":982,"column":2},"end":{"line":984,"column":3}},"338":{"start":{"line":983,"column":4},"end":{"line":983,"column":63}},"339":{"start":{"line":986,"column":24},"end":{"line":986,"column":32}},"340":{"start":{"line":987,"column":2},"end":{"line":989,"column":3}},"341":{"start":{"line":988,"column":4},"end":{"line":988,"column":69}},"342":{"start":{"line":992,"column":17},"end":{"line":996,"column":4}},"343":{"start":{"line":998,"column":2},"end":{"line":1000,"column":3}},"344":{"start":{"line":999,"column":4},"end":{"line":999,"column":87}},"345":{"start":{"line":1003,"column":2},"end":{"line":1005,"column":5}},"346":{"start":{"line":1004,"column":4},"end":{"line":1004,"column":41}},"347":{"start":{"line":1007,"column":2},"end":{"line":1007,"column":35}},"348":{"start":{"line":1008,"column":2},"end":{"line":1008,"column":27}},"349":{"start":{"line":1009,"column":2},"end":{"line":1009,"column":30}},"350":{"start":{"line":1011,"column":2},"end":{"line":1011,"column":24}},"351":{"start":{"line":1013,"column":2},"end":{"line":1013,"column":80}},"352":{"start":{"line":1015,"column":2},"end":{"line":1020,"column":5}},"353":{"start":{"line":1024,"column":36},"end":{"line":1066,"column":2}},"354":{"start":{"line":1025,"column":19},"end":{"line":1028,"column":4}},"355":{"start":{"line":1030,"column":2},"end":{"line":1032,"column":3}},"356":{"start":{"line":1031,"column":4},"end":{"line":1031,"column":57}},"357":{"start":{"line":1034,"column":15},"end":{"line":1034,"column":51}},"358":{"start":{"line":1035,"column":2},"end":{"line":1037,"column":3}},"359":{"start":{"line":1036,"column":4},"end":{"line":1036,"column":53}},"360":{"start":{"line":1039,"column":2},"end":{"line":1041,"column":3}},"361":{"start":{"line":1040,"column":4},"end":{"line":1040,"column":69}},"362":{"start":{"line":1044,"column":2},"end":{"line":1051,"column":4}},"363":{"start":{"line":1053,"column":2},"end":{"line":1053,"column":28}},"364":{"start":{"line":1054,"column":2},"end":{"line":1054,"column":30}},"365":{"start":{"line":1056,"column":2},"end":{"line":1056,"column":24}},"366":{"start":{"line":1058,"column":2},"end":{"line":1058,"column":61}},"367":{"start":{"line":1060,"column":2},"end":{"line":1065,"column":5}},"368":{"start":{"line":1069,"column":32},"end":{"line":1107,"column":2}},"369":{"start":{"line":1070,"column":19},"end":{"line":1073,"column":4}},"370":{"start":{"line":1075,"column":2},"end":{"line":1077,"column":3}},"371":{"start":{"line":1076,"column":4},"end":{"line":1076,"column":57}},"372":{"start":{"line":1079,"column":2},"end":{"line":1081,"column":3}},"373":{"start":{"line":1080,"column":4},"end":{"line":1080,"column":97}},"374":{"start":{"line":1083,"column":21},"end":{"line":1083,"column":42}},"375":{"start":{"line":1084,"column":24},"end":{"line":1084,"column":87}},"376":{"start":{"line":1084,"column":54},"end":{"line":1084,"column":79}},"377":{"start":{"line":1085,"column":22},"end":{"line":1085,"column":48}},"378":{"start":{"line":1086,"column":27},"end":{"line":1086,"column":97}},"379":{"start":{"line":1086,"column":64},"end":{"line":1086,"column":93}},"380":{"start":{"line":1087,"column":22},"end":{"line":1087,"column":72}},"381":{"start":{"line":1088,"column":24},"end":{"line":1088,"column":79}},"382":{"start":{"line":1090,"column":20},"end":{"line":1097,"column":3}},"383":{"start":{"line":1099,"column":2},"end":{"line":1099,"column":71}},"384":{"start":{"line":1101,"column":2},"end":{"line":1106,"column":5}},"385":{"start":{"line":1110,"column":39},"end":{"line":1123,"column":2}},"386":{"start":{"line":1111,"column":17},"end":{"line":1111,"column":28}},"387":{"start":{"line":1113,"column":23},"end":{"line":1113,"column":56}},"388":{"start":{"line":1115,"column":2},"end":{"line":1115,"column":64}},"389":{"start":{"line":1117,"column":2},"end":{"line":1122,"column":5}}},"fnMap":{"0":{"name":"(anonymous_0)","decl":{"start":{"line":15,"column":42},"end":{"line":15,"column":43}},"loc":{"start":{"line":15,"column":62},"end":{"line":42,"column":1}},"line":15},"1":{"name":"(anonymous_1)","decl":{"start":{"line":20,"column":4},"end":{"line":20,"column":5}},"loc":{"start":{"line":20,"column":16},"end":{"line":37,"column":5}},"line":20},"2":{"name":"(anonymous_2)","decl":{"start":{"line":45,"column":38},"end":{"line":45,"column":39}},"loc":{"start":{"line":45,"column":64},"end":{"line":76,"column":1}},"line":45},"3":{"name":"(anonymous_3)","decl":{"start":{"line":50,"column":4},"end":{"line":50,"column":5}},"loc":{"start":{"line":50,"column":16},"end":{"line":71,"column":5}},"line":50},"4":{"name":"(anonymous_4)","decl":{"start":{"line":79,"column":41},"end":{"line":79,"column":42}},"loc":{"start":{"line":79,"column":67},"end":{"line":99,"column":1}},"line":79},"5":{"name":"(anonymous_5)","decl":{"start":{"line":102,"column":41},"end":{"line":102,"column":42}},"loc":{"start":{"line":102,"column":67},"end":{"line":255,"column":1}},"line":102},"6":{"name":"(anonymous_6)","decl":{"start":{"line":168,"column":63},"end":{"line":168,"column":64}},"loc":{"start":{"line":168,"column":70},"end":{"line":168,"column":98}},"line":168},"7":{"name":"(anonymous_7)","decl":{"start":{"line":190,"column":12},"end":{"line":190,"column":13}},"loc":{"start":{"line":190,"column":17},"end":{"line":190,"column":66}},"line":190},"8":{"name":"(anonymous_8)","decl":{"start":{"line":227,"column":16},"end":{"line":227,"column":17}},"loc":{"start":{"line":227,"column":23},"end":{"line":227,"column":51}},"line":227},"9":{"name":"(anonymous_9)","decl":{"start":{"line":258,"column":41},"end":{"line":258,"column":42}},"loc":{"start":{"line":258,"column":67},"end":{"line":286,"column":1}},"line":258},"10":{"name":"(anonymous_10)","decl":{"start":{"line":289,"column":44},"end":{"line":289,"column":45}},"loc":{"start":{"line":289,"column":70},"end":{"line":421,"column":1}},"line":289},"11":{"name":"(anonymous_11)","decl":{"start":{"line":308,"column":39},"end":{"line":308,"column":40}},"loc":{"start":{"line":308,"column":47},"end":{"line":308,"column":58}},"line":308},"12":{"name":"(anonymous_12)","decl":{"start":{"line":339,"column":41},"end":{"line":339,"column":42}},"loc":{"start":{"line":339,"column":48},"end":{"line":344,"column":9}},"line":339},"13":{"name":"(anonymous_13)","decl":{"start":{"line":375,"column":49},"end":{"line":375,"column":50}},"loc":{"start":{"line":375,"column":56},"end":{"line":375,"column":69}},"line":375},"14":{"name":"(anonymous_14)","decl":{"start":{"line":377,"column":30},"end":{"line":377,"column":31}},"loc":{"start":{"line":377,"column":46},"end":{"line":379,"column":7}},"line":377},"15":{"name":"(anonymous_15)","decl":{"start":{"line":404,"column":49},"end":{"line":404,"column":50}},"loc":{"start":{"line":404,"column":62},"end":{"line":411,"column":7}},"line":404},"16":{"name":"(anonymous_16)","decl":{"start":{"line":424,"column":46},"end":{"line":424,"column":47}},"loc":{"start":{"line":424,"column":72},"end":{"line":496,"column":1}},"line":424},"17":{"name":"(anonymous_17)","decl":{"start":{"line":435,"column":47},"end":{"line":435,"column":48}},"loc":{"start":{"line":435,"column":54},"end":{"line":435,"column":84}},"line":435},"18":{"name":"(anonymous_18)","decl":{"start":{"line":448,"column":57},"end":{"line":448,"column":58}},"loc":{"start":{"line":448,"column":64},"end":{"line":453,"column":5}},"line":448},"19":{"name":"(anonymous_19)","decl":{"start":{"line":463,"column":44},"end":{"line":463,"column":45}},"loc":{"start":{"line":463,"column":57},"end":{"line":474,"column":3}},"line":463},"20":{"name":"(anonymous_20)","decl":{"start":{"line":499,"column":42},"end":{"line":499,"column":43}},"loc":{"start":{"line":499,"column":68},"end":{"line":533,"column":1}},"line":499},"21":{"name":"(anonymous_21)","decl":{"start":{"line":510,"column":37},"end":{"line":510,"column":38}},"loc":{"start":{"line":510,"column":44},"end":{"line":510,"column":74}},"line":510},"22":{"name":"(anonymous_22)","decl":{"start":{"line":517,"column":26},"end":{"line":517,"column":27}},"loc":{"start":{"line":517,"column":33},"end":{"line":519,"column":3}},"line":517},"23":{"name":"(anonymous_23)","decl":{"start":{"line":536,"column":47},"end":{"line":536,"column":48}},"loc":{"start":{"line":536,"column":73},"end":{"line":563,"column":1}},"line":536},"24":{"name":"(anonymous_24)","decl":{"start":{"line":566,"column":42},"end":{"line":566,"column":43}},"loc":{"start":{"line":566,"column":68},"end":{"line":610,"column":1}},"line":566},"25":{"name":"(anonymous_25)","decl":{"start":{"line":596,"column":33},"end":{"line":596,"column":34}},"loc":{"start":{"line":596,"column":40},"end":{"line":598,"column":3}},"line":596},"26":{"name":"(anonymous_26)","decl":{"start":{"line":613,"column":47},"end":{"line":613,"column":48}},"loc":{"start":{"line":613,"column":67},"end":{"line":686,"column":1}},"line":613},"27":{"name":"(anonymous_27)","decl":{"start":{"line":619,"column":4},"end":{"line":619,"column":5}},"loc":{"start":{"line":619,"column":16},"end":{"line":681,"column":5}},"line":619},"28":{"name":"(anonymous_28)","decl":{"start":{"line":689,"column":43},"end":{"line":689,"column":44}},"loc":{"start":{"line":689,"column":63},"end":{"line":818,"column":1}},"line":689},"29":{"name":"(anonymous_29)","decl":{"start":{"line":823,"column":35},"end":{"line":823,"column":36}},"loc":{"start":{"line":823,"column":61},"end":{"line":849,"column":1}},"line":823},"30":{"name":"(anonymous_30)","decl":{"start":{"line":852,"column":34},"end":{"line":852,"column":35}},"loc":{"start":{"line":852,"column":60},"end":{"line":886,"column":1}},"line":852},"31":{"name":"(anonymous_31)","decl":{"start":{"line":867,"column":43},"end":{"line":867,"column":44}},"loc":{"start":{"line":867,"column":51},"end":{"line":867,"column":90}},"line":867},"32":{"name":"(anonymous_32)","decl":{"start":{"line":889,"column":37},"end":{"line":889,"column":38}},"loc":{"start":{"line":889,"column":63},"end":{"line":932,"column":1}},"line":889},"33":{"name":"(anonymous_33)","decl":{"start":{"line":907,"column":6},"end":{"line":907,"column":7}},"loc":{"start":{"line":907,"column":11},"end":{"line":907,"column":89}},"line":907},"34":{"name":"(anonymous_34)","decl":{"start":{"line":915,"column":32},"end":{"line":915,"column":33}},"loc":{"start":{"line":915,"column":39},"end":{"line":919,"column":3}},"line":915},"35":{"name":"(anonymous_35)","decl":{"start":{"line":935,"column":37},"end":{"line":935,"column":38}},"loc":{"start":{"line":935,"column":63},"end":{"line":964,"column":1}},"line":935},"36":{"name":"(anonymous_36)","decl":{"start":{"line":967,"column":45},"end":{"line":967,"column":46}},"loc":{"start":{"line":967,"column":71},"end":{"line":1021,"column":1}},"line":967},"37":{"name":"(anonymous_37)","decl":{"start":{"line":1003,"column":33},"end":{"line":1003,"column":34}},"loc":{"start":{"line":1003,"column":40},"end":{"line":1005,"column":3}},"line":1003},"38":{"name":"(anonymous_38)","decl":{"start":{"line":1024,"column":47},"end":{"line":1024,"column":48}},"loc":{"start"
[...]
,"/Users/aryan/HomeIQ/server/utils/swagger.js": {"path":"/Users/aryan/HomeIQ/server/utils/swagger.js","statementMap":{"0":{"start":{"line":3,"column":16},"end":{"line":29,"column":1}},"1":{"start":{"line":31,"column":20},"end":{"line":31,"column":41}}},"fnMap":{},"branchMap":{},"s":{"0":4,"1":4},"f":{},"b":{},"inputSourceMap":null,"_coverageSchema":"1a1c01bbd47fc00a2c39e90264f33305004495a9","hash":"21343d5d184cc33d2f1c66dcb85811c4c18b889f"}
,"/Users/aryan/HomeIQ/server/validators/authValidators.js": {"path":"/Users/aryan/HomeIQ/server/validators/authValidators.js","statementMap":{"0":{"start":{"line":3,"column":33},"end":{"line":8,"column":1}},"1":{"start":{"line":10,"column":30},"end":{"line":13,"column":1}},"2":{"start":{"line":15,"column":39},"end":{"line":17,"column":1}},"3":{"start":{"line":19,"column":38},"end":{"line":21,"column":1}},"4":{"start":{"line":23,"column":39},"end":{"line":28,"column":1}}},"fnMap":{},"branchMap":{},"s":{"0":4,"1":4,"2":4,"3":4,"4":4},"f":{},"b":{},"inputSourceMap":null,"_coverageSchema":"1a1c01bbd47fc00a2c39e90264f33305004495a9","hash":"841d725433199b2d35ed518c029f31e23c55ee2e"}
,"/Users/aryan/HomeIQ/server/validators/propertyValidators.js": {"path":"/Users/aryan/HomeIQ/server/validators/propertyValidators.js","statementMap":{"0":{"start":{"line":5,"column":24},"end":{"line":11,"column":1}},"1":{"start":{"line":7,"column":2},"end":{"line":9,"column":3}},"2":{"start":{"line":8,"column":4},"end":{"line":8,"column":16}},"3":{"start":{"line":10,"column":2},"end":{"line":10,"column":48}},"4":{"start":{"line":14,"column":40},"end":{"line":103,"column":1}},"5":{"start":{"line":106,"column":40},"end":{"line":201,"column":1}},"6":{"start":{"line":204,"column":38},"end":{"line":210,"column":1}},"7":{"start":{"line":213,"column":41},"end":{"line":240,"column":1}},"8":{"start":{"line":243,"column":35},"end":{"line":249,"column":1}},"9":{"start":{"line":252,"column":42},"end":{"line":299,"column":1}},"10":{"start":{"line":302,"column":33},"end":{"line":343,"column":1}},"11":{"start":{"line":345,"column":36},"end":{"line":380,"column":1}},"12":{"start":{"line":382,"column":38},"end":{"line":408,"column":1}}},"fnMap":{"0":{"name":"(anonymous_0)","decl":{"start":{"line":5,"column":24},"end":{"line":5,"column":25}},"loc":{"start":{"line":5,"column":33},"end":{"line":11,"column":1}},"line":5}},"branchMap":{"0":{"loc":{"start":{"line":7,"column":2},"end":{"line":9,"column":3}},"type":"if","locations":[{"start":{"line":7,"column":2},"end":{"line":9,"column":3}},{"start":{},"end":{}}],"line":7},"1":{"loc":{"start":{"line":7,"column":6},"end":{"line":7,"column":59}},"type":"binary-expr","locations":[{"start":{"line":7,"column":6},"end":{"line":7,"column":20}},{"start":{"line":7,"column":24},"end":{"line":7,"column":43}},{"start":{"line":7,"column":47},"end":{"line":7,"column":59}}],"line":7}},"s":{"0":4,"1":0,"2":0,"3":0,"4":4,"5":4,"6":4,"7":4,"8":4,"9":4,"10":4,"11":4,"12":4},"f":{"0":0},"b":{"0":[0,0],"1":[0,0,0]},"inputSourceMap":null,"_coverageSchema":"1a1c01bbd47fc00a2c39e90264f33305004495a9","hash":"5ffba34ec20e0c29ee5b552b93bf993d2c7dcbce"}
,"/Users/aryan/HomeIQ/server/validators/tenantValidators.js": {"path":"/Users/aryan/HomeIQ/server/validators/tenantValidators.js","statementMap":{"0":{"start":{"line":6,"column":31},"end":{"line":13,"column":1}},"1":{"start":{"line":7,"column":17},"end":{"line":7,"column":38}},"2":{"start":{"line":8,"column":2},"end":{"line":11,"column":3}},"3":{"start":{"line":9,"column":26},"end":{"line":9,"column":64}},"4":{"start":{"line":9,"column":54},"end":{"line":9,"column":63}},"5":{"start":{"line":10,"column":4},"end":{"line":10,"column":85}},"6":{"start":{"line":12,"column":2},"end":{"line":12,"column":9}},"7":{"start":{"line":16,"column":27},"end":{"line":16,"column":90}},"8":{"start":{"line":18,"column":26},"end":{"line":22,"column":58}},"9":{"start":{"line":19,"column":2},"end":{"line":22,"column":58}},"10":{"start":{"line":24,"column":29},"end":{"line":28,"column":54}},"11":{"start":{"line":25,"column":2},"end":{"line":28,"column":54}},"12":{"start":{"line":31,"column":36},"end":{"line":348,"column":1}},"13":{"start":{"line":70,"column":24},"end":{"line":70,"column":39}},"14":{"start":{"line":71,"column":20},"end":{"line":71,"column":30}},"15":{"start":{"line":72,"column":18},"end":{"line":72,"column":82}},"16":{"start":{"line":73,"column":6},"end":{"line":75,"column":7}},"17":{"start":{"line":74,"column":8},"end":{"line":74,"column":64}},"18":{"start":{"line":76,"column":6},"end":{"line":76,"column":18}},"19":{"start":{"line":268,"column":6},"end":{"line":270,"column":7}},"20":{"start":{"line":269,"column":8},"end":{"line":269,"column":67}},"21":{"start":{"line":271,"column":6},"end":{"line":271,"column":18}},"22":{"start":{"line":279,"column":6},"end":{"line":281,"column":7}},"23":{"start":{"line":280,"column":8},"end":{"line":280,"column":66}},"24":{"start":{"line":282,"column":6},"end":{"line":282,"column":18}},"25":{"start":{"line":290,"column":6},"end":{"line":292,"column":7}},"26":{"start":{"line":291,"column":8},"end":{"line":291,"column":65}},"27":{"start":{"line":293,"column":6},"end":{"line":293,"column":18}},"28":{"start":{"line":301,"column":6},"end":{"line":303,"column":7}},"29":{"start":{"line":302,"column":8},"end":{"line":302,"column":64}},"30":{"start":{"line":304,"column":6},"end":{"line":304,"column":18}},"31":{"start":{"line":334,"column":6},"end":{"line":336,"column":7}},"32":{"start":{"line":335,"column":8},"end":{"line":335,"column":62}},"33":{"start":{"line":337,"column":6},"end":{"line":337,"column":18}},"34":{"start":{"line":351,"column":36},"end":{"line":415,"column":1}},"35":{"start":{"line":370,"column":24},"end":{"line":370,"column":39}},"36":{"start":{"line":371,"column":20},"end":{"line":371,"column":30}},"37":{"start":{"line":372,"column":18},"end":{"line":372,"column":82}},"38":{"start":{"line":373,"column":6},"end":{"line":375,"column":7}},"39":{"start":{"line":374,"column":8},"end":{"line":374,"column":64}},"40":{"start":{"line":376,"column":6},"end":{"line":376,"column":18}},"41":{"start":{"line":397,"column":6},"end":{"line":399,"column":7}},"42":{"start":{"line":398,"column":8},"end":{"line":398,"column":61}},"43":{"start":{"line":400,"column":6},"end":{"line":400,"column":18}},"44":{"start":{"line":408,"column":6},"end":{"line":410,"column":7}},"45":{"start":{"line":409,"column":8},"end":{"line":409,"column":68}},"46":{"start":{"line":411,"column":6},"end":{"line":411,"column":18}},"47":{"start":{"line":418,"column":29},"end":{"line":499,"column":1}},"48":{"start":{"line":445,"column":24},"end":{"line":445,"column":52}},"49":{"start":{"line":446,"column":22},"end":{"line":446,"column":37}},"50":{"start":{"line":447,"column":6},"end":{"line":449,"column":7}},"51":{"start":{"line":448,"column":8},"end":{"line":448,"column":61}},"52":{"start":{"line":450,"column":6},"end":{"line":450,"column":18}},"53":{"start":{"line":459,"column":6},"end":{"line":461,"column":7}},"54":{"start":{"line":460,"column":8},"end":{"line":460,"column":63}},"55":{"start":{"line":462,"column":6},"end":{"line":462,"column":18}},"56":{"start":{"line":470,"column":6},"end":{"line":472,"column":7}},"57":{"start":{"line":471,"column":8},"end":{"line":471,"column":63}},"58":{"start":{"line":473,"column":6},"end":{"line":473,"column":18}},"59":{"start":{"line":481,"column":6},"end":{"line":483,"column":7}},"60":{"start":{"line":482,"column":8},"end":{"line":482,"column":58}},"61":{"start":{"line":484,"column":6},"end":{"line":484,"column":18}},"62":{"start":{"line":502,"column":27},"end":{"line":551,"column":1}},"63":{"start":{"line":532,"column":6},"end":{"line":534,"column":7}},"64":{"start":{"line":533,"column":8},"end":{"line":533,"column":57}},"65":{"start":{"line":535,"column":6},"end":{"line":535,"column":18}},"66":{"start":{"line":554,"column":31},"end":{"line":589,"column":1}},"67":{"start":{"line":592,"column":32},"end":{"line":637,"column":1}},"68":{"start":{"line":640,"column":33},"end":{"line":683,"column":1}},"69":{"start":{"line":676,"column":6},"end":{"line":678,"column":7}},"70":{"start":{"line":677,"column":8},"end":{"line":677,"column":58}},"71":{"start":{"line":679,"column":6},"end":{"line":679,"column":18}},"72":{"start":{"line":686,"column":41},"end":{"line":707,"column":1}},"73":{"start":{"line":710,"column":47},"end":{"line":746,"column":1}},"74":{"start":{"line":717,"column":6},"end":{"line":719,"column":7}},"75":{"start":{"line":718,"column":8},"end":{"line":718,"column":65}},"76":{"start":{"line":720,"column":6},"end":{"line":720,"column":18}},"77":{"start":{"line":728,"column":6},"end":{"line":730,"column":7}},"78":{"start":{"line":729,"column":8},"end":{"line":729,"column":63}},"79":{"start":{"line":731,"column":6},"end":{"line":731,"column":18}},"80":{"start":{"line":739,"column":6},"end":{"line":741,"column":7}},"81":{"start":{"line":740,"column":8},"end":{"line":740,"column":66}},"82":{"start":{"line":742,"column":6},"end":{"line":742,"column":18}},"83":{"start":{"line":749,"column":42},"end":{"line":783,"column":1}},"84":{"start":{"line":786,"column":36},"end":{"line":842,"column":1}},"85":{"start":{"line":845,"column":43},"end":{"line":859,"column":1}},"86":{"start":{"line":852,"column":6},"end":{"line":854,"column":7}},"87":{"start":{"line":853,"column":8},"end":{"line":853,"column":63}},"88":{"start":{"line":855,"column":6},"end":{"line":855,"column":18}},"89":{"start":{"line":862,"column":33},"end":{"line":862,"column":77}},"90":{"start":{"line":863,"column":36},"end":{"line":863,"column":80}},"91":{"start":{"line":866,"column":37},"end":{"line":878,"column":1}}},"fnMap":{"0":{"name":"(anonymous_0)","decl":{"start":{"line":6,"column":31},"end":{"line":6,"column":32}},"loc":{"start":{"line":6,"column":51},"end":{"line":13,"column":1}},"line":6},"1":{"name":"(anonymous_1)","decl":{"start":{"line":9,"column":45},"end":{"line":9,"column":46}},"loc":{"start":{"line":9,"column":54},"end":{"line":9,"column":63}},"line":9},"2":{"name":"(anonymous_2)","decl":{"start":{"line":18,"column":26},"end":{"line":18,"column":27}},"loc":{"start":{"line":19,"column":2},"end":{"line":22,"column":58}},"line":19},"3":{"name":"(anonymous_3)","decl":{"start":{"line":24,"column":29},"end":{"line":24,"column":30}},"loc":{"start":{"line":25,"column":2},"end":{"line":28,"column":54}},"line":25},"4":{"name":"(anonymous_4)","decl":{"start":{"line":69,"column":12},"end":{"line":69,"column":13}},"loc":{"start":{"line":69,"column":21},"end":{"line":77,"column":5}},"line":69},"5":{"name":"(anonymous_5)","decl":{"start":{"line":267,"column":12},"end":{"line":267,"column":13}},"loc":{"start":{"line":267,"column":21},"end":{"line":272,"column":5}},"line":267},"6":{"name":"(anonymous_6)","decl":{"start":{"line":278,"column":12},"end":{"line":278,"column":13}},"loc":{"start":{"line":278,"column":21},"end":{"line":283,"column":5}},"line":278},"7":{"name":"(anonymous_7)","decl":{"start":{"line":289,"column":12},"end":{"line":289,"column":13}},"loc":{"start":{"line":289,"column":21},"end":{"line":294,"column":5}},"line":289},"8":{"name":"(anonymous_8)","decl":{"start":{"line":300,"column":12},"end":{"line":300,"column":13}},"loc":{"start":{"line":300,"column":21},"end":{"line":305,"column":5}},"line":300},"9":{"name":"(anonymous_9)","decl":{"start":{"line":333,"column":12},"end":{"line":333,"column":13}},"loc":{"start":{"line":333,"column":21},"end":{"line":338,"column":5}},"line":333},"10":{"name":"(anonymous_10)","decl":{"start":{"line":369,"column":12},"end":{"line":369,"column":13}},"loc":{"start":{"line":369,"column":21},"end":{"line":377,"column":5}},"line":369},"11":{"name":"(anonymous_11)","decl":{"start":{"line":396,"column":12},"end":{"line":396,"column":13}},"loc":{"start":{"line":396,"column":21},"end":{"line":401,"column":5}},"line":396},"12":{"name":"(anonymous_12)","decl":{"start":{"line":407,"column":12},"end":{"line":407,"column":13}},"loc":{"start":{"line":407,"column":21},"end":{"line":412,"column":5}},"line":407},"13":{"name":"(anonymous_13)","decl":{"start":{"line":444,"column":12},"end":{"line":444,"column":13}},"loc":{"start":{"line":444,"column":32},"end":{"line":451,"column":5}},"line":444},"14":{"name":"(anonymous_14)","decl":{"start":{"line":458,"column":12},"end":{"line":458,"column":13}},"loc":{"start":{"line":458,"column":21},"end":{"line":463,"column":5}},"line":458},"15":{"name":"(anonymous_15)","decl":{"start":{"line":469,"column":12},"end":{"line":469,"column":13}},"loc":{"start":{"line":469,"column":21},"end":{"line":474,"column":5}},"line":469},"16":{"name":"(anonymous_16)","decl":{"start":{"line":480,"column":12},"end":{"line":480,"column":13}},"loc":{"start":{"line":480,"column":21},"end":{"line":485,"column":5}},"line":480},"17":{"name":"(anonymous_17)","decl":{"start":{"line":531,"column":12},"end":{"line":531,"column":13}},"loc":{"start":{"line":531,"column":21},"end":{"line":536,"column":5}},"line":531},"18":{"name":"(anonymous_18)","decl":{"start":{"line":675,"column":12},"end":{"line":675,"column":13}},"loc":{"start":{"line":675,"column":21},"end":{"line":680,"column":5}},"line":675},"19":{"name":"(anonymous_19)","decl":{"start":{"line":716,"column":12},"end":{"line":716,"column":13}},"loc":{"start":{"line":716,"column":21},"end":{"line":721,"column":5}},"line":716},"20":{"name":"(anonymous_20)","decl":{"start":{"line":727,"column":12},"end":{"line":727,"column":13}},"loc":{"start":{"line":727,"column":21},"end":{"line":732,"column":5}},"line":727},"21":{"name":"(anonymous_21)","decl":{"start":{"line":738,"column":12},"end":{"line":738,"column":13}},"loc":{"start":{"line":738,"column":21},"end":{"line":743,"column":5}},"line":738},"22":{"name":"(anonymous_22)","decl":{"start":{"line":851,"column":12},"end":{"line":851,"column":13}},"loc":{"start":{"line":851,"column":21},"end":{"line":856,"column":5}},"line":851}},"branchMap":{"0":{"loc":{"start":{"line":8,"column":2},"end":{"line":11,"column":3}},"type":"if","locations":[{"start":{"line":8,"column":2},"end":{"line":11,"column":3}},{"start":{},"end":{}}],"line":8},"1":{"loc":{"start":{"line":73,"column":6},"end":{"line":75,"column":7}},"type":"if","locations":[{"start":{"line":73,"column":6},"end":{"line":75,"column":7}},{"start":{},"end":{}}],"line":73},"2":{"loc":{"start":{"line":268,"column":6},"end":{"line":270,"column":7}},"type":"if","locations":[{"start":{"line":268,"column":6},"end":{"line":270,"column":7}},{"start":{},"end":{}}],"line":268},"3":{"loc":{"start":{"line":279,"column":6},"end":{"line":281,"column":7}},"type":"if","locations":[{"start":{"line":279,"column":6},"end":{"line":281,"column":7}},{"start":{},"end":{}}],"line":279},"4":{"loc":{"start":{"line":290,"column":6},"end":{"line":292,"column":7}},"type":"if","locations":[{"start":{"line":290,"column":6},"end":{"line":292,"column":7}},{"start":{},"end":{}}],"line":290},"5":{"loc":{"start":{"line":301,"column":6},"end":{"line":303,"column":7}},"type":"if","locations":[{"start":{"line":301,"column":6},"end":{"line":303,"column":7}},{"start":{},"end":{}}],"line":301},"6":{"loc":{"start":{"line":334,"column":6},"end":{"line":336,"column":7}},"type":"if","locations":[{"start":{"line":334,"column":6},"end":{"line":336,"column":7}},{"start":{},"end":{}}],"line":334},"7":{"loc":{"start":{"line":373,"column":6},"end":{"line":375,"column":7}},"type":"if","locations":[{"start":{"line":373,"column":6},"end":{"line":375,"column":7}},{"start":{},"end":{}}],"line":373},"8":{"loc":{"start":{"line":397,"column":6},"end":{"line":399,"column":7}},"type":"if","locations":[{"start":{"line":397,"column":6},"end":{"line":399,"column":7}},{"start":{},"end":{}}],"line":397},"9":{"loc":{"start":{"line":408,"column":6},"end":{"line":410,"column":7}},"type":"if","locations":[{"start":{"line":408,"column":6},"end":{"line":410,"column":7}},{"start":{},"end":{}}],"line":408},"10":{"loc":{"start":{"line":408,"column":10},"end":{"line":408,"column":36}},"type":"binary-expr","locations":[{"start":{"line":408,"column":10},"end":{"line":408,"column":21}},{"start":{"line":408,"column":25},"end":{"line":408,"column":36}}],"line":408},"11":{"loc":{"start":{"line":447,"column":6},"end":{"line":449,"column":7}},"type":"if","locations":[{"start":{"line":447,"column":6},"end":{"line":449,"column":7}},{"start":{},"end":{}}],"line":447},"12":{"loc":{"start":{"line":459,"column":6},"end":{"line":461,"column":7}},"type":"if","locations":[{"start":{"line":459,"column":6},"end":{"line":461,"column":7}},{"start":{},"end":{}}],"line":459},"13":{"loc":{"start":{"line":470,"column":6},"end":{"line":472,"column":7}},"type":"if","locations":[{"start":{"line":470,"column":6},"end":{"line":472,"column":7}},{"start":{},"end":{}}],"line":470},"14":{"loc":{"start":{"line":481,"column":6},"end":{"line":483,"column":7}},"type":"if","locations":[{"start":{"line":481,"column":6},"end":{"line":483,"column":7}},{"start":{},"end":{}}],"line":481},"15":{"loc":{"start":{"line":532,"column":6},"end":{"line":534,"column":7}},"type":"if","locations":[{"start":{"line":532,"column":6},"end":{"line":534,"column":7}},{"start":{},"end":{}}],"line":532},"16":{"loc":{"start":{"line":676,"column":6},"end":{"line":678,"column":7}},"type":"if","locations":[{"start":{"line":676,"column":6},"end":{"line":678,"column":7}},{"start":{},"end":{}}],"line":676},"17":{"loc":{"start":{"line":717,"column":6},"end":{"line":719,"column":7}},"type":"if","locations":[{"start":{"line":717,"column":6},"end":{"line":719,"column":7}},{"start":{},"end":{}}],"line":717},"18":{"loc":{"start":{"line":728,"column":6},"end":{"line":730,"column":7}},"type":"if","locations":[{"start":{"line":728,"column":6},"end":{"line":730,"column":7}},{"start":{},"end":{}}],"line":728},"19":{"loc":{"start":{"line":739,"column":6},"end":{"line":741,"column":7}},"type":"if","locations":[{"start":{"line":739,"column":6},"end":{"line":741,"column":7}},{"start":{},"end":{}}],"line":739},"20":{"loc":{"start":{"line":852,"column":6},"end":{"line":854,"column":7}},"type":"if","locations":[{"start":{"line":852,"column":6},"end":{"line":854,"column":7}},{"start":{},"end":{}}],"line":852}},"s":{"0":4,"1":161,"2":161,"3":57,"4":70,"5":57,"6":104,"7":4,"8":4,"9":12,"10":4,"11":4,"12":4,"13":107,"14":107,"15":107,"16":107,"17":2,"18":105,"19":71,"20":1,"21":70,"22":71,"23":1,"24":70,"25":71,"26":0,"27":71,"28":71,"29":0,"30":71,"31":1,"32":1,"33":0,"34":4,"35":0,"36":0,"37":0,"38":0,"39":0,"40":0,"41":0,"42":0,"43":0,"44":0,"45":0,"46":0,"47":4,"48":15,"49":15,"50":15,"51":2,"52":13,"53":15,"54":1,"55":14,"56":12,"57":1,"58":11,"59":0,"60":0,"61":0,"62":4,"63":0,"64":0,"65":0,"66":4,"67":4,"68":4,"69":0,"70":0,"71":0,"72":4,"73":4,"74":6,"75":1,"76":5,"77":5,"78":1,"79":4,"80":4,"81":1,"82":3,"83":4,"84":4,"85":4,"86":7,"87":1,"88":6,"89":4,"90":4,"91":4},"f":{"0":161,"1":70,"2":12,"3":4,"4":107,"5":71,"6":71,"7":71,"8":71,"9":1,"10":0,"11":0,"12":0,"13":15,"14":15,"15":12,"16":0,"17":0,"18":0,"19":6,"20":5,"21":4,"22":7},"b":{"0":[57,104],"1":[2,105],"2":[1,70],"3":[1,70],"4":[0,71],"5":[0,71],"6":[1,0],"7":[0,0],"8":[0,0],"9":[0,0],"10":[0,0],"11":[2,13],"12":[1,14],"13":[1,11],"14":[0,0],"15":[0,0],"16":[0,0],"17":[1,5],"18":[1,4],"19":[1,3],"20":[1,6]},"inputSourceMap":null,"_coverageSchema":"1a1c01bbd47fc00a2c39e90264f33305004495a9","hash":"36d5c154cff0d8492120be5df021ec39dcb5fa70"}
}
