TN:
SF:eslint.config.js
FNF:0
FNH:0
LF:0
LH:0
BRF:0
BRH:0
end_of_record
TN:
SF:config/redis.js
FN:6,(anonymous_0)
FN:11,(anonymous_1)
FN:18,(anonymous_2)
FN:34,(anonymous_3)
FN:38,(anonymous_4)
FN:43,(anonymous_5)
FN:48,(anonymous_6)
FN:53,(anonymous_7)
FN:72,(anonymous_8)
FN:84,(anonymous_9)
FN:96,(anonymous_10)
FN:109,(anonymous_11)
FN:122,(anonymous_12)
FN:140,(anonymous_13)
FN:152,(anonymous_14)
FN:165,(anonymous_15)
FN:170,(anonymous_16)
FN:198,(anonymous_17)
FN:203,(anonymous_18)
FNF:19
FNH:4
FNDA:4,(anonymous_0)
FNDA:0,(anonymous_1)
FNDA:0,(anonymous_2)
FNDA:0,(anonymous_3)
FNDA:0,(anonymous_4)
FNDA:0,(anonymous_5)
FNDA:0,(anonymous_6)
FNDA:0,(anonymous_7)
FNDA:0,(anonymous_8)
FNDA:5,(anonymous_9)
FNDA:3,(anonymous_10)
FNDA:252,(anonymous_11)
FNDA:0,(anonymous_12)
FNDA:0,(anonymous_13)
FNDA:0,(anonymous_14)
FNDA:0,(anonymous_15)
FNDA:0,(anonymous_16)
FNDA:0,(anonymous_17)
FNDA:0,(anonymous_18)
DA:7,4
DA:8,4
DA:12,0
DA:14,0
DA:19,0
DA:20,0
DA:21,0
DA:24,0
DA:25,0
DA:26,0
DA:31,0
DA:34,0
DA:35,0
DA:38,0
DA:39,0
DA:40,0
DA:43,0
DA:44,0
DA:45,0
DA:48,0
DA:49,0
DA:50,0
DA:53,0
DA:54,0
DA:58,0
DA:61,0
DA:62,0
DA:64,0
DA:65,0
DA:68,0
DA:73,0
DA:74,0
DA:75,0
DA:76,0
DA:79,0
DA:85,5
DA:86,5
DA:87,5
DA:89,0
DA:91,0
DA:92,0
DA:97,3
DA:98,3
DA:99,3
DA:101,0
DA:102,0
DA:104,0
DA:105,0
DA:110,252
DA:111,252
DA:112,252
DA:114,0
DA:115,0
DA:117,0
DA:118,0
DA:123,0
DA:124,0
DA:125,0
DA:128,0
DA:129,0
DA:130,0
DA:131,0
DA:133,0
DA:135,0
DA:136,0
DA:141,0
DA:142,0
DA:143,0
DA:145,0
DA:147,0
DA:148,0
DA:153,0
DA:154,0
DA:155,0
DA:157,0
DA:159,0
DA:160,0
DA:166,0
DA:171,0
DA:172,0
DA:173,0
DA:176,0
DA:177,0
DA:178,0
DA:180,0
DA:186,0
DA:195,4
DA:198,4
DA:199,0
DA:200,0
DA:203,4
DA:204,0
DA:205,0
LF:93
LH:14
BRDA:15,0,0,0
BRDA:15,0,1,0
BRDA:19,1,0,0
BRDA:19,1,1,0
BRDA:74,2,0,0
BRDA:74,2,1,0
BRDA:74,3,0,0
BRDA:74,3,1,0
BRDA:86,4,0,5
BRDA:86,4,1,0
BRDA:86,5,0,5
BRDA:86,5,1,0
BRDA:96,6,0,0
BRDA:98,7,0,3
BRDA:98,7,1,0
BRDA:98,8,0,3
BRDA:98,8,1,0
BRDA:111,9,0,252
BRDA:111,9,1,0
BRDA:111,10,0,252
BRDA:111,10,1,0
BRDA:124,11,0,0
BRDA:124,11,1,0
BRDA:124,12,0,0
BRDA:124,12,1,0
BRDA:129,13,0,0
BRDA:129,13,1,0
BRDA:142,14,0,0
BRDA:142,14,1,0
BRDA:142,15,0,0
BRDA:142,15,1,0
BRDA:154,16,0,0
BRDA:154,16,1,0
BRDA:154,17,0,0
BRDA:154,17,1,0
BRDA:166,18,0,0
BRDA:166,18,1,0
BRDA:172,19,0,0
BRDA:172,19,1,0
BRDA:172,20,0,0
BRDA:172,20,1,0
BRF:41
BRH:6
end_of_record
TN:
SF:config/s3.js
FN:30,(anonymous_0)
FN:43,(anonymous_1)
FN:52,(anonymous_2)
FNF:3
FNH:0
FNDA:0,(anonymous_0)
FNDA:0,(anonymous_1)
FNDA:0,(anonymous_2)
DA:10,4
DA:13,4
DA:27,4
DA:30,4
DA:31,0
DA:32,0
DA:34,0
DA:39,4
DA:44,0
DA:45,0
DA:46,0
DA:47,0
DA:48,0
DA:49,0
DA:53,0
DA:69,4
LF:16
LH:6
BRDA:14,0,0,4
BRDA:14,0,1,0
BRDA:16,1,0,4
BRDA:16,1,1,0
BRDA:17,2,0,4
BRDA:17,2,1,0
BRDA:20,3,0,4
BRDA:20,3,1,4
BRDA:21,4,0,4
BRDA:21,4,1,4
BRDA:31,5,0,0
BRDA:31,5,1,0
BRDA:42,6,0,4
BRDA:42,6,1,0
BRDA:45,7,0,0
BRDA:45,7,1,0
BRDA:46,8,0,0
BRDA:46,8,1,0
BRDA:56,9,0,0
BRDA:56,9,1,0
BRF:20
BRH:8
end_of_record
TN:
SF:controllers/authController.js
FN:12,(anonymous_0)
FN:21,(anonymous_1)
FN:43,isAccountLocked
FN:52,handleFailedLogin
FN:64,isEmailVerified
FN:69,resetFailedLogin
FN:75,(anonymous_6)
FN:129,(anonymous_7)
FN:190,(anonymous_8)
FN:214,(anonymous_9)
FN:241,(anonymous_10)
FN:265,(anonymous_11)
FN:289,(anonymous_12)
FN:298,(anonymous_13)
FN:313,(anonymous_14)
FNF:15
FNH:7
FNDA:108,(anonymous_0)
FNDA:0,(anonymous_1)
FNDA:110,isAccountLocked
FNDA:1,handleFailedLogin
FNDA:109,isEmailVerified
FNDA:109,resetFailedLogin
FNDA:112,(anonymous_6)
FNDA:110,(anonymous_7)
FNDA:0,(anonymous_8)
FNDA:0,(anonymous_9)
FNDA:0,(anonymous_10)
FNDA:0,(anonymous_11)
FNDA:0,(anonymous_12)
FNDA:0,(anonymous_13)
FNDA:0,(anonymous_14)
DA:12,4
DA:13,108
DA:17,4
DA:18,4
DA:21,4
DA:29,0
DA:30,0
DA:34,0
DA:35,0
DA:37,0
DA:38,0
DA:39,0
DA:44,110
DA:45,0
DA:46,0
DA:48,110
DA:53,1
DA:54,1
DA:55,0
DA:56,0
DA:57,0
DA:59,1
DA:60,1
DA:65,109
DA:70,109
DA:71,109
DA:72,109
DA:75,4
DA:76,112
DA:77,112
DA:80,112
DA:81,112
DA:82,0
DA:86,112
DA:87,112
DA:88,0
DA:97,112
DA:98,112
DA:99,1
DA:102,111
DA:103,111
DA:104,111
DA:107,111
DA:108,111
DA:109,111
DA:113,0
DA:115,0
DA:122,0
DA:123,0
DA:125,0
DA:129,4
DA:130,110
DA:131,110
DA:133,110
DA:134,110
DA:135,0
DA:137,110
DA:138,110
DA:139,0
DA:143,110
DA:144,110
DA:145,0
DA:149,110
DA:150,110
DA:151,1
DA:152,1
DA:153,0
DA:160,1
DA:163,109
DA:165,109
DA:166,1
DA:168,108
DA:171,108
DA:177,108
DA:178,0
DA:180,108
DA:183,108
DA:184,108
DA:186,0
DA:190,4
DA:191,0
DA:192,0
DA:205,0
DA:206,0
DA:208,0
DA:210,0
DA:214,4
DA:215,0
DA:216,0
DA:218,0
DA:219,0
DA:220,0
DA:222,0
DA:223,0
DA:224,0
DA:226,0
DA:227,0
DA:229,0
DA:230,0
DA:233,0
DA:235,0
DA:237,0
DA:241,4
DA:242,0
DA:243,0
DA:245,0
DA:246,0
DA:247,0
DA:249,0
DA:250,0
DA:251,0
DA:253,0
DA:254,0
DA:257,0
DA:259,0
DA:261,0
DA:265,4
DA:266,0
DA:267,0
DA:279,0
DA:280,0
DA:282,0
DA:283,0
DA:285,0
DA:289,4
DA:290,0
DA:291,0
DA:292,0
DA:294,0
DA:298,4
DA:299,0
DA:300,0
DA:301,0
DA:302,0
DA:304,0
DA:305,0
DA:306,0
DA:307,0
DA:309,0
DA:313,4
DA:314,0
DA:319,0
LF:142
LH:61
BRDA:17,0,0,4
BRDA:17,0,1,4
BRDA:18,1,0,4
BRDA:18,1,1,4
BRDA:27,2,0,0
BRDA:34,3,0,0
BRDA:34,3,1,0
BRDA:44,4,0,0
BRDA:44,4,1,110
BRDA:44,5,0,110
BRDA:44,5,1,0
BRDA:53,6,0,1
BRDA:53,6,1,1
BRDA:54,7,0,0
BRDA:54,7,1,1
BRDA:80,8,0,112
BRDA:80,8,1,0
BRDA:81,9,0,0
BRDA:81,9,1,112
BRDA:87,10,0,0
BRDA:87,10,1,112
BRDA:98,11,0,1
BRDA:98,11,1,111
BRDA:122,12,0,0
BRDA:122,12,1,0
BRDA:133,13,0,110
BRDA:133,13,1,0
BRDA:134,14,0,0
BRDA:134,14,1,110
BRDA:138,15,0,0
BRDA:138,15,1,110
BRDA:144,16,0,0
BRDA:144,16,1,110
BRDA:150,17,0,1
BRDA:150,17,1,109
BRDA:152,18,0,0
BRDA:152,18,1,1
BRDA:165,19,0,1
BRDA:165,19,1,108
BRDA:177,20,0,0
BRDA:177,20,1,108
BRDA:205,21,0,0
BRDA:205,21,1,0
BRDA:218,22,0,0
BRDA:218,22,1,0
BRDA:219,23,0,0
BRDA:219,23,1,0
BRDA:223,24,0,0
BRDA:223,24,1,0
BRDA:226,25,0,0
BRDA:226,25,1,0
BRDA:245,26,0,0
BRDA:245,26,1,0
BRDA:246,27,0,0
BRDA:246,27,1,0
BRDA:250,28,0,0
BRDA:250,28,1,0
BRDA:279,29,0,0
BRDA:279,29,1,0
BRDA:301,30,0,0
BRDA:301,30,1,0
BRF:61
BRH:24
end_of_record
TN:
SF:controllers/errorController.js
FN:3,(anonymous_0)
FN:13,(anonymous_1)
FN:30,(anonymous_2)
FNF:3
FNH:2
FNDA:0,(anonymous_0)
FNDA:73,(anonymous_1)
FNDA:73,(anonymous_2)
DA:3,4
DA:4,0
DA:5,0
DA:13,4
DA:14,73
DA:16,73
DA:17,73
DA:23,0
DA:31,73
DA:32,73
DA:33,73
DA:34,0
DA:36,73
LF:13
LH:9
BRDA:5,0,0,0
BRDA:5,0,1,0
BRDA:6,1,0,0
BRDA:6,1,1,0
BRDA:16,2,0,73
BRDA:16,2,1,0
BRDA:31,3,0,73
BRDA:31,3,1,0
BRDA:32,4,0,73
BRDA:32,4,1,0
BRDA:33,5,0,0
BRDA:33,5,1,73
BRF:12
BRH:4
end_of_record
TN:
SF:controllers/propertyController.js
FN:15,(anonymous_0)
FN:20,(anonymous_1)
FN:45,(anonymous_2)
FN:50,(anonymous_3)
FN:79,(anonymous_4)
FN:102,(anonymous_5)
FN:168,(anonymous_6)
FN:190,(anonymous_7)
FN:227,(anonymous_8)
FN:258,(anonymous_9)
FN:289,(anonymous_10)
FN:308,(anonymous_11)
FN:339,(anonymous_12)
FN:375,(anonymous_13)
FN:377,(anonymous_14)
FN:404,(anonymous_15)
FN:424,(anonymous_16)
FN:435,(anonymous_17)
FN:448,(anonymous_18)
FN:463,(anonymous_19)
FN:499,(anonymous_20)
FN:510,(anonymous_21)
FN:517,(anonymous_22)
FN:536,(anonymous_23)
FN:566,(anonymous_24)
FN:596,(anonymous_25)
FN:613,(anonymous_26)
FN:619,(anonymous_27)
FN:689,(anonymous_28)
FN:823,(anonymous_29)
FN:852,(anonymous_30)
FN:867,(anonymous_31)
FN:889,(anonymous_32)
FN:907,(anonymous_33)
FN:915,(anonymous_34)
FN:935,(anonymous_35)
FN:967,(anonymous_36)
FN:1003,(anonymous_37)
FN:1024,(anonymous_38)
FN:1069,(anonymous_39)
FN:1084,(anonymous_40)
FN:1086,(anonymous_41)
FN:1110,(anonymous_42)
FNF:43
FNH:20
FNDA:1,(anonymous_0)
FNDA:1,(anonymous_1)
FNDA:3,(anonymous_2)
FNDA:5,(anonymous_3)
FNDA:61,(anonymous_4)
FNDA:2,(anonymous_5)
FNDA:0,(anonymous_6)
FNDA:0,(anonymous_7)
FNDA:0,(anonymous_8)
FNDA:2,(anonymous_9)
FNDA:2,(anonymous_10)
FNDA:0,(anonymous_11)
FNDA:0,(anonymous_12)
FNDA:0,(anonymous_13)
FNDA:0,(anonymous_14)
FNDA:0,(anonymous_15)
FNDA:0,(anonymous_16)
FNDA:0,(anonymous_17)
FNDA:0,(anonymous_18)
FNDA:0,(anonymous_19)
FNDA:0,(anonymous_20)
FNDA:0,(anonymous_21)
FNDA:0,(anonymous_22)
FNDA:1,(anonymous_23)
FNDA:1,(anonymous_24)
FNDA:5,(anonymous_25)
FNDA:1,(anonymous_26)
FNDA:1,(anonymous_27)
FNDA:2,(anonymous_28)
FNDA:2,(anonymous_29)
FNDA:3,(anonymous_30)
FNDA:1,(anonymous_31)
FNDA:0,(anonymous_32)
FNDA:0,(anonymous_33)
FNDA:0,(anonymous_34)
FNDA:0,(anonymous_35)
FNDA:0,(anonymous_36)
FNDA:0,(anonymous_37)
FNDA:0,(anonymous_38)
FNDA:1,(anonymous_39)
FNDA:1,(anonymous_40)
FNDA:1,(anonymous_41)
FNDA:0,(anonymous_42)
DA:15,4
DA:16,1
DA:18,1
DA:21,1
DA:28,1
DA:30,1
DA:41,1
DA:45,4
DA:46,3
DA:48,3
DA:51,5
DA:59,5
DA:60,4
DA:63,1
DA:65,1
DA:75,1
DA:79,4
DA:81,61
DA:86,61
DA:89,61
DA:91,61
DA:93,61
DA:102,4
DA:105,2
DA:108,2
DA:121,2
DA:122,1
DA:127,1
DA:131,1
DA:132,1
DA:133,1
DA:134,0
DA:135,0
DA:140,0
DA:141,0
DA:143,0
DA:144,0
DA:148,0
DA:149,0
DA:153,0
DA:154,0
DA:157,0
DA:168,0
DA:169,0
DA:173,0
DA:180,1
DA:181,0
DA:182,0
DA:183,0
DA:184,0
DA:189,0
DA:190,0
DA:192,0
DA:194,0
DA:195,0
DA:199,0
DA:200,0
DA:204,0
DA:205,0
DA:207,0
DA:208,0
DA:212,0
DA:213,0
DA:214,0
DA:226,0
DA:227,0
DA:229,0
DA:235,0
DA:245,1
DA:247,1
DA:249,1
DA:258,4
DA:260,2
DA:265,2
DA:266,1
DA:270,1
DA:271,1
DA:272,1
DA:278,1
DA:280,1
DA:282,1
DA:289,4
DA:290,2
DA:295,2
DA:296,0
DA:300,2
DA:301,2
DA:304,0
DA:306,0
DA:308,0
DA:311,0
DA:314,0
DA:317,0
DA:318,0
DA:320,0
DA:321,0
DA:322,0
DA:324,0
DA:325,0
DA:326,0
DA:329,0
DA:331,0
DA:339,0
DA:340,0
DA:341,0
DA:342,0
DA:347,0
DA:358,0
DA:360,0
DA:362,0
DA:367,0
DA:368,0
DA:372,0
DA:375,0
DA:376,0
DA:377,0
DA:378,0
DA:382,0
DA:384,0
DA:387,0
DA:389,0
DA:391,0
DA:402,0
DA:404,0
DA:405,0
DA:406,0
DA:407,0
DA:409,0
DA:413,0
DA:415,0
DA:418,0
DA:419,0
DA:424,4
DA:425,0
DA:430,0
DA:431,0
DA:434,0
DA:435,0
DA:437,0
DA:438,0
DA:441,0
DA:444,0
DA:446,0
DA:448,0
DA:449,0
DA:450,0
DA:451,0
DA:456,0
DA:457,0
DA:458,0
DA:463,0
DA:464,0
DA:465,0
DA:466,0
DA:467,0
DA:469,0
DA:472,0
DA:476,0
DA:479,0
DA:480,0
DA:482,0
DA:483,0
DA:486,0
DA:488,0
DA:490,0
DA:499,4
DA:500,0
DA:505,0
DA:506,0
DA:509,0
DA:510,0
DA:512,0
DA:513,0
DA:517,0
DA:518,0
DA:522,0
DA:523,0
DA:525,0
DA:527,0
DA:536,4
DA:537,1
DA:542,1
DA:543,0
DA:546,1
DA:548,1
DA:549,0
DA:552,1
DA:553,1
DA:555,1
DA:557,1
DA:566,4
DA:567,1
DA:572,1
DA:573,0
DA:576,1
DA:578,1
DA:579,0
DA:583,1
DA:584,0
DA:590,0
DA:591,0
DA:596,1
DA:597,5
DA:600,1
DA:602,1
DA:604,1
DA:613,4
DA:614,1
DA:615,1
DA:617,1
DA:620,1
DA:662,1
DA:673,1
DA:675,1
DA:685,1
DA:689,4
DA:703,2
DA:706,2
DA:711,2
DA:721,2
DA:723,2
DA:724,2
DA:726,2
DA:727,0
DA:729,2
DA:731,0
DA:732,0
DA:734,2
DA:736,0
DA:737,0
DA:740,2
DA:741,2
DA:742,2
DA:743,2
DA:744,2
DA:745,2
DA:748,2
DA:749,1
DA:750,1
DA:751,1
DA:756,2
DA:757,0
DA:758,0
DA:759,0
DA:760,0
DA:761,0
DA:764,0
DA:765,0
DA:766,0
DA:767,0
DA:772,2
DA:773,0
DA:774,0
DA:775,0
DA:776,0
DA:777,0
DA:780,0
DA:781,0
DA:782,0
DA:783,0
DA:789,2
DA:790,2
DA:791,2
DA:793,2
DA:794,2
DA:796,2
DA:801,2
DA:803,2
DA:805,2
DA:823,4
DA:824,2
DA:832,2
DA:833,0
DA:836,2
DA:837,1
DA:840,1
DA:842,1
DA:852,4
DA:853,3
DA:858,3
DA:859,0
DA:862,3
DA:863,1
DA:867,2
DA:868,2
DA:869,1
DA:873,1
DA:874,1
DA:876,1
DA:878,1
DA:880,1
DA:889,4
DA:890,0
DA:895,0
DA:896,0
DA:899,0
DA:900,0
DA:901,0
DA:905,0
DA:906,0
DA:907,0
DA:909,0
DA:910,0
DA:915,0
DA:916,0
DA:917,0
DA:921,0
DA:922,0
DA:924,0
DA:926,0
DA:935,4
DA:936,0
DA:941,0
DA:942,0
DA:945,0
DA:946,0
DA:947,0
DA:951,0
DA:952,0
DA:955,0
DA:956,0
DA:958,0
DA:960,0
DA:967,4
DA:968,0
DA:973,0
DA:974,0
DA:977,0
DA:978,0
DA:979,0
DA:982,0
DA:983,0
DA:986,0
DA:987,0
DA:988,0
DA:992,0
DA:998,0
DA:999,0
DA:1003,0
DA:1004,0
DA:1007,0
DA:1008,0
DA:1009,0
DA:1011,0
DA:1013,0
DA:1015,0
DA:1024,4
DA:1025,0
DA:1030,0
DA:1031,0
DA:1034,0
DA:1035,0
DA:1036,0
DA:1039,0
DA:1040,0
DA:1044,0
DA:1053,0
DA:1054,0
DA:1056,0
DA:1058,0
DA:1060,0
DA:1069,4
DA:1070,1
DA:1075,1
DA:1076,0
DA:1079,1
DA:1080,0
DA:1083,1
DA:1084,1
DA:1085,1
DA:1086,1
DA:1087,1
DA:1088,1
DA:1090,1
DA:1099,1
DA:1101,1
DA:1110,4
DA:1111,0
DA:1113,0
DA:1115,0
DA:1117,0
LF:381
LH:150
BRDA:59,0,0,4
BRDA:59,0,1,1
BRDA:121,1,0,1
BRDA:121,1,1,1
BRDA:127,2,0,1
BRDA:127,2,1,0
BRDA:127,2,2,0
BRDA:127,2,3,1
BRDA:127,2,4,1
BRDA:127,2,5,0
BRDA:127,2,6,0
BRDA:131,3,0,1
BRDA:131,3,1,0
BRDA:133,4,0,0
BRDA:133,4,1,1
BRDA:140,5,0,0
BRDA:140,5,1,0
BRDA:143,6,0,0
BRDA:143,6,1,0
BRDA:148,7,0,0
BRDA:148,7,1,0
BRDA:153,8,0,0
BRDA:153,8,1,0
BRDA:180,9,0,0
BRDA:180,9,1,1
BRDA:180,10,0,1
BRDA:180,10,1,0
BRDA:182,11,0,0
BRDA:182,11,1,0
BRDA:190,12,0,0
BRDA:190,12,1,0
BRDA:192,13,0,0
BRDA:192,13,1,0
BRDA:194,14,0,0
BRDA:194,14,1,0
BRDA:199,15,0,0
BRDA:199,15,1,0
BRDA:204,16,0,0
BRDA:204,16,1,0
BRDA:207,17,0,0
BRDA:207,17,1,0
BRDA:213,18,0,0
BRDA:213,18,1,0
BRDA:265,19,0,1
BRDA:265,19,1,1
BRDA:271,20,0,1
BRDA:271,20,1,0
BRDA:295,21,0,0
BRDA:295,21,1,2
BRDA:300,22,0,2
BRDA:300,22,1,0
BRDA:300,23,0,2
BRDA:300,23,1,0
BRDA:324,24,0,0
BRDA:324,24,1,0
BRDA:341,25,0,0
BRDA:341,25,1,0
BRDA:351,26,0,0
BRDA:351,26,1,0
BRDA:351,27,0,0
BRDA:351,27,1,0
BRDA:352,28,0,0
BRDA:352,28,1,0
BRDA:367,29,0,0
BRDA:367,29,1,0
BRDA:376,30,0,0
BRDA:376,30,1,0
BRDA:430,31,0,0
BRDA:430,31,1,0
BRDA:437,32,0,0
BRDA:437,32,1,0
BRDA:446,33,0,0
BRDA:446,33,1,0
BRDA:446,34,0,0
BRDA:446,34,1,0
BRDA:450,35,0,0
BRDA:450,35,1,0
BRDA:457,36,0,0
BRDA:457,36,1,0
BRDA:466,37,0,0
BRDA:466,37,1,0
BRDA:482,38,0,0
BRDA:482,38,1,0
BRDA:482,39,0,0
BRDA:482,39,1,0
BRDA:505,40,0,0
BRDA:505,40,1,0
BRDA:512,41,0,0
BRDA:512,41,1,0
BRDA:542,42,0,0
BRDA:542,42,1,1
BRDA:548,43,0,0
BRDA:548,43,1,1
BRDA:572,44,0,0
BRDA:572,44,1,1
BRDA:578,45,0,0
BRDA:578,45,1,1
BRDA:583,46,0,0
BRDA:583,46,1,1
BRDA:590,47,0,0
BRDA:590,47,1,0
BRDA:662,48,0,1
BRDA:662,48,1,0
BRDA:701,49,0,2
BRDA:702,50,0,2
BRDA:723,51,0,2
BRDA:723,51,1,0
BRDA:723,52,0,2
BRDA:723,52,1,2
BRDA:726,53,0,0
BRDA:726,53,1,2
BRDA:726,54,0,2
BRDA:726,54,1,0
BRDA:729,55,0,0
BRDA:729,55,1,2
BRDA:729,56,0,2
BRDA:729,56,1,0
BRDA:729,56,2,0
BRDA:734,57,0,0
BRDA:734,57,1,2
BRDA:734,58,0,2
BRDA:734,58,1,0
BRDA:734,58,2,0
BRDA:740,59,0,2
BRDA:740,59,1,0
BRDA:740,60,0,2
BRDA:740,60,1,0
BRDA:742,61,0,2
BRDA:742,61,1,0
BRDA:744,62,0,2
BRDA:744,62,1,0
BRDA:744,63,0,2
BRDA:744,63,1,2
BRDA:748,64,0,1
BRDA:748,64,1,1
BRDA:750,65,0,1
BRDA:750,65,1,0
BRDA:750,66,0,1
BRDA:750,66,1,1
BRDA:756,67,0,0
BRDA:756,67,1,2
BRDA:756,68,0,2
BRDA:756,68,1,2
BRDA:758,69,0,0
BRDA:758,69,1,0
BRDA:760,70,0,0
BRDA:760,70,1,0
BRDA:760,71,0,0
BRDA:760,71,1,0
BRDA:764,72,0,0
BRDA:764,72,1,0
BRDA:766,73,0,0
BRDA:766,73,1,0
BRDA:766,74,0,0
BRDA:766,74,1,0
BRDA:772,75,0,0
BRDA:772,75,1,2
BRDA:772,76,0,2
BRDA:772,76,1,2
BRDA:774,77,0,0
BRDA:774,77,1,0
BRDA:776,78,0,0
BRDA:776,78,1,0
BRDA:776,79,0,0
BRDA:776,79,1,0
BRDA:780,80,0,0
BRDA:780,80,1,0
BRDA:782,81,0,0
BRDA:782,81,1,0
BRDA:782,82,0,0
BRDA:782,82,1,0
BRDA:791,83,0,2
BRDA:791,83,1,0
BRDA:791,84,0,2
BRDA:791,84,1,2
BRDA:793,85,0,2
BRDA:793,85,1,0
BRDA:793,86,0,2
BRDA:793,86,1,2
BRDA:793,86,2,2
BRDA:832,87,0,0
BRDA:832,87,1,2
BRDA:836,88,0,1
BRDA:836,88,1,1
BRDA:858,89,0,0
BRDA:858,89,1,3
BRDA:862,90,0,1
BRDA:862,90,1,2
BRDA:868,91,0,1
BRDA:868,91,1,1
BRDA:895,92,0,0
BRDA:895,92,1,0
BRDA:900,93,0,0
BRDA:900,93,1,0
BRDA:905,94,0,0
BRDA:905,94,1,0
BRDA:905,95,0,0
BRDA:905,95,1,0
BRDA:907,96,0,0
BRDA:907,96,1,0
BRDA:909,97,0,0
BRDA:909,97,1,0
BRDA:916,98,0,0
BRDA:916,98,1,0
BRDA:941,99,0,0
BRDA:941,99,1,0
BRDA:946,100,0,0
BRDA:946,100,1,0
BRDA:951,101,0,0
BRDA:951,101,1,0
BRDA:973,102,0,0
BRDA:973,102,1,0
BRDA:978,103,0,0
BRDA:978,103,1,0
BRDA:982,104,0,0
BRDA:982,104,1,0
BRDA:987,105,0,0
BRDA:987,105,1,0
BRDA:987,106,0,0
BRDA:987,106,1,0
BRDA:998,107,0,0
BRDA:998,107,1,0
BRDA:1030,108,0,0
BRDA:1030,108,1,0
BRDA:1035,109,0,0
BRDA:1035,109,1,0
BRDA:1039,110,0,0
BRDA:1039,110,1,0
BRDA:1075,111,0,0
BRDA:1075,111,1,1
BRDA:1079,112,0,0
BRDA:1079,112,1,1
BRDA:1086,113,0,1
BRDA:1086,113,1,0
BRDA:1087,114,0,1
BRDA:1087,114,1,0
BRDA:1088,115,0,1
BRDA:1088,115,1,0
BRF:238
BRH:71
end_of_record
TN:
SF:controllers/tenantController.js
FN:7,(anonymous_0)
FN:90,(anonymous_1)
FN:116,(anonymous_2)
FN:147,(anonymous_3)
FN:174,(anonymous_4)
FN:213,(anonymous_5)
FN:257,(anonymous_6)
FN:269,(anonymous_7)
FN:288,(anonymous_8)
FN:382,(anonymous_9)
FN:415,(anonymous_10)
FN:457,(anonymous_11)
FN:530,(anonymous_12)
FN:584,(anonymous_13)
FN:640,(anonymous_14)
FN:668,(anonymous_15)
FN:703,(anonymous_16)
FN:750,(anonymous_17)
FN:844,(anonymous_18)
FN:867,(anonymous_19)
FN:909,(anonymous_20)
FN:957,(anonymous_21)
FN:997,(anonymous_22)
FN:1042,(anonymous_23)
FN:1080,(anonymous_24)
FNF:25
FNH:18
FNDA:3,(anonymous_0)
FNDA:2,(anonymous_1)
FNDA:79,(anonymous_2)
FNDA:2,(anonymous_3)
FNDA:0,(anonymous_4)
FNDA:0,(anonymous_5)
FNDA:2,(anonymous_6)
FNDA:1,(anonymous_7)
FNDA:4,(anonymous_8)
FNDA:1,(anonymous_9)
FNDA:1,(anonymous_10)
FNDA:3,(anonymous_11)
FNDA:0,(anonymous_12)
FNDA:0,(anonymous_13)
FNDA:0,(anonymous_14)
FNDA:0,(anonymous_15)
FNDA:1,(anonymous_16)
FNDA:2,(anonymous_17)
FNDA:1,(anonymous_18)
FNDA:4,(anonymous_19)
FNDA:4,(anonymous_20)
FNDA:2,(anonymous_21)
FNDA:1,(anonymous_22)
FNDA:0,(anonymous_23)
FNDA:1,(anonymous_24)
DA:7,4
DA:8,3
DA:9,3
DA:12,3
DA:13,0
DA:16,3
DA:19,3
DA:25,3
DA:26,0
DA:30,3
DA:31,1
DA:35,3
DA:36,0
DA:40,3
DA:41,0
DA:45,3
DA:46,0
DA:47,0
DA:49,0
DA:51,0
DA:55,0
DA:57,0
DA:58,0
DA:60,0
DA:61,0
DA:65,3
DA:72,3
DA:74,3
DA:90,4
DA:91,2
DA:103,2
DA:104,1
DA:107,1
DA:116,4
DA:118,79
DA:124,79
DA:129,79
DA:130,0
DA:133,79
DA:136,79
DA:138,79
DA:147,4
DA:149,2
DA:155,2
DA:156,0
DA:160,2
DA:161,1
DA:167,1
DA:168,1
DA:173,1
DA:174,0
DA:175,0
DA:180,0
DA:182,0
DA:187,1
DA:188,1
DA:190,1
DA:191,0
DA:193,1
DA:194,0
DA:196,1
DA:197,0
DA:199,1
DA:200,0
DA:202,1
DA:203,0
DA:205,1
DA:206,0
DA:208,1
DA:209,0
DA:211,1
DA:213,0
DA:214,0
DA:215,0
DA:220,0
DA:222,0
DA:224,0
DA:239,1
DA:240,1
DA:242,1
DA:245,1
DA:246,1
DA:248,1
DA:257,4
DA:258,2
DA:264,2
DA:265,0
DA:269,2
DA:271,2
DA:272,1
DA:278,1
DA:279,1
DA:281,1
DA:288,4
DA:289,4
DA:291,4
DA:297,4
DA:298,0
DA:301,4
DA:306,4
DA:307,0
DA:311,4
DA:312,0
DA:313,0
DA:320,4
DA:321,0
DA:322,0
DA:323,0
DA:325,4
DA:326,1
DA:330,3
DA:343,3
DA:344,3
DA:347,3
DA:348,0
DA:349,0
DA:350,0
DA:351,0
DA:352,0
DA:353,0
DA:355,3
DA:356,3
DA:357,3
DA:358,3
DA:359,3
DA:362,3
DA:365,3
DA:366,3
DA:371,3
DA:382,4
DA:383,1
DA:385,1
DA:391,1
DA:392,0
DA:395,1
DA:400,1
DA:401,0
DA:405,1
DA:406,0
DA:407,0
DA:414,1
DA:416,1
DA:421,1
DA:422,0
DA:426,1
DA:427,1
DA:428,1
DA:431,1
DA:432,0
DA:433,0
DA:434,0
DA:435,0
DA:436,0
DA:439,1
DA:440,1
DA:441,1
DA:444,1
DA:446,1
DA:457,4
DA:458,3
DA:464,3
DA:465,0
DA:469,3
DA:474,3
DA:475,0
DA:479,3
DA:481,0
DA:482,0
DA:483,0
DA:485,0
DA:486,0
DA:490,3
DA:491,0
DA:496,3
DA:499,3
DA:500,0
DA:501,0
DA:502,0
DA:503,0
DA:504,0
DA:505,0
DA:506,0
DA:508,3
DA:509,3
DA:510,3
DA:511,3
DA:512,3
DA:513,3
DA:516,3
DA:519,3
DA:521,3
DA:530,4
DA:531,0
DA:533,0
DA:534,0
DA:537,0
DA:543,0
DA:544,0
DA:548,0
DA:551,0
DA:552,0
DA:553,0
DA:554,0
DA:555,0
DA:556,0
DA:557,0
DA:558,0
DA:559,0
DA:560,0
DA:561,0
DA:564,0
DA:565,0
DA:566,0
DA:568,0
DA:573,0
DA:575,0
DA:584,4
DA:585,0
DA:587,0
DA:599,0
DA:602,0
DA:608,0
DA:609,0
DA:613,0
DA:614,0
DA:615,0
DA:617,0
DA:618,0
DA:621,0
DA:622,0
DA:625,0
DA:626,0
DA:629,0
DA:631,0
DA:640,4
DA:641,0
DA:647,0
DA:648,0
DA:651,0
DA:656,0
DA:657,0
DA:659,0
DA:668,4
DA:669,0
DA:675,0
DA:676,0
DA:679,0
DA:680,0
DA:681,0
DA:684,0
DA:685,0
DA:686,0
DA:688,0
DA:689,0
DA:692,0
DA:694,0
DA:703,4
DA:704,1
DA:734,1
DA:741,1
DA:750,4
DA:762,2
DA:764,2
DA:770,2
DA:771,1
DA:779,2
DA:780,1
DA:784,2
DA:785,0
DA:792,2
DA:793,0
DA:797,2
DA:798,0
DA:802,2
DA:803,0
DA:807,2
DA:808,0
DA:809,0
DA:810,0
DA:812,0
DA:813,0
DA:818,2
DA:819,0
DA:820,0
DA:821,0
DA:823,0
DA:824,0
DA:828,2
DA:834,2
DA:844,4
DA:845,1
DA:851,1
DA:852,0
DA:855,1
DA:857,1
DA:867,4
DA:868,4
DA:874,4
DA:875,0
DA:878,4
DA:880,4
DA:881,0
DA:885,4
DA:888,4
DA:900,4
DA:909,4
DA:910,4
DA:916,4
DA:917,0
DA:920,4
DA:923,4
DA:924,3
DA:926,4
DA:927,2
DA:929,4
DA:930,2
DA:932,4
DA:933,4
DA:935,4
DA:936,0
DA:938,4
DA:939,2
DA:942,4
DA:943,3
DA:946,4
DA:948,4
DA:957,4
DA:958,2
DA:964,2
DA:965,0
DA:968,2
DA:971,2
DA:972,2
DA:974,2
DA:975,2
DA:977,2
DA:978,2
DA:982,2
DA:983,2
DA:985,2
DA:987,2
DA:997,4
DA:998,1
DA:1004,1
DA:1005,0
DA:1009,1
DA:1012,1
DA:1013,1
DA:1015,1
DA:1016,1
DA:1018,1
DA:1019,1
DA:1021,1
DA:1022,0
DA:1024,1
DA:1025,0
DA:1027,1
DA:1028,1
DA:1031,1
DA:1033,1
DA:1042,4
DA:1043,0
DA:1049,0
DA:1050,0
DA:1052,0
DA:1053,0
DA:1056,0
DA:1058,0
DA:1059,0
DA:1060,0
DA:1061,0
DA:1062,0
DA:1063,0
DA:1068,0
DA:1080,4
DA:1081,1
DA:1083,1
DA:1084,0
DA:1087,1
DA:1088,1
DA:1089,0
DA:1092,1
DA:1097,1
DA:1098,0
DA:1101,1
DA:1102,1
DA:1104,1
DA:1105,1
DA:1106,1
DA:1107,1
DA:1109,0
DA:1110,0
DA:1111,0
DA:1112,0
DA:1114,0
DA:1115,0
DA:1117,0
DA:1118,0
DA:1121,1
DA:1123,1
LF:400
LH:221
BRDA:8,0,0,3
BRDA:8,0,1,2
BRDA:9,1,0,3
BRDA:9,1,1,2
BRDA:12,2,0,0
BRDA:12,2,1,3
BRDA:25,3,0,0
BRDA:25,3,1,3
BRDA:30,4,0,1
BRDA:30,4,1,2
BRDA:35,5,0,0
BRDA:35,5,1,3
BRDA:40,6,0,0
BRDA:40,6,1,3
BRDA:45,7,0,0
BRDA:45,7,1,3
BRDA:49,8,0,0
BRDA:49,8,1,0
BRDA:49,8,2,0
BRDA:103,9,0,1
BRDA:103,9,1,1
BRDA:129,10,0,0
BRDA:129,10,1,79
BRDA:155,11,0,0
BRDA:155,11,1,2
BRDA:160,12,0,1
BRDA:160,12,1,1
BRDA:160,13,0,2
BRDA:160,13,1,1
BRDA:167,14,0,1
BRDA:167,14,1,0
BRDA:173,15,0,0
BRDA:173,15,1,1
BRDA:173,16,0,1
BRDA:173,16,1,1
BRDA:175,17,0,0
BRDA:175,17,1,0
BRDA:176,18,0,0
BRDA:176,18,1,0
BRDA:176,18,2,0
BRDA:187,19,0,1
BRDA:187,19,1,0
BRDA:190,20,0,0
BRDA:190,20,1,1
BRDA:193,21,0,0
BRDA:193,21,1,1
BRDA:196,22,0,0
BRDA:196,22,1,1
BRDA:199,23,0,0
BRDA:199,23,1,1
BRDA:202,24,0,0
BRDA:202,24,1,1
BRDA:205,25,0,0
BRDA:205,25,1,1
BRDA:208,26,0,0
BRDA:208,26,1,1
BRDA:211,27,0,0
BRDA:211,27,1,1
BRDA:215,28,0,0
BRDA:215,28,1,0
BRDA:216,29,0,0
BRDA:216,29,1,0
BRDA:216,29,2,0
BRDA:264,30,0,0
BRDA:264,30,1,2
BRDA:271,31,0,1
BRDA:271,31,1,1
BRDA:297,32,0,0
BRDA:297,32,1,4
BRDA:306,33,0,0
BRDA:306,33,1,4
BRDA:311,34,0,0
BRDA:311,34,1,4
BRDA:311,35,0,4
BRDA:311,35,1,4
BRDA:312,36,0,0
BRDA:312,36,1,0
BRDA:320,37,0,0
BRDA:320,37,1,4
BRDA:322,38,0,0
BRDA:322,38,1,0
BRDA:322,39,0,0
BRDA:322,39,1,0
BRDA:322,39,2,0
BRDA:325,40,0,1
BRDA:325,40,1,3
BRDA:325,41,0,4
BRDA:325,41,1,1
BRDA:333,42,0,3
BRDA:333,42,1,0
BRDA:334,43,0,3
BRDA:334,43,1,0
BRDA:335,44,0,3
BRDA:335,44,1,0
BRDA:335,44,2,0
BRDA:336,45,0,3
BRDA:336,45,1,0
BRDA:336,45,2,0
BRDA:337,46,0,3
BRDA:337,46,1,0
BRDA:347,47,0,0
BRDA:347,47,1,3
BRDA:391,48,0,0
BRDA:391,48,1,1
BRDA:400,49,0,0
BRDA:400,49,1,1
BRDA:405,50,0,0
BRDA:405,50,1,1
BRDA:405,51,0,1
BRDA:405,51,1,1
BRDA:406,52,0,0
BRDA:406,52,1,0
BRDA:416,53,0,1
BRDA:416,53,1,1
BRDA:416,53,2,1
BRDA:416,53,3,0
BRDA:421,54,0,0
BRDA:421,54,1,1
BRDA:431,55,0,0
BRDA:431,55,1,1
BRDA:433,56,0,0
BRDA:433,56,1,0
BRDA:464,57,0,0
BRDA:464,57,1,3
BRDA:474,58,0,0
BRDA:474,58,1,3
BRDA:479,59,0,0
BRDA:479,59,1,3
BRDA:482,60,0,0
BRDA:482,60,1,0
BRDA:485,61,0,0
BRDA:485,61,1,0
BRDA:490,62,0,0
BRDA:490,62,1,3
BRDA:499,63,0,0
BRDA:499,63,1,3
BRDA:533,64,0,0
BRDA:533,64,1,0
BRDA:533,65,0,0
BRDA:533,65,1,0
BRDA:543,66,0,0
BRDA:543,66,1,0
BRDA:551,67,0,0
BRDA:551,67,1,0
BRDA:551,68,0,0
BRDA:551,68,1,0
BRDA:553,69,0,0
BRDA:553,69,1,0
BRDA:555,70,0,0
BRDA:555,70,1,0
BRDA:556,71,0,0
BRDA:556,71,1,0
BRDA:558,72,0,0
BRDA:558,72,1,0
BRDA:587,73,0,0
BRDA:587,73,1,0
BRDA:588,74,0,0
BRDA:588,74,1,0
BRDA:608,75,0,0
BRDA:608,75,1,0
BRDA:617,76,0,0
BRDA:617,76,1,0
BRDA:621,77,0,0
BRDA:621,77,1,0
BRDA:625,78,0,0
BRDA:625,78,1,0
BRDA:625,79,0,0
BRDA:625,79,1,0
BRDA:647,80,0,0
BRDA:647,80,1,0
BRDA:675,81,0,0
BRDA:675,81,1,0
BRDA:680,82,0,0
BRDA:680,82,1,0
BRDA:688,83,0,0
BRDA:688,83,1,0
BRDA:734,84,0,1
BRDA:734,84,1,0
BRDA:770,85,0,1
BRDA:770,85,1,1
BRDA:779,86,0,1
BRDA:779,86,1,1
BRDA:784,87,0,0
BRDA:784,87,1,2
BRDA:792,88,0,0
BRDA:792,88,1,2
BRDA:797,89,0,0
BRDA:797,89,1,2
BRDA:802,90,0,0
BRDA:802,90,1,2
BRDA:807,91,0,0
BRDA:807,91,1,2
BRDA:807,92,0,2
BRDA:807,92,1,2
BRDA:809,93,0,0
BRDA:809,93,1,0
BRDA:812,94,0,0
BRDA:812,94,1,0
BRDA:818,95,0,0
BRDA:818,95,1,2
BRDA:818,96,0,2
BRDA:818,96,1,2
BRDA:820,97,0,0
BRDA:820,97,1,0
BRDA:823,98,0,0
BRDA:823,98,1,0
BRDA:851,99,0,0
BRDA:851,99,1,1
BRDA:874,100,0,0
BRDA:874,100,1,4
BRDA:880,101,0,0
BRDA:880,101,1,4
BRDA:880,102,0,4
BRDA:880,102,1,4
BRDA:892,103,0,4
BRDA:892,103,1,1
BRDA:893,104,0,4
BRDA:893,104,1,1
BRDA:894,105,0,4
BRDA:894,105,1,4
BRDA:916,106,0,0
BRDA:916,106,1,4
BRDA:923,107,0,3
BRDA:923,107,1,1
BRDA:926,108,0,2
BRDA:926,108,1,2
BRDA:929,109,0,2
BRDA:929,109,1,2
BRDA:932,110,0,4
BRDA:932,110,1,0
BRDA:935,111,0,0
BRDA:935,111,1,4
BRDA:938,112,0,2
BRDA:938,112,1,2
BRDA:942,113,0,3
BRDA:942,113,1,1
BRDA:964,114,0,0
BRDA:964,114,1,2
BRDA:971,115,0,2
BRDA:971,115,1,0
BRDA:974,116,0,2
BRDA:974,116,1,0
BRDA:977,117,0,2
BRDA:977,117,1,0
BRDA:982,118,0,2
BRDA:982,118,1,0
BRDA:982,119,0,2
BRDA:982,119,1,0
BRDA:1004,120,0,0
BRDA:1004,120,1,1
BRDA:1015,121,0,1
BRDA:1015,121,1,0
BRDA:1018,122,0,1
BRDA:1018,122,1,0
BRDA:1021,123,0,0
BRDA:1021,123,1,1
BRDA:1024,124,0,0
BRDA:1024,124,1,1
BRDA:1027,125,0,1
BRDA:1027,125,1,0
BRDA:1059,126,0,0
BRDA:1059,126,1,0
BRDA:1060,127,0,0
BRDA:1060,127,1,0
BRDA:1062,128,0,0
BRDA:1062,128,1,0
BRDA:1083,129,0,0
BRDA:1083,129,1,1
BRDA:1083,130,0,1
BRDA:1083,130,1,1
BRDA:1083,130,2,1
BRDA:1088,131,0,0
BRDA:1088,131,1,1
BRDA:1097,132,0,0
BRDA:1097,132,1,1
BRDA:1102,133,0,1
BRDA:1102,133,1,0
BRDA:1102,133,2,0
BRDA:1102,133,3,0
BRF:279
BRH:124
end_of_record
TN:
SF:middleware/authMiddleware.js
FN:5,(anonymous_0)
FN:29,(anonymous_1)
FN:30,(anonymous_2)
FNF:3
FNH:1
FNDA:258,(anonymous_0)
FNDA:0,(anonymous_1)
FNDA:0,(anonymous_2)
DA:5,4
DA:7,258
DA:8,255
DA:10,258
DA:11,0
DA:13,258
DA:14,3
DA:16,255
DA:17,255
DA:18,255
DA:19,255
DA:20,0
DA:22,255
DA:23,255
DA:25,0
DA:29,4
DA:30,0
DA:31,0
DA:32,0
DA:34,0
LF:20
LH:13
BRDA:7,0,0,255
BRDA:7,0,1,3
BRDA:7,1,0,258
BRDA:7,1,1,255
BRDA:10,2,0,0
BRDA:10,2,1,258
BRDA:10,3,0,258
BRDA:10,3,1,3
BRDA:10,3,2,3
BRDA:13,4,0,3
BRDA:13,4,1,255
BRDA:19,5,0,0
BRDA:19,5,1,255
BRDA:31,6,0,0
BRDA:31,6,1,0
BRF:15
BRH:11
end_of_record
TN:
SF:middleware/csrfMiddleware.js
FN:6,(anonymous_0)
FN:40,(anonymous_1)
FN:74,(anonymous_2)
FN:79,(anonymous_3)
FNF:4
FNH:1
FNDA:567,(anonymous_0)
FNDA:0,(anonymous_1)
FNDA:0,(anonymous_2)
FNDA:0,(anonymous_3)
DA:6,4
DA:8,567
DA:9,567
DA:13,0
DA:14,0
DA:18,0
DA:19,0
DA:23,0
DA:24,0
DA:27,0
DA:35,0
DA:36,0
DA:37,0
DA:39,0
DA:40,0
DA:42,0
DA:43,0
DA:46,0
DA:47,0
DA:48,0
DA:51,0
DA:58,0
DA:59,0
DA:60,0
DA:61,0
DA:64,0
DA:70,0
DA:74,4
DA:75,0
DA:79,4
DA:80,0
DA:81,0
DA:83,0
LF:33
LH:5
BRDA:8,0,0,567
BRDA:8,0,1,0
BRDA:13,1,0,0
BRDA:13,1,1,0
BRDA:13,2,0,0
BRDA:13,2,1,0
BRDA:13,2,2,0
BRDA:18,3,0,0
BRDA:18,3,1,0
BRDA:39,4,0,0
BRDA:39,4,1,0
BRDA:40,5,0,0
BRDA:40,5,1,0
BRDA:46,6,0,0
BRDA:46,6,1,0
BRDA:46,7,0,0
BRDA:46,7,1,0
BRDA:47,8,0,0
BRDA:47,8,1,0
BRDA:47,9,0,0
BRDA:47,9,1,0
BRDA:59,10,0,0
BRDA:59,10,1,0
BRDA:59,11,0,0
BRDA:59,11,1,0
BRDA:60,12,0,0
BRDA:60,12,1,0
BRDA:60,13,0,0
BRDA:60,13,1,0
BRDA:80,14,0,0
BRDA:80,14,1,0
BRDA:80,15,0,0
BRDA:80,15,1,0
BRF:33
BRH:1
end_of_record
TN:
SF:middleware/rateLimitMiddleware.js
FN:10,(anonymous_0)
FN:19,(anonymous_1)
FN:29,(anonymous_2)
FN:38,(anonymous_3)
FN:50,(anonymous_4)
FN:59,(anonymous_5)
FN:69,(anonymous_6)
FN:78,(anonymous_7)
FN:88,(anonymous_8)
FNF:9
FNH:5
FNDA:489,(anonymous_0)
FNDA:0,(anonymous_1)
FNDA:74,(anonymous_2)
FNDA:0,(anonymous_3)
FNDA:2,(anonymous_4)
FNDA:0,(anonymous_5)
FNDA:2,(anonymous_6)
FNDA:0,(anonymous_7)
FNDA:223,(anonymous_8)
DA:6,4
DA:9,4
DA:10,489
DA:20,0
DA:21,0
DA:28,4
DA:29,74
DA:39,0
DA:42,0
DA:49,4
DA:50,2
DA:60,0
DA:61,0
DA:68,4
DA:69,2
DA:79,0
DA:80,0
DA:87,4
DA:88,223
LF:19
LH:11
BRDA:9,0,0,4
BRDA:9,0,1,0
BRDA:28,1,0,4
BRDA:28,1,1,0
BRDA:49,2,0,4
BRDA:49,2,1,0
BRDA:68,3,0,4
BRDA:68,3,1,0
BRDA:87,4,0,4
BRDA:87,4,1,0
BRF:10
BRH:5
end_of_record
TN:
SF:middleware/validateMiddleware.js
FN:3,(anonymous_0)
FNF:1
FNH:1
FNDA:297,(anonymous_0)
DA:3,4
DA:4,297
DA:5,297
DA:6,5
DA:8,292
LF:5
LH:5
BRDA:5,0,0,5
BRDA:5,0,1,292
BRF:2
BRH:2
end_of_record
TN:
SF:models/Property.js
FN:218,(anonymous_0)
FN:391,(anonymous_1)
FN:397,(anonymous_2)
FN:400,(anonymous_3)
FN:414,(anonymous_4)
FN:427,(anonymous_5)
FN:432,(anonymous_6)
FN:444,(anonymous_7)
FN:446,(anonymous_8)
FNF:9
FNH:6
FNDA:1,(anonymous_0)
FNDA:71,(anonymous_1)
FNDA:71,(anonymous_2)
FNDA:0,(anonymous_3)
FNDA:0,(anonymous_4)
FNDA:80,(anonymous_5)
FNDA:80,(anonymous_6)
FNDA:80,(anonymous_7)
FNDA:0,(anonymous_8)
DA:3,4
DA:220,1
DA:221,1
DA:383,4
DA:384,4
DA:385,4
DA:386,4
DA:387,4
DA:388,4
DA:391,4
DA:392,71
DA:393,71
DA:397,4
DA:398,71
DA:399,0
DA:400,0
DA:401,0
DA:402,0
DA:407,0
DA:408,0
DA:412,0
DA:413,0
DA:414,0
DA:415,0
DA:416,0
DA:417,0
DA:418,0
DA:423,71
DA:427,4
DA:428,80
DA:432,4
DA:433,80
DA:435,80
DA:440,80
DA:444,4
DA:445,80
DA:446,0
DA:447,0
DA:449,80
DA:453,4
DA:454,4
DA:456,4
LF:42
LH:27
BRDA:221,0,0,1
BRDA:221,0,1,1
BRDA:398,1,0,0
BRDA:398,1,1,71
BRDA:398,2,0,71
BRDA:398,2,1,71
BRDA:401,3,0,0
BRDA:401,3,1,0
BRDA:407,4,0,0
BRDA:407,4,1,0
BRDA:407,5,0,0
BRDA:407,5,1,0
BRDA:412,6,0,0
BRDA:412,6,1,0
BRDA:415,7,0,0
BRDA:415,7,1,0
BRDA:415,8,0,0
BRDA:415,8,1,0
BRDA:417,9,0,0
BRDA:417,9,1,0
BRDA:417,10,0,0
BRDA:417,10,1,0
BRDA:433,11,0,80
BRDA:433,11,1,11
BRDA:435,12,0,80
BRDA:435,12,1,80
BRDA:436,13,0,80
BRDA:436,13,1,80
BRDA:437,14,0,80
BRDA:437,14,1,80
BRDA:438,15,0,80
BRDA:438,15,1,80
BRDA:439,16,0,80
BRDA:439,16,1,80
BRDA:445,17,0,0
BRDA:445,17,1,80
BRDA:445,18,0,80
BRDA:445,18,1,71
BRDA:447,19,0,0
BRDA:447,19,1,0
BRF:40
BRH:20
end_of_record
TN:
SF:models/Tenant.js
FN:39,(anonymous_0)
FN:1218,(anonymous_1)
FN:1232,(anonymous_2)
FN:1234,(anonymous_3)
FN:1247,(anonymous_4)
FN:1256,(anonymous_5)
FN:1262,(anonymous_6)
FN:1277,(anonymous_7)
FN:1281,(anonymous_8)
FN:1285,(anonymous_9)
FN:1294,(anonymous_10)
FN:1312,(anonymous_11)
FN:1326,(anonymous_12)
FN:1337,(anonymous_13)
FN:1347,(anonymous_14)
FN:1388,(anonymous_15)
FN:1393,(anonymous_16)
FN:1398,(anonymous_17)
FN:1404,(anonymous_18)
FN:1415,(anonymous_19)
FN:1438,(anonymous_20)
FN:1479,(anonymous_21)
FN:1544,(anonymous_22)
FNF:23
FNH:20
FNDA:114,(anonymous_0)
FNDA:110,(anonymous_1)
FNDA:110,(anonymous_2)
FNDA:9,(anonymous_3)
FNDA:104,(anonymous_4)
FNDA:104,(anonymous_5)
FNDA:105,(anonymous_6)
FNDA:103,(anonymous_7)
FNDA:7,(anonymous_8)
FNDA:103,(anonymous_9)
FNDA:106,(anonymous_10)
FNDA:105,(anonymous_11)
FNDA:103,(anonymous_12)
FNDA:103,(anonymous_13)
FNDA:104,(anonymous_14)
FNDA:0,(anonymous_15)
FNDA:0,(anonymous_16)
FNDA:4,(anonymous_17)
FNDA:0,(anonymous_18)
FNDA:6,(anonymous_19)
FNDA:6,(anonymous_20)
FNDA:212,(anonymous_21)
FNDA:4,(anonymous_22)
DA:5,4
DA:40,114
DA:41,114
DA:42,114
DA:1202,4
DA:1203,4
DA:1204,4
DA:1205,4
DA:1206,4
DA:1207,4
DA:1208,4
DA:1211,4
DA:1218,4
DA:1219,110
DA:1221,91
DA:1222,91
DA:1223,91
DA:1226,110
DA:1227,110
DA:1228,110
DA:1232,4
DA:1233,110
DA:1234,9
DA:1235,9
DA:1236,9
DA:1240,110
DA:1247,4
DA:1248,104
DA:1249,104
DA:1250,0
DA:1252,104
DA:1256,4
DA:1257,104
DA:1258,104
DA:1262,4
DA:1263,105
DA:1264,3
DA:1266,102
DA:1267,102
DA:1268,102
DA:1269,102
DA:1270,102
DA:1271,0
DA:1273,102
DA:1277,4
DA:1278,103
DA:1279,96
DA:1281,7
DA:1285,4
DA:1286,103
DA:1287,103
DA:1288,3
DA:1290,100
DA:1294,4
DA:1295,106
DA:1296,106
DA:1297,42
DA:1300,64
DA:1308,64
DA:1312,4
DA:1313,105
DA:1314,105
DA:1315,101
DA:1317,4
DA:1318,4
DA:1326,4
DA:1327,103
DA:1328,3
DA:1330,100
DA:1331,100
DA:1332,100
DA:1333,100
DA:1337,4
DA:1338,103
DA:1339,103
DA:1341,0
DA:1342,0
DA:1347,4
DA:1348,104
DA:1349,104
DA:1350,104
DA:1353,104
DA:1354,0
DA:1358,104
DA:1361,3
DA:1366,60
DA:1371,41
DA:1375,0
DA:1378,0
DA:1379,0
DA:1384,4
DA:1385,4
DA:1388,4
DA:1389,0
DA:1393,4
DA:1394,0
DA:1398,4
DA:1399,4
DA:1400,4
DA:1404,4
DA:1405,0
DA:1406,0
DA:1407,0
DA:1408,0
DA:1409,0
DA:1411,0
DA:1415,4
DA:1416,6
DA:1417,6
DA:1419,6
DA:1420,1
DA:1423,5
DA:1424,5
DA:1426,5
DA:1427,3
DA:1430,2
DA:1438,4
DA:1439,6
DA:1443,6
DA:1444,6
DA:1446,6
DA:1447,2
DA:1448,2
DA:1449,2
DA:1450,4
DA:1452,3
DA:1454,3
DA:1455,3
DA:1457,1
DA:1460,5
DA:1461,5
DA:1463,5
DA:1464,4
DA:1471,1
DA:1479,4
DA:1480,212
DA:1481,212
DA:1486,212
DA:1487,6
DA:1488,6
DA:1492,212
DA:1493,212
DA:1494,0
DA:1495,0
DA:1496,212
DA:1497,202
DA:1498,202
DA:1499,196
DA:1501,10
DA:1502,0
DA:1503,0
DA:1504,0
DA:1510,212
DA:1514,212
DA:1515,83
DA:1516,83
DA:1520,212
DA:1521,0
DA:1522,0
DA:1526,212
DA:1530,0
DA:1531,0
DA:1532,0
DA:1536,212
DA:1544,4
DA:1545,4
DA:1546,4
DA:1547,4
DA:1549,4
DA:1550,4
DA:1553,4
DA:1554,2
DA:1555,2
DA:1558,4
DA:1559,1
DA:1560,1
DA:1563,4
DA:1584,4
LF:178
LH:152
BRDA:1219,0,0,91
BRDA:1219,0,1,19
BRDA:1233,1,0,9
BRDA:1233,1,1,101
BRDA:1233,2,0,110
BRDA:1233,2,1,110
BRDA:1235,3,0,9
BRDA:1235,3,1,0
BRDA:1235,4,0,9
BRDA:1235,4,1,0
BRDA:1249,5,0,0
BRDA:1249,5,1,104
BRDA:1249,6,0,104
BRDA:1249,6,1,1
BRDA:1258,7,0,104
BRDA:1258,7,1,102
BRDA:1263,8,0,3
BRDA:1263,8,1,102
BRDA:1270,9,0,0
BRDA:1270,9,1,102
BRDA:1270,10,0,102
BRDA:1270,10,1,102
BRDA:1270,10,2,0
BRDA:1278,11,0,96
BRDA:1278,11,1,7
BRDA:1278,12,0,103
BRDA:1278,12,1,100
BRDA:1281,13,0,7
BRDA:1281,13,1,4
BRDA:1287,14,0,3
BRDA:1287,14,1,100
BRDA:1296,15,0,42
BRDA:1296,15,1,64
BRDA:1314,16,0,101
BRDA:1314,16,1,4
BRDA:1314,17,0,105
BRDA:1314,17,1,4
BRDA:1317,18,0,4
BRDA:1317,18,1,0
BRDA:1317,19,0,4
BRDA:1317,19,1,0
BRDA:1327,20,0,3
BRDA:1327,20,1,100
BRDA:1350,21,0,104
BRDA:1350,21,1,3
BRDA:1353,22,0,0
BRDA:1353,22,1,104
BRDA:1358,23,0,3
BRDA:1358,23,1,60
BRDA:1358,23,2,41
BRDA:1358,23,3,0
BRDA:1361,24,0,0
BRDA:1361,24,1,3
BRDA:1366,25,0,0
BRDA:1366,25,1,60
BRDA:1371,26,0,0
BRDA:1371,26,1,41
BRDA:1379,27,0,0
BRDA:1379,27,1,0
BRDA:1406,28,0,0
BRDA:1406,28,1,0
BRDA:1419,29,0,1
BRDA:1419,29,1,5
BRDA:1419,30,0,6
BRDA:1419,30,1,1
BRDA:1423,31,0,5
BRDA:1423,31,1,0
BRDA:1424,32,0,5
BRDA:1424,32,1,0
BRDA:1426,33,0,3
BRDA:1426,33,1,2
BRDA:1446,34,0,2
BRDA:1446,34,1,4
BRDA:1448,35,0,2
BRDA:1448,35,1,0
BRDA:1449,36,0,2
BRDA:1449,36,1,0
BRDA:1450,37,0,3
BRDA:1450,37,1,1
BRDA:1454,38,0,3
BRDA:1454,38,1,3
BRDA:1455,39,0,3
BRDA:1455,39,1,3
BRDA:1463,40,0,4
BRDA:1463,40,1,1
BRDA:1486,41,0,6
BRDA:1486,41,1,206
BRDA:1493,42,0,0
BRDA:1493,42,1,212
BRDA:1496,43,0,202
BRDA:1496,43,1,10
BRDA:1496,44,0,212
BRDA:1496,44,1,16
BRDA:1498,45,0,196
BRDA:1498,45,1,6
BRDA:1501,46,0,0
BRDA:1501,46,1,10
BRDA:1502,47,0,0
BRDA:1502,47,1,0
BRDA:1503,48,0,0
BRDA:1503,48,1,0
BRDA:1510,49,0,212
BRDA:1510,49,1,85
BRDA:1510,49,2,85
BRDA:1514,50,0,83
BRDA:1514,50,1,129
BRDA:1520,51,0,0
BRDA:1520,51,1,212
BRDA:1520,52,0,212
BRDA:1520,52,1,0
BRDA:1526,53,0,0
BRDA:1526,53,1,212
BRDA:1527,54,0,212
BRDA:1527,54,1,0
BRDA:1531,55,0,0
BRDA:1531,55,1,0
BRDA:1539,56,0,8
BRDA:1539,56,1,204
BRDA:1553,57,0,2
BRDA:1553,57,1,2
BRDA:1558,58,0,1
BRDA:1558,58,1,3
BRDA:1567,59,0,2
BRDA:1567,59,1,2
BRDA:1573,60,0,4
BRDA:1573,60,1,0
BRDA:1574,61,0,4
BRDA:1574,61,1,0
BRDA:1577,62,0,0
BRDA:1577,62,1,4
BRF:130
BRH:95
end_of_record
TN:
SF:models/User.js
FN:52,(anonymous_0)
FN:60,(anonymous_1)
FN:64,(anonymous_2)
FN:71,(anonymous_3)
FNF:4
FNH:3
FNDA:440,(anonymous_0)
FNDA:110,(anonymous_1)
FNDA:111,(anonymous_2)
FNDA:0,(anonymous_3)
DA:6,4
DA:52,4
DA:53,440
DA:54,328
DA:56,112
DA:57,112
DA:60,4
DA:61,110
DA:64,4
DA:65,111
DA:66,111
DA:67,111
DA:68,111
DA:71,4
DA:72,0
DA:73,0
DA:74,0
DA:75,0
DA:78,4
LF:19
LH:15
BRDA:53,0,0,328
BRDA:53,0,1,112
BRF:2
BRH:2
end_of_record
TN:
SF:routes/authRoutes.js
FNF:0
FNH:0
DA:9,4
DA:45,4
DA:84,4
DA:106,4
DA:133,4
DA:166,4
DA:206,4
DA:229,4
DA:264,4
DA:288,4
LF:10
LH:10
BRF:0
BRH:0
end_of_record
TN:
SF:routes/healthRoutes.js
FN:9,(anonymous_0)
FN:41,(anonymous_1)
FNF:2
FNH:0
FNDA:0,(anonymous_0)
FNDA:0,(anonymous_1)
DA:6,4
DA:9,4
DA:10,0
DA:11,0
DA:20,0
DA:21,0
DA:22,0
DA:24,0
DA:28,0
DA:30,0
DA:32,0
DA:41,4
DA:42,0
DA:43,0
DA:57,0
DA:58,0
DA:60,0
DA:63,0
DA:65,0
LF:19
LH:3
BRDA:16,0,0,0
BRDA:16,0,1,0
BRDA:20,1,0,0
BRDA:20,1,1,0
BRDA:57,2,0,0
BRDA:57,2,1,0
BRF:6
BRH:0
end_of_record
TN:
SF:routes/propertyRoutes.js
FNF:0
FNH:0
DA:25,4
DA:28,4
DA:29,4
DA:32,4
DA:33,4
DA:34,4
DA:35,4
DA:36,4
DA:44,4
DA:45,4
DA:52,4
DA:55,4
DA:64,4
DA:73,4
DA:81,4
DA:82,4
DA:85,4
DA:86,4
DA:93,4
DA:94,4
DA:101,4
DA:104,4
DA:111,4
LF:23
LH:23
BRF:0
BRH:0
end_of_record
TN:
SF:routes/tenantRoutes.js
FNF:0
FNH:0
DA:41,4
DA:44,4
DA:47,4
DA:49,4
DA:51,4
DA:53,4
DA:56,4
DA:59,4
DA:60,4
DA:62,4
DA:69,4
DA:71,4
DA:74,4
DA:77,4
DA:79,4
DA:82,4
DA:85,4
DA:88,4
DA:90,4
DA:94,4
LF:20
LH:20
BRF:0
BRH:0
end_of_record
TN:
SF:scripts/debug-tenant-qualification.js
FN:10,(anonymous_0)
FN:21,(anonymous_1)
FN:43,(anonymous_2)
FN:85,(anonymous_3)
FNF:4
FNH:0
FNDA:0,(anonymous_0)
FNDA:0,(anonymous_1)
FNDA:0,(anonymous_2)
FNDA:0,(anonymous_3)
DA:7,0
DA:10,0
DA:11,0
DA:12,0
DA:13,0
DA:15,0
DA:16,0
DA:21,0
DA:22,0
DA:23,0
DA:25,0
DA:26,0
DA:27,0
DA:30,0
DA:31,0
DA:32,0
DA:35,0
DA:37,0
DA:38,0
DA:39,0
DA:41,0
DA:42,0
DA:43,0
DA:44,0
DA:48,0
DA:51,0
DA:54,0
DA:55,0
DA:56,0
DA:61,0
DA:64,0
DA:65,0
DA:66,0
DA:70,0
DA:71,0
DA:74,0
DA:75,0
DA:78,0
DA:80,0
DA:85,0
DA:86,0
DA:89,0
DA:91,0
DA:92,0
DA:93,0
DA:94,0
DA:97,0
DA:100,0
DA:101,0
DA:104,0
LF:50
LH:0
BRDA:25,0,0,0
BRDA:25,0,1,0
BRDA:41,1,0,0
BRDA:41,1,1,0
BRDA:51,2,0,0
BRDA:51,2,1,0
BRDA:54,3,0,0
BRDA:54,3,1,0
BRDA:55,4,0,0
BRDA:55,4,1,0
BRDA:61,5,0,0
BRDA:61,5,1,0
BRDA:61,5,2,0
BRDA:65,6,0,0
BRDA:65,6,1,0
BRDA:70,7,0,0
BRDA:70,7,1,0
BRDA:71,8,0,0
BRDA:71,8,1,0
BRDA:74,9,0,0
BRDA:74,9,1,0
BRDA:75,10,0,0
BRDA:75,10,1,0
BRDA:78,11,0,0
BRDA:78,11,1,0
BRDA:91,12,0,0
BRDA:91,12,1,0
BRF:27
BRH:0
end_of_record
TN:
SF:scripts/deploymentCheck.js
FN:8,checkDeployment
FN:30,(anonymous_1)
FN:69,(anonymous_2)
FN:91,(anonymous_3)
FN:118,(anonymous_4)
FNF:5
FNH:0
FNDA:0,checkDeployment
FNDA:0,(anonymous_1)
FNDA:0,(anonymous_2)
FNDA:0,(anonymous_3)
FNDA:0,(anonymous_4)
DA:6,0
DA:9,0
DA:11,0
DA:20,0
DA:21,0
DA:30,0
DA:32,0
DA:33,0
DA:34,0
DA:36,0
DA:40,0
DA:41,0
DA:42,0
DA:43,0
DA:45,0
DA:46,0
DA:47,0
DA:49,0
DA:52,0
DA:54,0
DA:58,0
DA:59,0
DA:60,0
DA:61,0
DA:63,0
DA:67,0
DA:68,0
DA:69,0
DA:71,0
DA:72,0
DA:73,0
DA:75,0
DA:79,0
DA:80,0
DA:81,0
DA:82,0
DA:84,0
DA:88,0
DA:89,0
DA:91,0
DA:92,0
DA:93,0
DA:94,0
DA:97,0
DA:98,0
DA:100,0
DA:101,0
DA:103,0
DA:104,0
DA:105,0
DA:106,0
DA:107,0
DA:108,0
DA:109,0
DA:111,0
DA:114,0
DA:118,0
DA:119,0
DA:120,0
LF:59
LH:0
BRDA:32,0,0,0
BRDA:32,0,1,0
BRDA:45,1,0,0
BRDA:45,1,1,0
BRDA:59,2,0,0
BRDA:59,2,1,0
BRDA:59,3,0,0
BRDA:59,3,1,0
BRDA:71,4,0,0
BRDA:71,4,1,0
BRDA:80,5,0,0
BRDA:80,5,1,0
BRDA:92,6,0,0
BRDA:92,6,1,0
BRDA:94,7,0,0
BRDA:94,7,1,0
BRDA:103,8,0,0
BRDA:103,8,1,0
BRDA:114,9,0,0
BRDA:114,9,1,0
BRF:20
BRH:0
end_of_record
TN:
SF:scripts/list-tenant-qualifications.js
FN:10,(anonymous_0)
FN:21,(anonymous_1)
FN:27,(anonymous_2)
FN:38,(anonymous_3)
FN:43,(anonymous_4)
FN:54,(anonymous_5)
FN:56,(anonymous_6)
FN:59,(anonymous_7)
FN:73,(anonymous_8)
FNF:9
FNH:0
FNDA:0,(anonymous_0)
FNDA:0,(anonymous_1)
FNDA:0,(anonymous_2)
FNDA:0,(anonymous_3)
FNDA:0,(anonymous_4)
FNDA:0,(anonymous_5)
FNDA:0,(anonymous_6)
FNDA:0,(anonymous_7)
FNDA:0,(anonymous_8)
DA:7,0
DA:10,0
DA:11,0
DA:12,0
DA:13,0
DA:15,0
DA:16,0
DA:21,0
DA:22,0
DA:23,0
DA:25,0
DA:27,0
DA:28,0
DA:29,0
DA:31,0
DA:32,0
DA:33,0
DA:34,0
DA:36,0
DA:37,0
DA:38,0
DA:39,0
DA:41,0
DA:42,0
DA:43,0
DA:44,0
DA:47,0
DA:50,0
DA:54,0
DA:55,0
DA:56,0
DA:58,0
DA:59,0
DA:62,0
DA:63,0
DA:64,0
DA:65,0
DA:66,0
DA:68,0
DA:73,0
DA:74,0
DA:75,0
DA:78,0
DA:79,0
DA:82,0
LF:45
LH:0
BRDA:34,0,0,0
BRDA:34,0,1,0
BRDA:36,1,0,0
BRDA:36,1,1,0
BRDA:41,2,0,0
BRDA:41,2,1,0
BRF:6
BRH:0
end_of_record
TN:
SF:scripts/production-tenant-debug.js
FN:25,(anonymous_0)
FN:35,(anonymous_1)
FN:40,(anonymous_2)
FN:55,(anonymous_3)
FN:79,(anonymous_4)
FNF:5
FNH:0
FNDA:0,(anonymous_0)
FNDA:0,(anonymous_1)
FNDA:0,(anonymous_2)
FNDA:0,(anonymous_3)
FNDA:0,(anonymous_4)
DA:20,0
DA:25,0
DA:26,0
DA:27,0
DA:28,0
DA:30,0
DA:31,0
DA:35,0
DA:36,0
DA:38,0
DA:40,0
DA:41,0
DA:42,0
DA:44,0
DA:45,0
DA:46,0
DA:48,0
DA:49,0
DA:51,0
DA:55,0
DA:56,0
DA:58,0
DA:59,0
DA:60,0
DA:63,0
DA:64,0
DA:66,0
DA:67,0
DA:68,0
DA:69,0
DA:71,0
DA:72,0
DA:73,0
DA:74,0
DA:75,0
DA:76,0
DA:79,0
DA:80,0
DA:81,0
DA:84,0
DA:86,0
DA:88,0
DA:90,0
DA:91,0
DA:94,0
DA:95,0
DA:96,0
DA:97,0
DA:99,0
DA:100,0
DA:103,0
DA:104,0
DA:105,0
DA:106,0
DA:110,0
DA:113,0
LF:56
LH:0
BRDA:28,0,0,0
BRDA:28,0,1,0
BRDA:46,1,0,0
BRDA:46,1,1,0
BRDA:48,2,0,0
BRDA:48,2,1,0
BRDA:58,3,0,0
BRDA:58,3,1,0
BRDA:69,4,0,0
BRDA:69,4,1,0
BRDA:72,5,0,0
BRDA:72,5,1,0
BRDA:73,6,0,0
BRDA:73,6,1,0
BRDA:74,7,0,0
BRDA:74,7,1,0
BRDA:75,8,0,0
BRDA:75,8,1,0
BRDA:76,9,0,0
BRDA:76,9,1,0
BRDA:80,10,0,0
BRDA:80,10,1,0
BRDA:88,11,0,0
BRDA:88,11,1,0
BRDA:88,11,2,0
BRDA:95,12,0,0
BRDA:95,12,1,0
BRF:27
BRH:0
end_of_record
TN:
SF:scripts/testRedis.js
FN:9,testRedis
FNF:1
FNH:0
FNDA:0,testRedis
DA:7,0
DA:10,0
DA:12,0
DA:14,0
DA:15,0
DA:18,0
DA:21,0
DA:22,0
DA:25,0
DA:26,0
DA:29,0
DA:30,0
DA:33,0
DA:34,0
DA:36,0
DA:39,0
DA:47,0
DA:48,0
DA:49,0
DA:51,0
DA:53,0
DA:56,0
DA:57,0
DA:58,0
DA:61,0
DA:62,0
DA:64,0
DA:65,0
DA:66,0
DA:68,0
DA:71,0
DA:73,0
DA:74,0
DA:77,0
DA:78,0
DA:79,0
DA:84,0
LF:37
LH:0
BRF:0
BRH:0
end_of_record
TN:
SF:services/emailService.js
FN:7,(anonymous_0)
FN:14,(anonymous_1)
FN:189,(anonymous_2)
FNF:3
FNH:1
FNDA:0,(anonymous_0)
FNDA:0,(anonymous_1)
FNDA:111,(anonymous_2)
DA:7,4
DA:8,0
DA:9,0
DA:11,0
DA:14,4
DA:16,0
DA:17,0
DA:18,0
DA:21,0
DA:23,0
DA:24,0
DA:175,0
DA:176,0
DA:177,0
DA:182,0
DA:184,0
DA:185,0
DA:189,4
DA:191,111
DA:192,111
DA:195,111
DA:198,0
DA:200,0
DA:201,0
DA:388,0
DA:389,0
DA:390,0
DA:395,0
DA:397,0
DA:398,0
LF:30
LH:6
BRDA:8,0,0,0
BRDA:8,0,1,0
BRDA:16,1,0,0
BRDA:16,1,1,0
BRDA:175,2,0,0
BRDA:175,2,1,0
BRDA:178,3,0,0
BRDA:178,3,1,0
BRDA:191,4,0,111
BRDA:191,4,1,0
BRDA:388,5,0,0
BRDA:388,5,1,0
BRDA:391,6,0,0
BRDA:391,6,1,0
BRF:14
BRH:1
end_of_record
TN:
SF:utils/appError.js
FN:2,(anonymous_0)
FNF:1
FNH:1
FNDA:75,(anonymous_0)
DA:3,75
DA:4,75
DA:5,75
DA:6,75
DA:7,75
LF:5
LH:5
BRDA:5,0,0,75
BRDA:5,0,1,0
BRF:2
BRH:1
end_of_record
TN:
SF:utils/cache.js
FN:35,(anonymous_0)
FN:68,(anonymous_1)
FN:88,(anonymous_2)
FN:112,(anonymous_3)
FN:132,(anonymous_4)
FN:133,(anonymous_5)
FN:138,(anonymous_6)
FN:142,(anonymous_7)
FN:177,(anonymous_8)
FN:178,(anonymous_9)
FN:201,(anonymous_10)
FN:204,(anonymous_11)
FN:227,(anonymous_12)
FNF:13
FNH:2
FNDA:5,(anonymous_0)
FNDA:0,(anonymous_1)
FNDA:63,(anonymous_2)
FNDA:0,(anonymous_3)
FNDA:0,(anonymous_4)
FNDA:0,(anonymous_5)
FNDA:0,(anonymous_6)
FNDA:0,(anonymous_7)
FNDA:0,(anonymous_8)
FNDA:0,(anonymous_9)
FNDA:0,(anonymous_10)
FNDA:0,(anonymous_11)
FNDA:0,(anonymous_12)
DA:10,4
DA:18,4
DA:35,4
DA:36,5
DA:38,5
DA:40,5
DA:41,0
DA:42,0
DA:46,5
DA:47,5
DA:50,3
DA:51,3
DA:52,3
DA:53,0
DA:57,3
DA:59,2
DA:61,2
DA:68,4
DA:69,0
DA:70,0
DA:78,0
DA:79,0
DA:82,0
DA:84,0
DA:88,4
DA:89,63
DA:90,63
DA:95,63
DA:96,63
DA:102,63
DA:103,252
DA:106,63
DA:108,0
DA:112,4
DA:113,0
DA:114,0
DA:119,0
DA:120,0
DA:123,0
DA:125,0
DA:132,4
DA:133,0
DA:135,0
DA:138,0
DA:140,0
DA:142,0
DA:143,0
DA:144,0
DA:145,0
DA:147,0
DA:149,0
DA:150,0
DA:152,0
DA:153,0
DA:155,0
DA:156,0
DA:158,0
DA:161,0
DA:167,0
DA:170,0
DA:177,4
DA:178,0
DA:180,0
DA:181,0
DA:184,0
DA:185,0
DA:187,0
DA:189,0
DA:190,0
DA:191,0
DA:192,0
DA:195,0
DA:198,0
DA:201,0
DA:203,0
DA:204,0
DA:205,0
DA:206,0
DA:207,0
DA:209,0
DA:214,0
DA:217,0
DA:220,0
DA:227,4
DA:228,0
LF:85
LH:27
BRDA:35,0,0,0
BRDA:40,1,0,0
BRDA:40,1,1,5
BRDA:50,2,0,3
BRDA:50,2,1,0
BRDA:52,3,0,0
BRDA:52,3,1,3
BRDA:88,4,0,0
BRDA:95,5,0,63
BRDA:95,5,1,0
BRDA:106,6,0,63
BRDA:106,6,1,0
BRDA:140,7,0,0
BRDA:140,7,1,0
BRDA:140,8,0,0
BRDA:140,8,1,0
BRDA:147,9,0,0
BRDA:147,9,1,0
BRDA:147,9,2,0
BRDA:147,9,3,0
BRDA:177,10,0,0
BRDA:180,11,0,0
BRDA:180,11,1,0
BRDA:185,12,0,0
BRDA:185,12,1,0
BRDA:189,13,0,0
BRDA:189,13,1,0
BRDA:203,14,0,0
BRDA:203,14,1,0
BRDA:203,15,0,0
BRDA:203,15,1,0
BRF:31
BRH:5
end_of_record
TN:
SF:utils/catchAsync.js
FN:1,(anonymous_0)
FN:1,(anonymous_1)
FNF:2
FNH:2
FNDA:164,(anonymous_0)
FNDA:194,(anonymous_1)
DA:1,164
DA:2,194
LF:2
LH:2
BRF:0
BRH:0
end_of_record
TN:
SF:utils/db.js
FN:3,(anonymous_0)
FNF:1
FNH:0
FNDA:0,(anonymous_0)
DA:3,4
DA:4,0
LF:2
LH:1
BRF:0
BRH:0
end_of_record
TN:
SF:utils/imageProcessor.js
FN:22,(anonymous_0)
FN:37,(anonymous_1)
FN:38,(anonymous_2)
FN:112,(anonymous_3)
FN:114,(anonymous_4)
FN:152,(anonymous_5)
FN:153,(anonymous_6)
FN:177,(anonymous_7)
FN:211,(anonymous_8)
FNF:9
FNH:0
FNDA:0,(anonymous_0)
FNDA:0,(anonymous_1)
FNDA:0,(anonymous_2)
FNDA:0,(anonymous_3)
FNDA:0,(anonymous_4)
FNDA:0,(anonymous_5)
FNDA:0,(anonymous_6)
FNDA:0,(anonymous_7)
FNDA:0,(anonymous_8)
DA:6,4
DA:13,4
DA:14,4
DA:22,4
DA:27,0
DA:29,0
DA:31,0
DA:32,0
DA:36,0
DA:37,0
DA:38,0
DA:41,0
DA:44,0
DA:45,0
DA:48,0
DA:49,0
DA:52,0
DA:56,0
DA:59,0
DA:60,0
DA:61,0
DA:62,0
DA:63,0
DA:67,0
DA:68,0
DA:71,0
DA:73,0
DA:77,0
DA:79,0
DA:85,0
DA:87,0
DA:91,0
DA:93,0
DA:98,0
DA:100,0
DA:104,0
DA:106,0
DA:110,0
DA:111,0
DA:112,0
DA:113,0
DA:114,0
DA:119,0
DA:122,0
DA:123,0
DA:127,0
DA:128,0
DA:130,0
DA:132,0
DA:134,0
DA:139,0
DA:141,0
DA:142,0
DA:152,4
DA:153,0
DA:154,0
DA:155,0
DA:156,0
DA:162,0
DA:163,0
DA:171,0
DA:177,4
DA:178,0
DA:180,0
DA:186,0
DA:192,0
DA:198,0
DA:211,4
DA:212,0
DA:218,0
LF:70
LH:7
BRDA:22,0,0,0
BRDA:24,1,0,0
BRDA:25,2,0,0
BRDA:26,3,0,0
BRDA:31,4,0,0
BRDA:31,4,1,0
BRDA:31,5,0,0
BRDA:31,5,1,0
BRDA:44,6,0,0
BRDA:44,6,1,0
BRDA:44,7,0,0
BRDA:44,7,1,0
BRDA:48,8,0,0
BRDA:48,8,1,0
BRDA:48,9,0,0
BRDA:48,9,1,0
BRDA:61,10,0,0
BRDA:61,10,1,0
BRDA:71,11,0,0
BRDA:71,11,1,0
BRDA:71,12,0,0
BRDA:71,12,1,0
BRDA:77,13,0,0
BRDA:77,13,1,0
BRDA:85,14,0,0
BRDA:85,14,1,0
BRDA:85,14,2,0
BRDA:85,14,3,0
BRDA:122,15,0,0
BRDA:122,15,1,0
BRDA:122,16,0,0
BRDA:122,16,1,0
BRDA:127,17,0,0
BRDA:127,17,1,0
BRDA:152,18,0,0
BRDA:177,19,0,0
BRDA:178,20,0,0
BRDA:178,20,1,0
BRDA:178,20,2,0
BRDA:178,20,3,0
BRDA:211,21,0,0
BRDA:218,22,0,0
BRDA:218,22,1,0
BRF:43
BRH:0
end_of_record
TN:
SF:utils/multiUserS3.js
FN:16,(anonymous_0)
FN:33,(anonymous_1)
FN:56,(anonymous_2)
FN:73,(anonymous_3)
FN:96,(anonymous_4)
FN:116,(anonymous_5)
FN:121,(anonymous_6)
FN:152,(anonymous_7)
FN:163,(anonymous_8)
FN:181,(anonymous_9)
FN:189,(anonymous_10)
FNF:11
FNH:1
FNDA:1,(anonymous_0)
FNDA:0,(anonymous_1)
FNDA:0,(anonymous_2)
FNDA:0,(anonymous_3)
FNDA:0,(anonymous_4)
FNDA:0,(anonymous_5)
FNDA:0,(anonymous_6)
FNDA:0,(anonymous_7)
FNDA:0,(anonymous_8)
FNDA:0,(anonymous_9)
FNDA:0,(anonymous_10)
DA:16,4
DA:17,1
DA:18,1
DA:21,1
DA:26,1
DA:28,0
DA:29,0
DA:33,0
DA:34,0
DA:38,0
DA:41,0
DA:43,0
DA:44,0
DA:46,1
DA:47,1
DA:56,4
DA:57,0
DA:58,0
DA:61,0
DA:66,0
DA:68,0
DA:69,0
DA:73,0
DA:74,0
DA:78,0
DA:81,0
DA:83,0
DA:84,0
DA:86,0
DA:87,0
DA:96,4
DA:97,0
DA:98,0
DA:100,0
DA:105,0
DA:107,0
DA:108,0
DA:116,0
DA:117,0
DA:120,0
DA:121,0
DA:122,0
DA:123,0
DA:124,0
DA:128,0
DA:135,0
DA:136,0
DA:152,4
DA:153,0
DA:154,0
DA:155,0
DA:156,0
DA:163,4
DA:164,0
DA:165,0
DA:166,0
DA:168,0
DA:173,0
DA:175,0
DA:176,0
DA:180,0
DA:181,0
DA:184,0
DA:185,0
DA:189,0
DA:190,0
DA:194,0
DA:197,0
DA:199,0
DA:200,0
DA:202,0
DA:203,0
LF:72
LH:11
BRDA:28,0,0,0
BRDA:28,0,1,0
BRDA:28,1,0,0
BRDA:28,1,1,0
BRDA:68,2,0,0
BRDA:68,2,1,0
BRDA:68,3,0,0
BRDA:68,3,1,0
BRDA:107,4,0,0
BRDA:107,4,1,0
BRDA:107,5,0,0
BRDA:107,5,1,0
BRDA:116,6,0,0
BRDA:116,6,1,0
BRDA:123,7,0,0
BRDA:123,7,1,0
BRDA:123,8,0,0
BRDA:123,8,1,0
BRDA:154,9,0,0
BRDA:154,9,1,0
BRDA:175,10,0,0
BRDA:175,10,1,0
BRDA:175,11,0,0
BRDA:175,11,1,0
BRDA:181,12,0,0
BRDA:181,12,1,0
BRDA:184,13,0,0
BRDA:184,13,1,0
BRF:28
BRH:0
end_of_record
TN:
SF:utils/s3Upload.js
FN:15,(anonymous_0)
FN:61,(anonymous_1)
FN:67,(anonymous_2)
FNF:3
FNH:0
FNDA:0,(anonymous_0)
FNDA:0,(anonymous_1)
FNDA:0,(anonymous_2)
DA:15,4
DA:22,0
DA:23,0
DA:24,0
DA:26,0
DA:28,0
DA:41,0
DA:42,0
DA:43,0
DA:46,0
DA:48,0
DA:49,0
DA:61,4
DA:67,0
DA:68,0
DA:69,0
DA:72,0
DA:73,0
LF:18
LH:2
BRDA:19,0,0,0
BRDA:20,1,0,0
BRDA:26,2,0,0
BRDA:26,2,1,0
BRDA:65,3,0,0
BRF:5
BRH:0
end_of_record
TN:
SF:utils/s3Utils.js
FN:10,(anonymous_0)
FN:48,(anonymous_1)
FN:88,(anonymous_2)
FN:111,(anonymous_3)
FNF:4
FNH:0
FNDA:0,(anonymous_0)
FNDA:0,(anonymous_1)
FNDA:0,(anonymous_2)
FNDA:0,(anonymous_3)
DA:10,4
DA:11,0
DA:12,0
DA:15,0
DA:16,0
DA:18,0
DA:19,0
DA:20,0
DA:22,0
DA:25,0
DA:30,0
DA:31,0
DA:33,0
DA:35,0
DA:36,0
DA:37,0
DA:39,0
DA:48,4
DA:49,0
DA:50,0
DA:53,0
DA:54,0
DA:55,0
DA:59,0
DA:61,0
DA:62,0
DA:63,0
DA:64,0
DA:66,0
DA:70,0
DA:71,0
DA:72,0
DA:76,0
DA:78,0
DA:79,0
DA:88,4
DA:89,0
DA:90,0
DA:95,0
DA:96,0
DA:98,0
DA:99,0
DA:101,0
DA:102,0
DA:111,4
DA:112,0
DA:113,0
DA:114,0
LF:48
LH:4
BRDA:15,0,0,0
BRDA:15,0,1,0
BRDA:18,1,0,0
BRDA:18,1,1,0
BRDA:35,2,0,0
BRDA:35,2,1,0
BRDA:53,3,0,0
BRDA:53,3,1,0
BRDA:59,4,0,0
BRDA:59,4,1,0
BRDA:62,5,0,0
BRDA:62,5,1,0
BRDA:66,6,0,0
BRDA:66,6,1,0
BRDA:67,7,0,0
BRDA:67,7,1,0
BRDA:71,8,0,0
BRDA:71,8,1,0
BRDA:98,9,0,0
BRDA:98,9,1,0
BRDA:113,10,0,0
BRDA:113,10,1,0
BRF:22
BRH:0
end_of_record
TN:
SF:utils/scheduledTasks.js
FN:14,(anonymous_0)
FN:23,(anonymous_1)
FN:41,(anonymous_2)
FN:52,(anonymous_3)
FNF:4
FNH:0
FNDA:0,(anonymous_0)
FNDA:0,(anonymous_1)
FNDA:0,(anonymous_2)
FNDA:0,(anonymous_3)
DA:9,4
DA:14,4
DA:16,0
DA:17,0
DA:18,0
DA:22,0
DA:24,0
DA:25,0
DA:26,0
DA:27,0
DA:29,0
DA:35,0
DA:41,4
DA:42,0
DA:43,0
DA:44,0
DA:45,0
DA:52,4
DA:53,0
DA:54,0
DA:55,0
DA:56,0
DA:57,0
DA:59,0
DA:60,0
LF:25
LH:4
BRDA:16,0,0,0
BRDA:16,0,1,0
BRDA:42,1,0,0
BRDA:42,1,1,0
BRF:4
BRH:0
end_of_record
TN:
SF:utils/swagger.js
FNF:0
FNH:0
DA:3,4
DA:31,4
LF:2
LH:2
BRF:0
BRH:0
end_of_record
TN:
SF:validators/authValidators.js
FNF:0
FNH:0
DA:3,4
DA:10,4
DA:15,4
DA:19,4
DA:23,4
LF:5
LH:5
BRF:0
BRH:0
end_of_record
TN:
SF:validators/propertyValidators.js
FN:5,(anonymous_0)
FNF:1
FNH:0
FNDA:0,(anonymous_0)
DA:5,4
DA:7,0
DA:8,0
DA:10,0
DA:14,4
DA:106,4
DA:204,4
DA:213,4
DA:243,4
DA:252,4
DA:302,4
DA:345,4
DA:382,4
LF:13
LH:10
BRDA:7,0,0,0
BRDA:7,0,1,0
BRDA:7,1,0,0
BRDA:7,1,1,0
BRDA:7,1,2,0
BRF:5
BRH:0
end_of_record
TN:
SF:validators/tenantValidators.js
FN:6,(anonymous_0)
FN:9,(anonymous_1)
FN:18,(anonymous_2)
FN:24,(anonymous_3)
FN:69,(anonymous_4)
FN:267,(anonymous_5)
FN:278,(anonymous_6)
FN:289,(anonymous_7)
FN:300,(anonymous_8)
FN:333,(anonymous_9)
FN:369,(anonymous_10)
FN:396,(anonymous_11)
FN:407,(anonymous_12)
FN:444,(anonymous_13)
FN:458,(anonymous_14)
FN:469,(anonymous_15)
FN:480,(anonymous_16)
FN:531,(anonymous_17)
FN:675,(anonymous_18)
FN:716,(anonymous_19)
FN:727,(anonymous_20)
FN:738,(anonymous_21)
FN:851,(anonymous_22)
FNF:23
FNH:17
FNDA:161,(anonymous_0)
FNDA:70,(anonymous_1)
FNDA:12,(anonymous_2)
FNDA:4,(anonymous_3)
FNDA:107,(anonymous_4)
FNDA:71,(anonymous_5)
FNDA:71,(anonymous_6)
FNDA:71,(anonymous_7)
FNDA:71,(anonymous_8)
FNDA:1,(anonymous_9)
FNDA:0,(anonymous_10)
FNDA:0,(anonymous_11)
FNDA:0,(anonymous_12)
FNDA:15,(anonymous_13)
FNDA:15,(anonymous_14)
FNDA:12,(anonymous_15)
FNDA:0,(anonymous_16)
FNDA:0,(anonymous_17)
FNDA:0,(anonymous_18)
FNDA:6,(anonymous_19)
FNDA:5,(anonymous_20)
FNDA:4,(anonymous_21)
FNDA:7,(anonymous_22)
DA:6,4
DA:7,161
DA:8,161
DA:9,70
DA:10,57
DA:12,104
DA:16,4
DA:18,4
DA:19,12
DA:24,4
DA:25,4
DA:31,4
DA:70,107
DA:71,107
DA:72,107
DA:73,107
DA:74,2
DA:76,105
DA:268,71
DA:269,1
DA:271,70
DA:279,71
DA:280,1
DA:282,70
DA:290,71
DA:291,0
DA:293,71
DA:301,71
DA:302,0
DA:304,71
DA:334,1
DA:335,1
DA:337,0
DA:351,4
DA:370,0
DA:371,0
DA:372,0
DA:373,0
DA:374,0
DA:376,0
DA:397,0
DA:398,0
DA:400,0
DA:408,0
DA:409,0
DA:411,0
DA:418,4
DA:445,15
DA:446,15
DA:447,15
DA:448,2
DA:450,13
DA:459,15
DA:460,1
DA:462,14
DA:470,12
DA:471,1
DA:473,11
DA:481,0
DA:482,0
DA:484,0
DA:502,4
DA:532,0
DA:533,0
DA:535,0
DA:554,4
DA:592,4
DA:640,4
DA:676,0
DA:677,0
DA:679,0
DA:686,4
DA:710,4
DA:717,6
DA:718,1
DA:720,5
DA:728,5
DA:729,1
DA:731,4
DA:739,4
DA:740,1
DA:742,3
DA:749,4
DA:786,4
DA:845,4
DA:852,7
DA:853,1
DA:855,6
DA:862,4
DA:863,4
DA:866,4
LF:91
LH:67
BRDA:8,0,0,57
BRDA:8,0,1,104
BRDA:73,1,0,2
BRDA:73,1,1,105
BRDA:268,2,0,1
BRDA:268,2,1,70
BRDA:279,3,0,1
BRDA:279,3,1,70
BRDA:290,4,0,0
BRDA:290,4,1,71
BRDA:301,5,0,0
BRDA:301,5,1,71
BRDA:334,6,0,1
BRDA:334,6,1,0
BRDA:373,7,0,0
BRDA:373,7,1,0
BRDA:397,8,0,0
BRDA:397,8,1,0
BRDA:408,9,0,0
BRDA:408,9,1,0
BRDA:408,10,0,0
BRDA:408,10,1,0
BRDA:447,11,0,2
BRDA:447,11,1,13
BRDA:459,12,0,1
BRDA:459,12,1,14
BRDA:470,13,0,1
BRDA:470,13,1,11
BRDA:481,14,0,0
BRDA:481,14,1,0
BRDA:532,15,0,0
BRDA:532,15,1,0
BRDA:676,16,0,0
BRDA:676,16,1,0
BRDA:717,17,0,1
BRDA:717,17,1,5
BRDA:728,18,0,1
BRDA:728,18,1,4
BRDA:739,19,0,1
BRDA:739,19,1,3
BRDA:852,20,0,1
BRDA:852,20,1,6
BRF:42
BRH:25
end_of_record
